=== Mesh Information ===
Number of tetrahedra: 148000
Number of vertices: 29322
Number of boundary elements: 32146
m1 = -4, m2 = -2, m3 = 4, d = 2.16
# a = 25 um
# sigma0 = 2.25873
# n = 5e+11 1/cm^2, mu = 7.47912 m^2/Vs
# epsilon = (1,0), kcr1 = -0.0311846 1/T
# d = 2.16, kcr = -0, k = 0.001
Time_from_Epoch = 1769729762
time_(s)	Frequency_(GHz)	k	|t_xx|^2	arg(t_xx)	|r_xx|^2	arg(r_xx)	|t_xy|^2	arg(t_xy)	|r_xy|^2	arg(r_xy)	|t_yy|^2	arg(t_yy)	|r_yy|^2	arg(r_yy)	|t_yx|^2	arg(t_yx)	|r_yx|^2	arg(r_yx)	
54.83	1.90854	0.001	0.998297	5.62195e-06	7.25771e-07	-3.14024	3.45347e-23	-1.24048	8.75394e-23	-1.44533	1	6.65816e-11	7.40606e-20	2.90219	4.62172e-24	2.32378	2.46328e-21	-1.55219
80.699	3.81708	0.002	0.998297	1.12439e-05	7.25655e-07	-3.13888	7.16082e-23	-0.44447	5.19052e-23	-0.677506	1	3.49383e-11	1.11705e-18	3.12375	4.25225e-23	2.74065	9.2532e-21	-1.52361
105.559	5.72561	0.003	0.998297	1.68658e-05	7.25463e-07	-3.13752	2.96456e-22	-0.0555213	1.76191e-22	-0.170093	1	2.11013e-11	5.6509e-18	-3.12762	1.89055e-22	3.02984	2.10294e-20	-1.49827
128.725	7.63415	0.004	0.998297	2.24877e-05	7.25194e-07	-3.13617	9.29912e-22	-0.0280533	5.50367e-22	-0.0552739	1	2.09874e-11	1.78572e-17	-3.1161	5.89579e-22	3.12933	3.77464e-20	-1.4731
153.195	9.54269	0.005	0.998297	2.81097e-05	7.24847e-07	-3.13481	2.26854e-21	-0.0231471	1.35656e-21	-0.0474251	1	2.17989e-11	4.35893e-17	-3.10681	1.44283e-21	-3.13901	5.89592e-20	-1.44781
176.108	11.4512	0.006	0.998297	3.37316e-05	7.24424e-07	-3.13346	4.70539e-21	-0.0140622	2.82126e-21	0.00596936	1	2.71844e-11	9.03647e-17	-3.09875	2.99883e-21	3.13654	8.50033e-20	-1.42281
201.622	13.3598	0.007	0.998297	3.93536e-05	7.23925e-07	-3.1321	8.70582e-21	-0.0136536	5.2375e-21	0.0093816	1	3.51469e-11	1.67364e-16	-3.09098	5.55321e-21	3.13571	1.16009e-19	-1.39784
226.633	15.2683	0.008	0.998297	4.49756e-05	7.23348e-07	-3.13075	1.48493e-20	-0.00756936	8.9546e-21	0.0194769	1	4.67086e-11	2.85421e-16	-3.08341	9.47585e-21	-3.14031	1.52545e-19	-1.37327
251.658	17.1768	0.009	0.998297	5.05975e-05	7.22696e-07	-3.12939	2.37849e-20	-0.01003	1.43559e-20	0.0229817	1	6.15007e-11	4.57021e-16	-3.0759	1.51841e-20	-3.13201	1.94525e-19	-1.34899
274.24	19.0854	0.01	0.998297	5.62195e-05	7.21966e-07	-3.12804	3.62528e-20	-0.00909221	2.19035e-20	0.0299447	1	8.23503e-11	6.96266e-16	-3.06851	2.3152e-20	-3.12741	2.42302e-19	-1.32486
298.592	20.9939	0.011	0.998297	6.18415e-05	7.21161e-07	-3.12668	5.30627e-20	-0.0128259	3.2055e-20	0.0311963	1	1.06628e-10	1.01893e-15	-3.0611	3.38936e-20	-3.12617	2.9531e-19	-1.30065
323.976	22.9025	0.012	0.998297	6.74635e-05	7.2028e-07	-3.12532	7.51707e-20	-0.0118167	4.54483e-20	0.036252	1	1.36273e-10	1.44235e-15	-3.05371	4.80085e-20	-3.12427	3.5456e-19	-1.2767
350.247	24.811	0.013	0.998297	7.30856e-05	7.19323e-07	-3.12397	1.03525e-19	-0.0137047	6.25891e-20	0.0396574	1	1.71691e-10	1.98552e-15	-3.04634	6.61055e-20	-3.12465	4.1932e-19	-1.25262
375.707	26.7195	0.014	0.998297	7.87076e-05	7.1829e-07	-3.12261	1.3928e-19	-0.0142928	8.41943e-20	0.0428815	1	2.12715e-10	2.669e-15	-3.03896	8.89394e-20	-3.12182	4.9156e-19	-1.22913
398.728	28.6281	0.015	0.998297	8.43297e-05	7.17182e-07	-3.12126	1.83504e-19	-0.0155431	1.10902e-19	0.0463266	1	2.60233e-10	3.51495e-15	-3.03159	1.17195e-19	-3.12062	5.70098e-19	-1.20568
423.453	30.5366	0.016	0.998297	8.99518e-05	7.15998e-07	-3.1199	2.3754e-19	-0.0157748	1.43542e-19	0.0504837	1	3.14651e-10	4.54703e-15	-3.02422	1.51774e-19	-3.11942	6.55523e-19	-1.18239
448.98	32.4451	0.017	0.998297	9.55739e-05	7.1474e-07	-3.11855	3.02734e-19	-0.0170907	1.8286e-19	0.0530394	1	3.76504e-10	5.79057e-15	-3.01685	1.93473e-19	-3.11794	7.4902e-19	-1.15956
473.987	34.3537	0.018	0.998297	0.000101196	7.13407e-07	-3.1172	3.80543e-19	-0.0181695	2.29771e-19	0.0564067	1	4.45847e-10	7.2723e-15	-3.00947	2.43114e-19	-3.11683	8.49981e-19	-1.1367
497.123	36.2622	0.019	0.998297	0.000106818	7.11999e-07	-3.11584	4.72511e-19	-0.0189922	2.85167e-19	0.0599074	1	5.23323e-10	9.02058e-15	-3.00209	3.01746e-19	-3.11545	9.58872e-19	-1.11401
523.115	38.1708	0.02	0.998297	0.00011244	7.10517e-07	-3.11449	5.80096e-19	-0.0201356	3.49906e-19	0.0630711	1	6.09936e-10	1.10652e-14	-2.99471	3.7058e-19	-3.11329	1.07712e-18	-1.09184
548.13	40.0793	0.021	0.998297	0.000118063	7.08962e-07	-3.11313	7.05163e-19	-0.0206873	4.25102e-19	0.0667722	1	7.05478e-10	1.34374e-14	-2.98732	4.50469e-19	-3.11268	1.20344e-18	-1.06973
573.577	41.9878	0.022	0.998297	0.000123685	7.07333e-07	-3.11178	8.49479e-19	-0.0212397	5.11844e-19	0.070335	1	8.10599e-10	1.61699e-14	-2.97993	5.42495e-19	-3.11166	1.33892e-18	-1.04764
597.068	43.8964	0.023	0.998297	0.000129307	7.05631e-07	-3.11043	1.01479e-18	-0.0224687	6.11021e-19	0.0731144	1	9.25221e-10	1.92969e-14	-2.97253	6.48154e-19	-3.11032	1.48519e-18	-1.02609
619.529	45.8049	0.024	0.998297	0.000134929	7.03856e-07	-3.10907	1.20314e-18	-0.023706	7.23874e-19	0.0760604	1	1.05155e-09	2.2854e-14	-2.96514	7.68525e-19	-3.10861	1.64195e-18	-1.00484
645.561	47.7135	0.025	0.998297	0.000140552	7.02008e-07	-3.10772	1.41679e-18	-0.0247096	8.51802e-19	0.0793615	1	1.18771e-09	2.68781e-14	-2.95773	9.04796e-19	-3.10718	1.8094e-18	-0.983701
670.686	49.622	0.026	0.998297	0.000146174	7.00088e-07	-3.10637	1.65766e-18	-0.0254888	9.95827e-19	0.082803	1	1.33581e-09	3.14075e-14	-2.95032	1.05853e-18	-3.10597	1.98774e-18	-0.962803
694.962	51.5305	0.027	0.998297	0.000151796	6.98097e-07	-3.10501	1.92786e-18	-0.0263621	1.15727e-18	0.0861048	1	1.49536e-09	3.6482e-14	-2.94289	1.23112e-18	-3.10452	2.17868e-18	-0.942262
716.71	53.4391	0.028	0.998298	0.000157419	6.96035e-07	-3.10366	2.22991e-18	-0.0275299	1.33725e-18	0.0891022	1	1.66749e-09	4.21424e-14	-2.93547	1.42391e-18	-3.103	2.3823e-18	-0.92197
739.041	55.3476	0.029	0.998298	0.000163041	6.93901e-07	-3.10231	2.56629e-18	-0.0285124	1.53771e-18	0.092296	1	1.85243e-09	4.84311e-14	-2.92804	1.6385e-18	-3.10162	2.59865e-18	-0.901881
761.666	57.2561	0.03	0.998298	0.000168664	6.91698e-07	-3.10096	2.93938e-18	-0.0293391	1.75957e-18	0.0957021	1	2.04985e-09	5.53916e-14	-2.92059	1.87642e-18	-3.10058	2.82818e-18	-0.881986
786.782	59.1647	0.031	0.998298	0.000174286	6.89424e-07	-3.09961	3.35175e-18	-0.0304912	2.00436e-18	0.0987396	0.999999	2.26193e-09	6.30685e-14	-2.91314	2.13954e-18	-3.09892	3.07316e-18	-0.862506
812.526	61.0732	0.032	0.998298	0.000179909	6.87081e-07	-3.09826	3.80595e-18	-0.0314725	2.27372e-18	0.101981	0.999999	2.48782e-09	7.15078e-14	-2.90569	2.4295e-18	-3.09744	3.33297e-18	-0.84328
837.202	62.9818	0.033	0.998298	0.000185531	6.84669e-07	-3.0969	4.30483e-18	-0.0324093	2.56912e-18	0.105232	0.999999	2.7282e-09	8.07567e-14	-2.89822	2.7477e-18	-3.09628	3.60719e-18	-0.824132
860.094	64.8903	0.034	0.998298	0.000191154	6.82188e-07	-3.09555	4.8515e-18	-0.0333227	2.89221e-18	0.108467	0.999999	2.98379e-09	9.08633e-14	-2.89075	3.09645e-18	-3.09484	3.89921e-18	-0.805415
882.595	66.7988	0.035	0.998298	0.000196777	6.7964e-07	-3.0942	5.44873e-18	-0.0343336	3.24457e-18	0.111671	0.999999	3.25501e-09	1.01877e-13	-2.88327	3.47716e-18	-3.09356	4.20706e-18	-0.786797
906.277	68.7074	0.036	0.998298	0.000202399	6.77024e-07	-3.09285	6.09924e-18	-0.0353386	3.62779e-18	0.114875	0.999999	3.54186e-09	1.13848e-13	-2.87578	3.89208e-18	-3.09215	4.5334e-18	-0.76853
930.085	70.6159	0.037	0.998298	0.000208022	6.74341e-07	-3.0915	6.80688e-18	-0.0362212	4.04406e-18	0.118197	0.999999	3.84502e-09	1.26829e-13	-2.86828	4.34309e-18	-3.09074	4.87846e-18	-0.750514
956.4	72.5244	0.038	0.998298	0.000213645	6.71591e-07	-3.09016	7.57409e-18	-0.0372482	4.49427e-18	0.121363	0.999999	4.16551e-09	1.40871e-13	-2.86077	4.83188e-18	-3.08947	5.24198e-18	-0.732665
981.532	74.433	0.039	0.998298	0.000219268	6.68776e-07	-3.08881	8.40464e-18	-0.0382318	4.98087e-18	0.124601	0.999999	4.50303e-09	1.56028e-13	-2.85325	5.36126e-18	-3.08802	5.62634e-18	-0.715144
1003.36	76.3415	0.04	0.998298	0.000224891	6.65896e-07	-3.08746	9.3017e-18	-0.0392112	5.50518e-18	0.127844	0.999999	4.85832e-09	1.72354e-13	-2.84572	5.93272e-18	-3.08668	6.03098e-18	-0.697815
1026.57	78.2501	0.041	0.998298	0.000230514	6.62951e-07	-3.08611	1.02691e-17	-0.0401344	6.06991e-18	0.131098	0.999999	5.23166e-09	1.89906e-13	-2.83818	6.54891e-18	-3.08528	6.45786e-18	-0.680744
1050.88	80.1586	0.042	0.998298	0.000236137	6.59942e-07	-3.08476	1.13097e-17	-0.0411575	6.67577e-18	0.134273	0.999999	5.62414e-09	2.08738e-13	-2.83063	7.21196e-18	-3.08396	6.90656e-18	-0.663888
1074.54	82.0671	0.043	0.998298	0.00024176	6.5687e-07	-3.08342	1.2428e-17	-0.0421191	7.32584e-18	0.13753	0.999999	6.0357e-09	2.28909e-13	-2.82307	7.92433e-18	-3.08246	7.37971e-18	-0.647352
1098.16	83.9757	0.044	0.998299	0.000247383	6.53735e-07	-3.08207	1.36272e-17	-0.0431152	8.02112e-18	0.140728	0.999999	6.46676e-09	2.50475e-13	-2.8155	8.68776e-18	-3.08112	7.87673e-18	-0.630966
1123.57	85.8842	0.045	0.998299	0.000253006	6.50538e-07	-3.08072	1.49115e-17	-0.044069	8.76439e-18	0.143999	0.999999	6.91824e-09	2.73496e-13	-2.80792	9.50575e-18	-3.07969	8.3987e-18	-0.614838
1146.98	87.7928	0.046	0.998299	0.000258629	6.4728e-07	-3.07938	1.62847e-17	-0.0450016	9.55729e-18	0.147281	0.999999	7.38961e-09	2.98032e-13	-2.80032	1.03795e-17	-3.07839	8.94575e-18	-0.598834
1169.26	89.7013	0.047	0.998299	0.000264253	6.43961e-07	-3.07803	1.77505e-17	-0.046063	1.04015e-17	0.150436	0.999999	7.88257e-09	3.24141e-13	-2.79271	1.13124e-17	-3.07699	9.52085e-18	-0.583107
1195.5	91.6098	0.048	0.998299	0.000269876	6.40582e-07	-3.07669	1.93136e-17	-0.0470051	1.13002e-17	0.153725	0.999999	8.3968e-09	3.51885e-13	-2.78509	1.23071e-17	-3.07562	1.01235e-17	-0.567585
1220.55	93.5184	0.049	0.998299	0.000275499	6.37143e-07	-3.07535	2.09776e-17	-0.0479668	1.22543e-17	0.15697	0.999999	8.93318e-09	3.81326e-13	-2.77746	1.33657e-17	-3.07424	1.07551e-17	-0.552261
1244.07	95.4269	0.05	0.998299	0.000281123	6.33646e-07	-3.074	2.27478e-17	-0.048946	1.32665e-17	0.160232	0.999999	9.49151e-09	4.12525e-13	-2.76982	1.44916e-17	-3.07287	1.14165e-17	-0.537167
1270.12	97.3354	0.051	0.998299	0.000286746	6.30091e-07	-3.07266	2.46274e-17	-0.049911	1.43392e-17	0.163468	0.999999	1.0073e-08	4.45546e-13	-2.76216	1.56867e-17	-3.07148	1.21089e-17	-0.522236
1294.05	99.244	0.052	0.998299	0.00029237	6.26478e-07	-3.07132	2.66219e-17	-0.0509112	1.54741e-17	0.166703	0.999999	1.06777e-08	4.8045e-13	-2.75449	1.69545e-17	-3.07014	1.28327e-17	-0.507501
1315.83	101.153	0.053	0.998299	0.000297994	6.2281e-07	-3.06998	2.8735e-17	-0.0518933	1.66736e-17	0.169952	0.999999	1.13064e-08	5.17302e-13	-2.74681	1.8298e-17	-3.06874	1.35896e-17	-0.49298
1338.97	103.061	0.054	0.998299	0.000303617	6.19085e-07	-3.06863	3.09722e-17	-0.0528546	1.79403e-17	0.173221	0.999998	1.19589e-08	5.56166e-13	-2.73911	1.97199e-17	-3.06735	1.43807e-17	-0.478647
1362.72	104.97	0.055	0.998299	0.000309241	6.15306e-07	-3.06729	3.33376e-17	-0.053813	1.9276e-17	0.176488	0.999998	1.26365e-08	5.97106e-13	-2.7314	2.12222e-17	-3.066	1.52064e-17	-0.464449
1387.6	106.878	0.056	0.9983	0.000314865	6.11473e-07	-3.06595	3.5837e-17	-0.0548094	2.06836e-17	0.179739	0.999998	1.33388e-08	6.40188e-13	-2.72367	2.28093e-17	-3.06464	1.60682e-17	-0.450438
1412.01	108.787	0.057	0.9983	0.000320489	6.07586e-07	-3.06461	3.84741e-17	-0.0557995	2.21645e-17	0.182987	0.999998	1.40672e-08	6.85476e-13	-2.71593	2.44846e-17	-3.06322	1.69676e-17	-0.436665
1436.61	110.695	0.058	0.9983	0.000326113	6.03647e-07	-3.06328	4.12551e-17	-0.0567455	2.37222e-17	0.186277	0.999998	1.48215e-08	7.33036e-13	-2.70817	2.62499e-17	-3.06189	1.79045e-17	-0.422984
1463.71	112.604	0.059	0.9983	0.000331737	5.99656e-07	-3.06194	4.41842e-17	-0.0577092	2.53581e-17	0.189551	0.999998	1.56023e-08	7.82934e-13	-2.7004	2.8109e-17	-3.0605	1.88812e-17	-0.409499
1487.72	114.512	0.06	0.9983	0.000337361	5.95615e-07	-3.0606	4.72669e-17	-0.0587091	2.70742e-17	0.192801	0.999998	1.64103e-08	8.35236e-13	-2.69262	3.00655e-17	-3.05912	1.98987e-17	-0.39619
1513.95	116.421	0.061	0.9983	0.000342985	5.91523e-07	-3.05927	5.05099e-17	-0.0596787	2.88744e-17	0.196089	0.999998	1.72455e-08	8.90009e-13	-2.68481	3.21227e-17	-3.05776	2.0957e-17	-0.38302
1538.07	118.329	0.062	0.9983	0.000348609	5.87382e-07	-3.05793	5.39163e-17	-0.0606488	3.076e-17	0.199375	0.999998	1.81087e-08	9.47319e-13	-2.67699	3.42834e-17	-3.05638	2.2059e-17	-0.370013
