=== Mesh Information ===
Number of tetrahedra: 148000
Number of vertices: 29322
Number of boundary elements: 32146
m1 = -4, m2 = -2, m3 = 4, d = 2.16
# a = 25 um
# sigma0 = 2.25873
# n = 5e+11 1/cm^2, mu = 7.47912 m^2/Vs
# epsilon = (1,0), kcr1 = -0.0311846 1/T
# d = 2.16, kcr = -0, k = 0.001
Time_from_Epoch = 1769736467
time_(s)	Frequency_(GHz)	k	|t_xx|^2	arg(t_xx)	|r_xx|^2	arg(r_xx)	|t_xy|^2	arg(t_xy)	|r_xy|^2	arg(r_xy)	|t_yy|^2	arg(t_yy)	|r_yy|^2	arg(r_yy)	|t_yx|^2	arg(t_yx)	|r_yx|^2	arg(r_yx)	
54.817	152.683	0.08	0.997987	0.00572168	2.77169e-05	1.73837	1.09518e-13	-1.03068	8.79487e-14	-1.27283	0.999682	0.00524819	2.75543e-05	1.60358	8.65785e-14	-1.71253	8.99305e-14	-1.28174
77.556	154.592	0.081	0.99797	0.00586456	2.9163e-05	1.73516	1.33108e-13	-1.05354	1.09219e-13	-1.28261	0.999666	0.00538455	2.90058e-05	1.60443	1.0725e-13	-1.69207	1.11496e-13	-1.29069
101.174	156.5	0.082	0.997953	0.0060121	3.06984e-05	1.73207	1.61646e-13	-1.07451	1.35167e-13	-1.29124	0.999648	0.00552554	3.05458e-05	1.60531	1.32475e-13	-1.67322	1.37776e-13	-1.29857
125.824	158.409	0.083	0.997934	0.00616457	3.23302e-05	1.7291	1.96153e-13	-1.09375	1.66777e-13	-1.29885	0.999629	0.0056714	3.21811e-05	1.60622	1.63218e-13	-1.65575	1.69765e-13	-1.30552
149.656	160.317	0.084	0.997914	0.00632226	3.40661e-05	1.72623	2.37866e-13	-1.11142	2.05246e-13	-1.30556	0.999609	0.00582243	3.39194e-05	1.60716	2.00648e-13	-1.6395	2.08663e-13	-1.31165
172.047	162.226	0.085	0.997893	0.00648548	3.59146e-05	1.72349	2.88285e-13	-1.12766	2.52028e-13	-1.31147	0.999588	0.00597893	3.57691e-05	1.60813	2.46189e-13	-1.62431	2.55933e-13	-1.31703
195.147	164.134	0.086	0.99787	0.00665456	3.78852e-05	1.72085	3.49234e-13	-1.1426	3.0889e-13	-1.31666	0.999565	0.00614123	3.77393e-05	1.60915	3.01571e-13	-1.61005	3.13352e-13	-1.32174
217.786	166.043	0.087	0.997846	0.00682986	3.99883e-05	1.71833	4.22929e-13	-1.15633	3.77987e-13	-1.32119	0.999541	0.00630969	3.98404e-05	1.6102	3.68906e-13	-1.5966	3.83086e-13	-1.32585
240.109	167.951	0.088	0.99782	0.00701179	4.22355e-05	1.71592	5.12079e-13	-1.16895	4.61953e-13	-1.32513	0.999515	0.0064847	4.20836e-05	1.61129	4.50775e-13	-1.58388	4.6778e-13	-1.3294
262.323	169.86	0.089	0.997793	0.00720076	4.46394e-05	1.71363	6.19986e-13	-1.18054	5.64006e-13	-1.32852	0.999488	0.00666668	4.44815e-05	1.61243	5.50337e-13	-1.57179	5.70671e-13	-1.33245
284.659	171.768	0.09	0.997763	0.00739723	4.72143e-05	1.71146	7.507e-13	-1.19118	6.88095e-13	-1.33141	0.999458	0.00685608	4.7048e-05	1.61361	6.71464e-13	-1.56025	6.95723e-13	-1.33501
307.629	173.677	0.091	0.997732	0.00760172	4.99761e-05	1.7094	9.0919e-13	-1.20093	8.39075e-13	-1.33382	0.999427	0.00705339	4.97987e-05	1.61484	8.18922e-13	-1.54921	8.47813e-13	-1.33713
329.989	175.586	0.092	0.997698	0.00781476	5.29425e-05	1.70747	1.10157e-12	-1.20984	1.02292e-12	-1.33578	0.999393	0.00725916	5.27509e-05	1.61613	9.98582e-13	-1.53859	1.03294e-12	-1.33883
352.345	177.494	0.093	0.997661	0.00803695	5.61332e-05	1.70566	1.33539e-12	-1.21797	1.24702e-12	-1.33733	0.999356	0.00747397	5.59239e-05	1.61748	1.2177e-12	-1.52835	1.25854e-12	-1.34013
374.734	179.403	0.094	0.997622	0.00826896	5.95705e-05	1.70398	1.61998e-12	-1.22536	1.52051e-12	-1.33847	0.999317	0.00769847	5.93396e-05	1.61888	1.48528e-12	-1.51843	1.53377e-12	-1.34105
396.979	181.311	0.095	0.997579	0.00851149	6.32794e-05	1.70242	1.96694e-12	-1.23205	1.85477e-12	-1.33922	0.999275	0.00793337	6.30223e-05	1.62035	1.81248e-12	-1.50879	1.87007e-12	-1.34159
420.901	183.22	0.096	0.997533	0.00876533	6.72882e-05	1.701	2.3907e-12	-1.23806	2.26396e-12	-1.33959	0.999229	0.00817944	6.69998e-05	1.62189	2.21325e-12	-1.49939	2.28164e-12	-1.34178
447.282	185.128	0.097	0.997483	0.00903135	7.16286e-05	1.69971	2.90931e-12	-1.24342	2.76579e-12	-1.3396	0.999179	0.00843753	7.13031e-05	1.62351	2.70503e-12	-1.49018	2.78629e-12	-1.34161
471.212	187.037	0.098	0.997429	0.00931052	7.63371e-05	1.69857	3.54538e-12	-1.24816	3.38251e-12	-1.33924	0.999126	0.00870859	7.59677e-05	1.62521	3.30973e-12	-1.48112	3.40633e-12	-1.34109
495.708	188.945	0.099	0.997371	0.00960388	8.14548e-05	1.69758	4.32742e-12	-1.25229	4.14212e-12	-1.33852	0.999067	0.00899365	8.10338e-05	1.627	4.05494e-12	-1.47219	4.16989e-12	-1.34021
519.804	190.854	0.1	0.997307	0.00991262	8.70289e-05	1.69674	5.29143e-12	-1.25583	5.08008e-12	-1.33743	0.999004	0.00929387	8.65474e-05	1.62888	4.9756e-12	-1.46334	5.11257e-12	-1.33899
543.622	192.762	0.101	0.997237	0.010238	9.31134e-05	1.69606	6.48316e-12	-1.25879	6.24145e-12	-1.33598	0.998935	0.00961054	9.25611e-05	1.63087	6.11613e-12	-1.45454	6.27958e-12	-1.3374
567.485	194.671	0.102	0.997161	0.0105816	9.97704e-05	1.69555	7.96098e-12	-1.26116	7.68372e-12	-1.33414	0.998859	0.00994509	9.91355e-05	1.63298	7.53327e-12	-1.44574	7.72866e-12	-1.33545
593.711	196.579	0.103	0.997077	0.0109449	0.000107072	1.69523	9.79972e-12	-1.26296	9.48069e-12	-1.33193	0.998776	0.0102991	0.00010634	1.6352	9.29982e-12	-1.43693	9.53387e-12	-1.33313
619.256	198.488	0.104	0.996985	0.0113299	0.000115101	1.69509	1.20959e-11	-1.26417	1.17275e-11	-1.32931	0.998685	0.0106744	0.000114257	1.63757	1.15097e-11	-1.42804	1.17907e-11	-1.3304
645.72	200.396	0.105	0.996883	0.0117385	0.000123954	1.69516	1.49745e-11	-1.2648	1.45477e-11	-1.32627	0.998585	0.011073	0.000122979	1.64008	1.42849e-11	-1.41906	1.46232e-11	-1.32727
668.808	202.305	0.106	0.996771	0.0121731	0.000133746	1.69544	1.85988e-11	-1.26482	1.81024e-11	-1.32278	0.998474	0.0114972	0.000132617	1.64275	1.77845e-11	-1.40993	1.8193e-11	-1.3237
695.257	204.214	0.107	0.996646	0.0126364	0.000144609	1.69596	2.31829e-11	-1.26422	2.26032e-11	-1.31883	0.998351	0.0119495	0.000143301	1.64561	2.22176e-11	-1.40061	2.27124e-11	-1.31967
719.194	206.122	0.108	0.996507	0.0131313	0.000156702	1.69673	2.901e-11	-1.26297	2.83299e-11	-1.31438	0.998214	0.012433	0.000155182	1.64866	2.7861e-11	-1.39105	2.84625e-11	-1.31514
741.999	208.031	0.109	0.996352	0.0136613	0.000170211	1.69777	3.64573e-11	-1.26105	3.56557e-11	-1.30939	0.998061	0.0129509	0.000168444	1.65194	3.50833e-11	-1.3812	3.58175e-11	-1.31008
770.402	209.939	0.11	0.996178	0.0142305	0.000185362	1.69912	4.60312e-11	-1.25841	4.50813e-11	-1.30382	0.99789	0.0135073	0.000183302	1.65546	4.438e-11	-1.37099	4.52801e-11	-1.30444
794.447	211.848	0.111	0.995983	0.0148433	0.000202423	1.70079	5.84175e-11	-1.25501	5.72857e-11	-1.2976	0.997697	0.0141064	0.000200017	1.65926	5.64227e-11	-1.36037	5.75316e-11	-1.29817
817.151	213.756	0.112	0.995761	0.015505	0.000221724	1.70282	7.45537e-11	-1.25078	7.31969e-11	-1.29068	0.99748	0.0147535	0.000218906	1.66337	7.21299e-11	-1.34925	7.35034e-11	-1.29119
842.397	215.665	0.113	0.995509	0.0162219	0.000243662	1.70526	9.57343e-11	-1.24566	9.4097e-11	-1.28298	0.997232	0.0154547	0.000240353	1.66783	9.27706e-11	-1.33754	9.44819e-11	-1.28344
865.073	217.573	0.114	0.995221	0.0170013	0.000268729	1.70815	1.23766e-10	-1.23956	1.21776e-10	-1.2744	0.99695	0.016217	0.00026483	1.67269	1.20118e-10	-1.32515	1.22264e-10	-1.27482
888.891	219.482	0.115	0.994891	0.0178516	0.000297537	1.71154	1.61203e-10	-1.23238	1.58764e-10	-1.26485	0.996626	0.0170488	0.000292924	1.67799	1.56677e-10	-1.31195	1.59387e-10	-1.26522
914.509	221.39	0.116	0.994508	0.0187833	0.000330848	1.71552	2.11696e-10	-1.22399	2.08683e-10	-1.25418	0.996252	0.01796	0.000325369	1.68382	2.06036e-10	-1.29781	2.09487e-10	-1.25451
939.474	223.299	0.117	0.994063	0.0198084	0.000369632	1.72015	2.80549e-10	-1.21423	2.76789e-10	-1.24224	0.995817	0.0189625	0.000363089	1.69025	2.73405e-10	-1.28255	2.77838e-10	-1.24253
964.05	225.207	0.118	0.99354	0.0209418	0.000415126	1.72553	3.75578e-10	-1.20291	3.70836e-10	-1.22883	0.995307	0.0200705	0.000407269	1.69737	3.66471e-10	-1.26598	3.72221e-10	-1.22909
986.78	227.116	0.119	0.992922	0.0222015	0.000468936	1.7318	5.08504e-10	-1.1898	5.02453e-10	-1.21371	0.994705	0.0213015	0.000459438	1.70531	4.96763e-10	-1.24784	5.04305e-10	-1.21394
1009.53	229.025	0.12	0.992185	0.0236096	0.000533169	1.7391	6.9724e-10	-1.1746	6.89416e-10	-1.19658	0.993988	0.0226769	0.0005216	1.71422	6.81913e-10	-1.22783	6.91927e-10	-1.19678
1033.76	230.933	0.121	0.991295	0.0251935	0.000610633	1.74763	9.69744e-10	-1.15693	9.59478e-10	-1.17706	0.993124	0.0242231	0.00059642	1.72427	9.49451e-10	-1.20556	9.62936e-10	-1.17724
1058.6	232.842	0.122	0.990209	0.0269876	0.000705134	1.75764	1.37068e-09	-1.13632	1.35699e-09	-1.15468	0.992072	0.0259731	0.000687495	1.73572	1.34339e-09	-1.18054	1.36183e-09	-1.15483
1083.16	234.75	0.123	0.988868	0.0290353	0.000821921	1.76943	1.97333e-09	-1.11214	1.95471e-09	-1.1288	0.990775	0.0279688	0.000799777	1.74886	1.93594e-09	-1.15216	1.96163e-09	-1.12893
1108.83	236.659	0.124	0.987185	0.0313924	0.000968389	1.78345	2.90149e-09	-1.08357	2.87561e-09	-1.0986	0.989153	0.0302636	0.000940209	1.7641	2.84919e-09	-1.11956	2.88573e-09	-1.09871
1131.62	238.567	0.125	0.985039	0.0341312	0.00115519	1.80024	4.37149e-09	-1.04952	4.33463e-09	-1.06299	0.987089	0.0329267	0.00111876	1.78198	4.29658e-09	-1.08166	4.34981e-09	-1.06308
1154.68	240.476	0.126	0.982248	0.0373457	0.00139807	1.82058	6.77614e-09	-1.00849	6.72206e-09	-1.02045	0.984415	0.0360481	0.0013501	1.80322	6.66578e-09	-1.03694	6.74551e-09	-1.02053
1176.98	242.384	0.127	0.978537	0.0411602	0.00172098	1.84557	1.08605e-08	-0.958346	1.07784e-08	-0.968863	0.980874	0.0397465	0.00165644	1.82887	1.06925e-08	-0.983274	1.08159e-08	-0.96893
1200.04	244.293	0.128	0.973473	0.0457371	0.00216158	1.87678	1.81106e-08	-0.896049	1.79809e-08	-0.905183	0.976063	0.0441773	0.00207247	1.8604	1.78446e-08	-0.917605	1.80434e-08	-0.905239
1222.41	246.201	0.129	0.966353	0.0512847	0.00278109	1.91655	3.16659e-08	-0.817056	3.14509e-08	-0.824863	0.969332	0.0495412	0.00265432	1.90001	3.12247e-08	-0.835386	3.15602e-08	-0.824908
1244.82	248.11	0.13	0.955987	0.0580486	0.00368283	1.96852	5.86034e-08	-0.714366	5.82257e-08	-0.720901	0.959592	0.0560797	0.00349611	1.95107	5.78294e-08	-0.729611	5.84284e-08	-0.720935
1267.09	250.018	0.131	0.940306	0.0662366	0.00504689	2.0385	1.1604e-07	-0.576775	1.1533e-07	-0.58209	0.944951	0.0640178	0.00476114	2.01897	1.14589e-07	-0.589068	1.15732e-07	-0.582114
1289.42	251.927	0.132	0.915654	0.075696	0.00719096	2.13618	2.48246e-07	-0.385724	2.46801e-07	-0.389868	0.922068	0.073306	0.00673769	2.1126	2.45309e-07	-0.395192	2.47668e-07	-0.38988
1311.76	253.836	0.133	0.875967	0.0847005	0.0106423	2.2778	5.7355e-07	-0.109979	5.70373e-07	-0.113002	0.885285	0.0826346	0.00991369	2.24694	5.67142e-07	-0.116741	5.72391e-07	-0.112995
1334.11	255.744	0.134	0.814431	0.0860043	0.0159925	2.48895	1.37513e-06	0.300093	1.36787e-06	0.298145	0.827432	0.0861147	0.0149066	2.44605	1.36063e-06	0.29593	1.37274e-06	0.29818
1357.31	257.653	0.135	0.739601	0.0597918	0.0224968	2.79684	2.94462e-06	0.90047	2.9298e-06	0.899552	0.752337	0.0661542	0.0213832	2.73864	2.91527e-06	0.898806	2.94023e-06	0.899631
1381.68	259.561	0.136	0.706628	-0.00751325	0.0253596	-3.09745	4.15676e-06	1.67123	4.13678e-06	1.6713	0.707593	0.00397905	0.0252345	3.12049	4.11736e-06	1.67195	4.15123e-06	1.67142
1404.22	261.47	0.137	0.754541	-0.0672268	0.0211911	-2.72345	3.21686e-06	2.43035	3.20208e-06	2.43137	0.744641	-0.061271	0.0220276	-2.77761	3.18778e-06	2.43332	3.21296e-06	2.43149
1430.88	263.378	0.138	0.827756	-0.0853228	0.0148246	-2.44264	1.69849e-06	3.00959	1.69102e-06	3.01151	0.818267	-0.0852142	0.0156695	-2.47916	1.6839e-06	3.01468	1.69667e-06	3.01161
1457.53	265.287	0.139	0.883218	-0.0818179	0.0100024	-2.25274	8.20024e-07	-2.88	8.16565e-07	-2.87722	0.877399	-0.0836986	0.0105659	-2.27545	8.13366e-07	-2.8729	8.19277e-07	-2.87714
1480.54	267.195	0.14	0.918668	-0.0729892	0.00692031	-2.12462	4.14057e-07	-2.61458	4.12381e-07	-2.61097	0.91565	-0.0751899	0.00726556	-2.13816	4.10889e-07	-2.60555	4.1375e-07	-2.61091
1503.29	269.104	0.141	0.940985	-0.0641906	0.00498019	-2.03522	2.26071e-07	-2.42966	2.2519e-07	-2.42526	0.939677	-0.0662618	0.00519317	-2.04269	2.24444e-07	-2.41879	2.2594e-07	-2.42521
1526.67	271.012	0.142	0.955452	-0.0566325	0.00372263	-1.97038	1.33271e-07	-2.29565	1.32772e-07	-2.29049	0.955159	-0.058498	0.00385808	-1.97361	1.32371e-07	-2.28302	1.33215e-07	-2.29046
1550.37	272.921	0.143	0.965198	-0.050374	0.00287541	-1.92164	8.39777e-08	-2.19496	8.3674e-08	-2.18907	0.965525	-0.0520525	0.00296445	-1.92176	8.34464e-08	-2.18065	8.39545e-08	-2.18905
1575.15	274.829	0.144	0.972015	-0.0452153	0.00228293	-1.8839	5.59621e-08	-2.11693	5.57666e-08	-2.11036	0.972732	-0.0467424	0.00234325	-1.88161	5.56311e-08	-2.10103	5.59543e-08	-2.11034
1598.99	276.738	0.145	0.976943	-0.0409365	0.00185461	-1.85394	3.9077e-08	-2.05489	3.8945e-08	-2.04765	0.977916	-0.0423451	0.00189652	-1.84969	3.88613e-08	-2.03747	3.90765e-08	-2.04764
1624.34	278.647	0.146	0.98061	-0.0373524	0.00153592	-1.82964	2.83776e-08	-2.00447	2.82846e-08	-1.99662	0.981756	-0.0386688	0.00156566	-1.82376	2.82316e-08	-1.98561	2.83805e-08	-1.99661
1650.3	280.555	0.147	0.983407	-0.034318	0.00129286	-1.80959	2.13023e-08	-1.96276	2.12346e-08	-1.9543	0.984674	-0.0355627	0.00131429	-1.8023	2.12005e-08	-1.94253	2.13068e-08	-1.95431
1673.44	282.464	0.148	0.985587	-0.0317222	0.00110346	-1.79279	1.64501e-08	-1.9277	1.63992e-08	-1.91867	0.986941	-0.0329108	0.0011191	-1.78426	1.63773e-08	-1.90617	1.64552e-08	-1.91869
1696.27	284.372	0.149	0.987317	-0.02948	0.000953122	-1.77854	1.30166e-08	-1.89784	1.29774e-08	-1.88827	0.988735	-0.0306243	0.000964634	-1.7689	1.29634e-08	-1.87507	1.30219e-08	-1.88829
1719.06	286.281	0.15	0.988713	-0.0275259	0.000831842	-1.7663	1.05204e-08	-1.87211	1.04894e-08	-1.86202	0.990178	-0.0286351	0.000840353	-1.75566	1.04807e-08	-1.84817	1.05255e-08	-1.86205
1745.74	288.189	0.151	0.989855	-0.025809	0.000732607	-1.75569	8.66216e-09	-1.84971	8.63724e-09	-1.83913	0.991357	-0.0268903	0.000738901	-1.74413	8.63222e-09	-1.82465	8.66703e-09	-1.83916
1769.6	290.098	0.152	0.990801	-0.0242894	0.000650385	-1.74642	7.25009e-09	-1.83003	7.22966e-09	-1.81898	0.992331	-0.0253484	0.000655022	-1.73401	7.2272e-09	-1.80392	7.25468e-09	-1.81902
1792.42	292.006	0.153	0.991594	-0.0229355	0.000581497	-1.73824	6.15735e-09	-1.8126	6.14033e-09	-1.8011	0.993146	-0.0239767	0.000584879	-1.72506	6.13969e-09	-1.7855	6.16164e-09	-1.80115
1815.21	293.915	0.154	0.992265	-0.0217219	0.000523203	-1.73099	5.29801e-09	-1.79704	5.28361e-09	-1.78513	0.993835	-0.0227488	0.000525627	-1.71708	5.28428e-09	-1.76901	5.30201e-09	-1.78519
1838.65	295.823	0.155	0.992838	-0.0206279	0.000473432	-1.72451	4.6125e-09	-1.78307	4.60016e-09	-1.77076	0.994422	-0.0216435	0.000475118	-1.70993	4.60177e-09	-1.75416	4.61622e-09	-1.77083
1862.28	297.732	0.156	0.993331	-0.0196369	0.000430594	-1.71868	4.05865e-09	-1.77045	4.04795e-09	-1.75776	0.994927	-0.0206436	0.000431707	-1.70348	4.05026e-09	-1.7407	4.06212e-09	-1.75783
1885.04	299.64	0.157	0.993759	-0.018735	0.000393451	-1.71342	3.60607e-09	-1.75897	3.59669e-09	-1.74593	0.995364	-0.0197347	0.000394119	-1.69764	3.59951e-09	-1.72844	3.60931e-09	-1.74601
1907.78	301.549	0.158	0.994132	-0.0179106	0.000361031	-1.70864	3.23248e-09	-1.74849	3.22416e-09	-1.73511	0.995745	-0.018905	0.000361351	-1.69232	3.22736e-09	-1.71723	3.2355e-09	-1.7352
1931.43	303.458	0.159	0.99446	-0.0171543	0.00033256	-1.70428	2.92127e-09	-1.73886	2.91383e-09	-1.72517	0.996079	-0.0181447	0.00033261	-1.68745	2.91732e-09	-1.70691	2.92411e-09	-1.72526
1953.81	305.366	0.16	0.994749	-0.0164578	0.000307418	-1.70028	2.65995e-09	-1.72998	2.65323e-09	-1.71599	0.996374	-0.0174455	0.000307255	-1.68299	2.65694e-09	-1.69739	2.66261e-09	-1.71609
1976.23	307.275	0.161	0.995006	-0.0158142	0.0002851	-1.69659	2.43893e-09	-1.72175	2.43282e-09	-1.70748	0.996635	-0.0168001	0.000284772	-1.67888	2.43669e-09	-1.68856	2.44143e-09	-1.70759
1998.55	309.183	0.162	0.995235	-0.0152178	0.000265194	-1.69319	2.25081e-09	-1.71409	2.24521e-09	-1.69956	0.996868	-0.0162028	0.00026474	-1.67509	2.24921e-09	-1.68034	2.25318e-09	-1.69967
2021.75	311.092	0.163	0.995441	-0.0146635	0.000247362	-1.69003	2.08983e-09	-1.70692	2.08466e-09	-1.69215	0.997076	-0.0156482	0.00024681	-1.67157	2.08876e-09	-1.67266	2.09207e-09	-1.69227
2044.14	313	0.164	0.995625	-0.0141468	0.000231322	-1.68709	1.95142e-09	-1.7002	1.94662e-09	-1.68519	0.997264	-0.015132	0.000230697	-1.6683	1.9508e-09	-1.66546	1.95355e-09	-1.68532
2066.53	314.909	0.165	0.995792	-0.0136641	0.000216838	-1.68434	1.83197e-09	-1.69385	1.82748e-09	-1.67863	0.997432	-0.0146502	0.000216159	-1.66526	1.83173e-09	-1.65867	1.834e-09	-1.67877
2088.98	316.817	0.166	0.995943	-0.013212	0.000203712	-1.68176	1.72857e-09	-1.68783	1.72434e-09	-1.67242	0.997585	-0.0141995	0.000202997	-1.66242	1.72865e-09	-1.65226	1.7305e-09	-1.67257
2111.45	318.726	0.167	0.99608	-0.0127876	0.000191779	-1.67933	1.63888e-09	-1.6821	1.63489e-09	-1.6665	0.997724	-0.013777	0.000191039	-1.65976	1.63926e-09	-1.64616	1.64074e-09	-1.66666
2133.91	320.634	0.168	0.996205	-0.0123885	0.000180894	-1.67704	1.56102e-09	-1.6766	1.55723e-09	-1.66084	0.997851	-0.0133801	0.00018014	-1.65726	1.56166e-09	-1.64033	1.56281e-09	-1.661
2156.99	322.543	0.169	0.99632	-0.0120123	0.000170937	-1.67487	1.49347e-09	-1.6713	1.48985e-09	-1.65538	0.997967	-0.0130064	0.000170179	-1.65492	1.49433e-09	-1.63473	1.49519e-09	-1.65555
2179.33	324.451	0.17	0.996425	-0.0116571	0.000161804	-1.67281	1.43498e-09	-1.66613	1.43152e-09	-1.65007	0.998073	-0.0126541	0.000161048	-1.65271	1.43606e-09	-1.62931	1.43665e-09	-1.65025
2201.68	326.36	0.171	0.996521	-0.0113211	0.000153404	-1.67085	1.38457e-09	-1.66105	1.38124e-09	-1.64486	0.99817	-0.0123212	0.000152656	-1.65063	1.38586e-09	-1.624	1.3862e-09	-1.64504
2224.05	328.269	0.172	0.99661	-0.0110027	0.000145659	-1.66897	1.34147e-09	-1.65597	1.33825e-09	-1.63967	0.99826	-0.0120062	0.000144924	-1.64867	1.34297e-09	-1.61873	1.34306e-09	-1.63986
2247.17	330.177	0.173	0.996692	-0.0107005	0.000138501	-1.66718	1.30509e-09	-1.6508	1.30198e-09	-1.6344	0.998342	-0.0117076	0.000137784	-1.64681	1.30681e-09	-1.61341	1.30666e-09	-1.63459
2269.53	332.086	0.174	0.996768	-0.0104133	0.000131871	-1.66546	1.27504e-09	-1.64539	1.27202e-09	-1.6289	0.998419	-0.0114242	0.000131176	-1.64505	1.277e-09	-1.60789	1.27659e-09	-1.62909
2292.64	333.994	0.175	0.996838	-0.0101399	0.000125716	-1.6638	1.2511e-09	-1.6395	1.24817e-09	-1.62294	0.99849	-0.0111548	0.000125046	-1.64338	1.25334e-09	-1.60194	1.25265e-09	-1.62314
2315.29	335.903	0.176	0.996903	-0.00987923	0.000119991	-1.66222	1.23322e-09	-1.63274	1.23037e-09	-1.61612	0.998556	-0.0108984	0.000119349	-1.6418	1.23582e-09	-1.59518	1.23479e-09	-1.61633
2337.75	337.811	0.177	0.996964	-0.00963037	0.000114655	-1.6607	1.22144e-09	-1.62441	1.21868e-09	-1.60774	0.998617	-0.010654	0.000114044	-1.6403	1.22454e-09	-1.58688	1.22305e-09	-1.60795
2360.22	339.72	0.178	0.997019	-0.00939246	0.000109672	-1.65925	1.21547e-09	-1.61313	1.21281e-09	-1.59643	0.998674	-0.0104207	0.000109095	-1.63888	1.2193e-09	-1.57571	1.21715e-09	-1.59664
2383.09	341.628	0.179	0.99707	-0.00916482	0.000105013	-1.6579	1.21283e-09	-1.59631	1.21029e-09	-1.57959	0.998727	-0.0101979	0.00010447	-1.63754	1.21783e-09	-1.55904	1.21462e-09	-1.57981
2405.5	343.537	0.18	0.997116	-0.00894709	0.000100657	-1.65667	1.20204e-09	-1.56993	1.1997e-09	-1.55323	0.998776	-0.00998484	0.000100144	-1.63628	1.20893e-09	-1.53274	1.20397e-09	-1.55345
2428.26	345.445	0.181	0.997157	-0.00873982	9.66018e-05	-1.65555	1.14942e-09	-1.53536	1.14755e-09	-1.51871	0.998821	-0.00978119	9.60946e-05	-1.63509	1.15881e-09	-1.49778	1.15162e-09	-1.51894
2450.71	347.354	0.182	0.997198	-0.00854337	9.28371e-05	-1.65433	1.04117e-09	-1.52143	1.0403e-09	-1.50474	0.998865	-0.00958648	9.23016e-05	-1.63391	1.05175e-09	-1.48242	1.04399e-09	-1.50499
2473.27	349.262	0.183	0.997242	-0.00835485	8.92935e-05	-1.65282	9.68653e-10	-1.54601	9.68494e-10	-1.52877	0.998907	-0.00939945	8.87296e-05	-1.63272	9.77846e-10	-1.50522	9.71949e-10	-1.52902
2496.49	351.171	0.184	0.997286	-0.00817153	8.59143e-05	-1.6512	9.58297e-10	-1.57256	9.57636e-10	-1.55476	0.998946	-0.00921936	8.53574e-05	-1.63158	9.65159e-10	-1.53093	9.61064e-10	-1.55502
2519.07	353.08	0.185	0.997327	-0.00799346	8.26974e-05	-1.64966	9.7044e-10	-1.58733	9.69034e-10	-1.56939	0.998984	-0.00904604	8.21746e-05	-1.63051	9.75558e-10	-1.54568	9.72507e-10	-1.56965
2541.63	354.988	0.186	0.997364	-0.00782136	7.96507e-05	-1.64824	9.87411e-10	-1.59434	9.85509e-10	-1.57644	0.999018	-0.00887925	7.91691e-05	-1.62949	9.91528e-10	-1.55292	9.89041e-10	-1.5767
2564.1	356.897	0.187	0.997398	-0.00765534	7.67689e-05	-1.64688	1.00534e-09	-1.59724	1.00314e-09	-1.57942	0.999051	-0.00871861	7.63281e-05	-1.62852	1.00891e-09	-1.55608	1.00673e-09	-1.57967
2587.11	358.805	0.188	0.99743	-0.00749512	7.40412e-05	-1.64557	1.02387e-09	-1.59794	1.02148e-09	-1.58018	0.999082	-0.00856377	7.36392e-05	-1.6276	1.02715e-09	-1.55701	1.02513e-09	-1.58044
2609.61	360.714	0.189	0.997459	-0.00734039	7.14562e-05	-1.64429	1.04339e-09	-1.59738	1.04087e-09	-1.57969	0.999111	-0.00841441	7.10914e-05	-1.62671	1.04652e-09	-1.55666	1.04458e-09	-1.57994
2632.31	362.622	0.19	0.997488	-0.00719082	6.90034e-05	-1.64303	1.0644e-09	-1.59606	1.06176e-09	-1.57842	0.999138	-0.00827019	6.86742e-05	-1.62586	1.06746e-09	-1.55553	1.06555e-09	-1.57867
2654.68	364.531	0.191	0.997514	-0.00704611	6.66731e-05	-1.64178	1.08733e-09	-1.59425	1.08461e-09	-1.57665	0.999164	-0.00813083	6.63785e-05	-1.62505	1.09039e-09	-1.55389	1.08847e-09	-1.57691
2677	366.439	0.192	0.997539	-0.00690597	6.44566e-05	-1.64054	1.11262e-09	-1.5921	1.10981e-09	-1.57454	0.999188	-0.00799606	6.41957e-05	-1.62427	1.11571e-09	-1.5519	1.11376e-09	-1.57479
2699.84	368.348	0.193	0.997563	-0.00677014	6.2346e-05	-1.63932	1.14065e-09	-1.58968	1.13776e-09	-1.57216	0.999212	-0.00786561	6.2118e-05	-1.62353	1.1438e-09	-1.54964	1.1418e-09	-1.57241
2722.18	370.256	0.194	0.997585	-0.00663838	6.0334e-05	-1.6381	1.17183e-09	-1.58704	1.16886e-09	-1.56956	0.999234	-0.00773925	6.01382e-05	-1.62281	1.17508e-09	-1.54717	1.173e-09	-1.56981
2744.55	372.165	0.195	0.997607	-0.00651047	5.84138e-05	-1.63689	1.20659e-09	-1.58421	1.20354e-09	-1.56677	0.999255	-0.00761676	5.82498e-05	-1.62213	1.20995e-09	-1.5445	1.20779e-09	-1.56702
2766.86	374.073	0.196	0.997627	-0.00638617	5.65794e-05	-1.63569	1.2454e-09	-1.58118	1.24226e-09	-1.56377	0.999275	-0.00749792	5.64467e-05	-1.62147	1.24891e-09	-1.54164	1.24665e-09	-1.56402
2789.2	375.982	0.197	0.997646	-0.0062653	5.48251e-05	-1.63448	1.28882e-09	-1.57794	1.28559e-09	-1.56057	0.999293	-0.00738254	5.47233e-05	-1.62085	1.29252e-09	-1.53857	1.29012e-09	-1.56082
2812.05	377.891	0.198	0.997664	-0.00614767	5.31457e-05	-1.63329	1.3375e-09	-1.57447	1.33417e-09	-1.55713	0.999311	-0.00727041	5.30743e-05	-1.62025	1.34141e-09	-1.53528	1.33886e-09	-1.55738
2835.07	379.799	0.199	0.997682	-0.00603308	5.15363e-05	-1.6321	1.39221e-09	-1.57071	1.38879e-09	-1.55341	0.999328	-0.00716136	5.1495e-05	-1.61969	1.3964e-09	-1.53172	1.39366e-09	-1.55365
2858.54	381.708	0.2	0.997698	-0.00592137	4.99923e-05	-1.63091	1.45394e-09	-1.56659	1.45041e-09	-1.54933	0.999344	-0.00705521	4.99807e-05	-1.61915	1.45846e-09	-1.52783	1.45548e-09	-1.54957
2882.71	383.616	0.201	0.997714	-0.00581236	4.85097e-05	-1.62973	1.52389e-09	-1.56203	1.52026e-09	-1.54481	0.999359	-0.00695179	4.85273e-05	-1.61865	1.52882e-09	-1.52351	1.52556e-09	-1.54504
2907.43	385.525	0.202	0.997729	-0.0057059	4.70843e-05	-1.62855	1.60362e-09	-1.55688	1.59988e-09	-1.5397	0.999374	-0.00685094	4.71306e-05	-1.61818	1.60909e-09	-1.51864	1.60544e-09	-1.53993
2932.63	387.433	0.203	0.997743	-0.00560182	4.57125e-05	-1.62739	1.69517e-09	-1.55093	1.69133e-09	-1.53379	0.999387	-0.00675247	4.5787e-05	-1.61775	1.70134e-09	-1.513	1.69719e-09	-1.53402
2955.5	389.342	0.204	0.997756	-0.00549997	4.43908e-05	-1.62623	1.80125e-09	-1.54385	1.79733e-09	-1.52676	0.9994	-0.00665622	4.44925e-05	-1.61737	1.80838e-09	-1.50629	1.80354e-09	-1.52698
2979.17	391.25	0.205	0.997769	-0.00540019	4.31156e-05	-1.62509	1.9256e-09	-1.53514	1.92162e-09	-1.51811	0.999411	-0.006562	4.32437e-05	-1.61704	1.93406e-09	-1.49801	1.92824e-09	-1.51832
3002.52	393.159	0.206	0.99778	-0.00530231	4.18837e-05	-1.62397	2.07335e-09	-1.52395	2.06941e-09	-1.50698	0.999421	-0.00646963	4.20368e-05	-1.61679	2.08379e-09	-1.48736	2.07651e-09	-1.5072
3027.51	395.067	0.207	0.997791	-0.00520617	4.06921e-05	-1.62288	2.2517e-09	-1.50883	2.24793e-09	-1.49194	0.99943	-0.0063789	4.08684e-05	-1.61666	2.26516e-09	-1.47289	2.25562e-09	-1.49215
3050.54	396.976	0.208	0.9978	-0.0051116	3.95376e-05	-1.62184	2.47004e-09	-1.4871	2.46675e-09	-1.4703	0.999436	-0.0062896	3.97353e-05	-1.6167	2.48844e-09	-1.45197	2.47514e-09	-1.4705
3073.52	398.884	0.209	0.997808	-0.00501846	3.84176e-05	-1.62087	2.7374e-09	-1.45367	2.73522e-09	-1.43698	0.999438	-0.00620169	3.86363e-05	-1.61705	2.76435e-09	-1.41955	2.74448e-09	-1.43718
3099.17	400.793	0.21	0.997814	-0.00492672	3.73313e-05	-1.62004	3.04464e-09	-1.3988	3.04496e-09	-1.38221	0.999434	-0.00611576	3.7579e-05	-1.61794	3.08715e-09	-1.36582	3.05518e-09	-1.3824
3122.17	402.702	0.211	0.997818	-0.00483682	3.62836e-05	-1.6194	3.28482e-09	-1.30732	3.2902e-09	-1.29072	0.999419	-0.00603487	3.66004e-05	-1.61966	3.35471e-09	-1.27519	3.30112e-09	-1.2909
3146.05	404.61	0.212	0.997819	-0.00475007	3.52883e-05	-1.61885	3.0957e-09	-1.1825	3.10819e-09	-1.16536	0.999401	-0.00596658	3.57863e-05	-1.6216	3.19913e-09	-1.14914	3.11836e-09	-1.16554
3171.79	406.519	0.213	0.997825	-0.00466585	3.43348e-05	-1.6179	2.3569e-09	-1.12351	2.3713e-09	-1.10459	0.99941	-0.00590869	3.50959e-05	-1.62118	2.46438e-09	-1.08314	2.37898e-09	-1.1048
3194.84	408.427	0.214	0.997835	-0.00458013	3.33755e-05	-1.61663	1.8924e-09	-1.21168	1.90151e-09	-1.19044	0.999445	-0.00584183	3.42996e-05	-1.61869	1.97231e-09	-1.16098	1.90772e-09	-1.19068
3217.77	410.336	0.215	0.997842	-0.00449266	3.24105e-05	-1.61557	1.91561e-09	-1.32771	1.91886e-09	-1.30537	0.999475	-0.00576571	3.34073e-05	-1.61664	1.97e-09	-1.27211	1.92522e-09	-1.30561
3241.22	412.244	0.216	0.997845	-0.0044045	3.14531e-05	-1.61483	2.16414e-09	-1.40028	2.16257e-09	-1.3776	0.999494	-0.00568748	3.25055e-05	-1.61542	2.20202e-09	-1.34404	2.16981e-09	-1.37782
3265.49	414.153	0.217	0.997845	-0.00431556	3.05023e-05	-1.6144	2.49897e-09	-1.4379	2.49276e-09	-1.415	0.999508	-0.00560982	3.16241e-05	-1.61472	2.52559e-09	-1.38215	2.50113e-09	-1.41521
3287.97	416.061	0.218	0.99784	-0.00422532	2.95532e-05	-1.6144	2.88193e-09	-1.45661	2.87076e-09	-1.43345	0.999518	-0.00553321	3.07674e-05	-1.61433	2.89987e-09	-1.40138	2.8804e-09	-1.43365
3312.08	417.97	0.219	0.997829	-0.00413311	2.85996e-05	-1.615	3.31387e-09	-1.46523	3.29667e-09	-1.44163	0.999525	-0.00545755	2.99335e-05	-1.61416	3.32385e-09	-1.41019	3.30773e-09	-1.44181
3338.01	419.878	0.22	0.997808	-0.004038	2.76338e-05	-1.61656	3.80816e-09	-1.46792	3.78251e-09	-1.44366	0.99953	-0.00538261	2.91191e-05	-1.61415	3.80886e-09	-1.41269	3.79518e-09	-1.44384
3361.92	421.787	0.221	0.997772	-0.00393895	2.66484e-05	-1.61969	4.38516e-09	-1.46682	4.34626e-09	-1.44165	0.999534	-0.0053081	2.8321e-05	-1.61428	4.37251e-09	-1.41098	4.36078e-09	-1.44181
3384.28	423.695	0.222	0.99771	-0.00383546	2.56453e-05	-1.62563	5.07372e-09	-1.46308	5.01188e-09	-1.43676	0.999537	-0.00523374	2.75359e-05	-1.61457	5.03844e-09	-1.40627	5.0286e-09	-1.43692
3407.77	425.604	0.223	0.997598	-0.00373056	2.46674e-05	-1.63673	5.91732e-09	-1.45745	5.81237e-09	-1.42994	0.999537	-0.00515922	2.67605e-05	-1.61502	5.83917e-09	-1.3995	5.83172e-09	-1.43008
3434.09	427.513	0.224	0.997402	-0.00364219	2.3914e-05	-1.65661	6.99066e-09	-1.45017	6.80127e-09	-1.42238	0.999536	-0.00508419	2.59914e-05	-1.61567	6.82715e-09	-1.39192	6.82387e-09	-1.42251
3458.88	429.421	0.225	0.997122	-0.00362979	2.39732e-05	-1.68385	8.43155e-09	-1.43924	8.09693e-09	-1.41503	0.999533	-0.00500823	2.52248e-05	-1.61657	8.11891e-09	-1.38462	8.12378e-09	-1.41515
3483.2	431.33	0.226	0.996985	-0.00374337	2.5202e-05	-1.69303	1.03977e-08	-1.41761	9.93604e-09	-1.40277	0.999527	-0.00493084	2.44563e-05	-1.6178	9.95329e-09	-1.37274	9.96893e-09	-1.40288
3506.64	433.238	0.227	0.99718	-0.00382355	2.5908e-05	-1.6703	1.29184e-08	-1.38389	1.24785e-08	-1.37621	0.999517	-0.00485142	2.36808e-05	-1.61949	1.2499e-08	-1.34666	1.25197e-08	-1.37631
3530.63	435.147	0.228	0.99742	-0.00377425	2.53145e-05	-1.64605	1.62312e-08	-1.34437	1.58714e-08	-1.33786	0.999501	-0.00476917	2.28925e-05	-1.62182	1.59034e-08	-1.30853	1.59237e-08	-1.33795
3557.57	437.055	0.229	0.997557	-0.00366662	2.4215e-05	-1.63247	2.09486e-08	-1.29678	2.06408e-08	-1.28904	0.999478	-0.00468314	2.20846e-05	-1.62513	2.069e-08	-1.25978	2.07086e-08	-1.28912
3581.03	438.964	0.23	0.997606	-0.00354402	2.30294e-05	-1.62761	2.80676e-08	-1.23343	2.77751e-08	-1.22407	0.999442	-0.00459227	2.12509e-05	-1.63	2.7851e-08	-1.19484	2.78659e-08	-1.22413
3603.48	440.872	0.231	0.997584	-0.00341784	2.18577e-05	-1.62999	3.93442e-08	-1.14234	3.90331e-08	-1.13146	0.999384	-0.00449595	2.03922e-05	-1.63752	3.91553e-08	-1.10234	3.91605e-08	-1.13152
3625.88	442.781	0.232	0.997487	-0.00329404	2.07559e-05	-1.64086	5.77545e-08	-1.00279	5.73899e-08	-0.990571	0.999289	-0.00439646	1.95396e-05	-1.64963	5.75985e-08	-0.961648	5.75766e-08	-0.990615
3648.42	444.689	0.233	0.997289	-0.00319425	1.99297e-05	-1.66326	8.59791e-08	-0.779991	8.55334e-08	-0.766575	0.999136	-0.00430763	1.88291e-05	-1.66873	8.58986e-08	-0.738066	8.58108e-08	-0.766607
3670.79	446.598	0.234	0.997033	-0.00317359	1.98642e-05	-1.69172	1.13468e-07	-0.444546	1.12987e-07	-0.430038	0.998949	-0.00426494	1.85555e-05	-1.69104	1.13551e-07	-0.402352	1.13352e-07	-0.430058
3697.77	448.506	0.235	0.996924	-0.00322071	2.037e-05	-1.7021	1.08534e-07	-0.0752433	1.08182e-07	-0.0597473	0.998866	-0.0042586	1.85448e-05	-1.70043	1.08812e-07	-0.0338157	1.0853e-07	-0.0597558
