=== Mesh Information ===
Number of tetrahedra: 148000
Number of vertices: 29322
Number of boundary elements: 32146
m1 = -4, m2 = -2, m3 = 4, d = 2.16
# a = 25 um
# sigma0 = 2.25873
# n = 5e+11 1/cm^2, mu = 7.47912 m^2/Vs
# epsilon = (1,0), kcr1 = -0.0311846 1/T
# d = 2.16, kcr = -0, k = 0.001
Time_from_Epoch = 1769732068
time_(s)	Frequency_(GHz)	k	|t_xx|^2	arg(t_xx)	|r_xx|^2	arg(r_xx)	|t_xy|^2	arg(t_xy)	|r_xy|^2	arg(r_xy)	|t_yy|^2	arg(t_yy)	|r_yy|^2	arg(r_yy)	|t_yx|^2	arg(t_yx)	|r_yx|^2	arg(r_yx)	
56.512	1.90854	0.001	0.998297	4.88835e-05	7.27526e-07	3.09225	2.26391e-18	1.56385	2.25516e-18	1.56939	1	4.31239e-05	1.85967e-09	1.57062	2.31451e-18	1.5781	2.16203e-18	1.56949
82.609	3.81708	0.002	0.998297	9.7753e-05	7.32673e-07	3.04315	8.35611e-18	1.55637	8.34799e-18	1.56756	1	8.62341e-05	7.43631e-09	1.57045	8.42487e-18	1.58623	7.87554e-18	1.56785
106.353	5.72561	0.003	0.998297	0.000146595	7.41245e-07	2.99454	1.86359e-17	1.54905	1.86199e-17	1.56582	1	0.000129317	1.67228e-08	1.57028	1.86451e-17	1.59418	1.74286e-17	1.56627
131.213	7.63415	0.004	0.998297	0.000195395	7.53229e-07	2.94662	3.29498e-17	1.54176	3.29274e-17	1.56412	1	0.000172358	2.97071e-08	1.5701	3.30029e-17	1.60204	3.08495e-17	1.56472
156.606	9.54269	0.005	0.998297	0.000244139	7.68609e-07	2.89962	5.14675e-17	1.5345	5.14059e-17	1.56241	1	0.000215343	4.63727e-08	1.56993	5.15515e-17	1.60982	4.81587e-17	1.56315
182.592	11.4512	0.006	0.998297	0.000292815	7.87367e-07	2.85371	7.4159e-17	1.52727	7.40468e-17	1.56072	1	0.00025826	6.66984e-08	1.56976	7.4304e-17	1.61756	6.93785e-17	1.56158
208.326	13.3598	0.007	0.998298	0.000341407	8.09476e-07	2.80903	1.01115e-16	1.52006	1.00915e-16	1.55902	1	0.000301095	9.0658e-08	1.56958	1.01366e-16	1.62525	9.45879e-17	1.56003
232.904	15.2683	0.008	0.998298	0.000389903	8.34908e-07	2.76573	1.32426e-16	1.51291	1.32088e-16	1.55733	1	0.000343834	1.18221e-07	1.56941	1.32786e-16	1.63287	1.23833e-16	1.55848
255.886	17.1768	0.009	0.998298	0.000438289	8.6363e-07	2.72389	1.68069e-16	1.50578	1.67543e-16	1.55563	1	0.000386463	1.49353e-07	1.56924	1.68514e-16	1.64046	1.5704e-16	1.55692
280.264	19.0854	0.01	0.998299	0.000486551	8.95603e-07	2.68358	2.08172e-16	1.4987	2.07379e-16	1.55393	1	0.000428969	1.84014e-07	1.56907	2.08795e-16	1.64795	1.94418e-16	1.55537
306.555	20.9939	0.011	0.998299	0.000534677	9.30787e-07	2.64486	2.52901e-16	1.49167	2.51749e-16	1.55224	1	0.00047134	2.2216e-07	1.5689	2.53722e-16	1.65535	2.36039e-16	1.55381
332.863	22.9025	0.012	0.998299	0.000582654	9.69136e-07	2.60773	3.0223e-16	1.48468	3.0061e-16	1.55054	1	0.000513561	2.63743e-07	1.56873	3.03256e-16	1.6627	2.81865e-16	1.55225
357.373	24.811	0.013	0.9983	0.000630467	1.0106e-06	2.57221	3.56298e-16	1.47775	3.54069e-16	1.54883	1	0.000555621	3.08713e-07	1.56856	3.57646e-16	1.66993	3.3209e-16	1.55068
381.986	26.7195	0.014	0.9983	0.000678106	1.05513e-06	2.53827	4.15236e-16	1.47087	4.12248e-16	1.54713	1	0.000597507	3.57011e-07	1.56839	4.16909e-16	1.67708	3.867e-16	1.54911
408.265	28.6281	0.015	0.998301	0.000725556	1.10266e-06	2.5059	4.79131e-16	1.46405	4.75202e-16	1.54542	1	0.000639205	4.08579e-07	1.56822	4.81167e-16	1.68413	4.458e-16	1.54755
433.946	30.5366	0.016	0.998301	0.000772806	1.15313e-06	2.47505	5.481e-16	1.4573	5.43027e-16	1.54371	1	0.000680704	4.63352e-07	1.56805	5.50594e-16	1.69107	5.09525e-16	1.54597
459.849	32.4451	0.017	0.998302	0.000819843	1.20649e-06	2.44567	6.22234e-16	1.4506	6.15786e-16	1.54199	1	0.000721992	5.21265e-07	1.56789	6.25203e-16	1.69792	5.77867e-16	1.54439
482.696	34.3537	0.018	0.998303	0.000866656	1.26266e-06	2.41771	7.01631e-16	1.44396	6.9357e-16	1.54028	1.00001	0.000763056	5.82246e-07	1.56772	7.05199e-16	1.70465	6.50986e-16	1.54281
506.819	36.2622	0.019	0.998303	0.000913232	1.32157e-06	2.39112	7.8639e-16	1.43739	7.76413e-16	1.53856	1.00001	0.000803886	6.4622e-07	1.56756	7.90613e-16	1.71128	7.2889e-16	1.54122
528.798	38.1708	0.02	0.998304	0.000959561	1.38315e-06	2.36582	8.76693e-16	1.43089	8.64487e-16	1.53684	1.00001	0.000844469	7.13113e-07	1.5674	8.81639e-16	1.7178	8.11722e-16	1.53963
550.665	40.0793	0.021	0.998305	0.00100563	1.44733e-06	2.34177	9.726e-16	1.42445	9.57825e-16	1.53511	1.00001	0.000884794	7.82842e-07	1.56723	9.78306e-16	1.7242	8.99501e-16	1.53804
572.55	41.9878	0.022	0.998305	0.00105143	1.51403e-06	2.3189	1.07416e-15	1.41807	1.05644e-15	1.53337	1.00001	0.00092485	8.55327e-07	1.56707	1.08077e-15	1.7305	9.92337e-16	1.53643
594.483	43.8964	0.023	0.998306	0.00109695	1.58316e-06	2.29715	1.18158e-15	1.41175	1.16048e-15	1.53163	1.00001	0.000964628	9.30481e-07	1.56691	1.18912e-15	1.73667	1.09028e-15	1.53482
616.494	45.8049	0.024	0.998307	0.00114218	1.65464e-06	2.27646	1.29483e-15	1.4055	1.26992e-15	1.52988	1.00001	0.00100412	1.00822e-06	1.56676	1.30335e-15	1.74275	1.1933e-15	1.5332
638.609	47.7135	0.025	0.998308	0.0011871	1.72839e-06	2.25677	1.41404e-15	1.39931	1.38486e-15	1.52814	1.00001	0.0010433	1.08845e-06	1.5666	1.42363e-15	1.74871	1.30154e-15	1.53158
663.821	49.622	0.026	0.998308	0.00123172	1.80432e-06	2.23802	1.53937e-15	1.39319	1.50537e-15	1.52638	1.00001	0.00108218	1.17108e-06	1.56644	1.55012e-15	1.75455	1.4151e-15	1.52994
687.674	51.5305	0.027	0.998309	0.00127601	1.88234e-06	2.22017	1.67071e-15	1.38712	1.63137e-15	1.52461	1.00001	0.00112074	1.25601e-06	1.56629	1.68266e-15	1.7603	1.53385e-15	1.5283
712.248	53.4391	0.028	0.99831	0.00131998	1.96236e-06	2.20317	1.80816e-15	1.38111	1.76289e-15	1.52284	1.00001	0.00115897	1.34316e-06	1.56614	1.82134e-15	1.76594	1.65781e-15	1.52666
739.511	55.3476	0.029	0.998311	0.00136361	2.04429e-06	2.18695	1.95188e-15	1.37516	1.90003e-15	1.52106	1.00001	0.00119687	1.43242e-06	1.56598	1.96628e-15	1.77147	1.78709e-15	1.525
763.877	57.2561	0.03	0.998312	0.00140688	2.12804e-06	2.17149	2.10166e-15	1.36926	2.04259e-15	1.51927	1.00001	0.00123441	1.5237e-06	1.56583	2.11742e-15	1.77691	1.92157e-15	1.52333
789.335	59.1647	0.031	0.998313	0.00144981	2.21351e-06	2.15673	2.25773e-15	1.36341	2.19075e-15	1.51747	1.00001	0.00127161	1.6169e-06	1.56569	2.27475e-15	1.78225	2.06127e-15	1.52165
815.608	61.0732	0.032	0.998314	0.00149236	2.30061e-06	2.14264	2.41991e-15	1.35761	2.34428e-15	1.51566	1.00002	0.00130844	1.71192e-06	1.56554	2.43826e-15	1.78749	2.20614e-15	1.51997
843.583	62.9818	0.033	0.998315	0.00153455	2.38925e-06	2.12917	2.5883e-15	1.35186	2.50324e-15	1.51384	1.00002	0.0013449	1.80865e-06	1.56539	2.60795e-15	1.79265	2.35613e-15	1.51827
869.732	64.8903	0.034	0.998316	0.00157636	2.47932e-06	2.1163	2.76272e-15	1.34615	2.66742e-15	1.51201	1.00002	0.00138099	1.907e-06	1.56525	2.78364e-15	1.79772	2.51108e-15	1.51656
893.878	66.7988	0.035	0.998317	0.00161778	2.57074e-06	2.10398	2.94324e-15	1.34048	2.83686e-15	1.51016	1.00002	0.00141669	2.00686e-06	1.56511	2.96529e-15	1.80271	2.67093e-15	1.51484
919.715	68.7074	0.036	0.998318	0.00165881	2.6634e-06	2.09219	3.12962e-15	1.33484	3.01128e-15	1.50831	1.00002	0.001452	2.10813e-06	1.56497	3.15281e-15	1.80763	2.83559e-15	1.5131
943	70.6159	0.037	0.998319	0.00169944	2.75721e-06	2.0809	3.32189e-15	1.32924	3.19067e-15	1.50644	1.00002	0.00148691	2.21072e-06	1.56483	3.34609e-15	1.81247	3.00491e-15	1.51135
964.896	72.5244	0.038	0.99832	0.00173966	2.85207e-06	2.07008	3.51983e-15	1.32367	3.37477e-15	1.50456	1.00002	0.00152142	2.31451e-06	1.56469	3.54494e-15	1.81724	3.17871e-15	1.50959
986.728	74.433	0.039	0.998321	0.00177948	2.9479e-06	2.0597	3.72334e-15	1.31812	3.56345e-15	1.50266	1.00002	0.00155552	2.41942e-06	1.56456	3.74916e-15	1.82195	3.35681e-15	1.50782
1008.66	76.3415	0.04	0.998322	0.00181887	3.04459e-06	2.04974	3.9322e-15	1.31259	3.75644e-15	1.50075	1.00002	0.0015892	2.52533e-06	1.56442	3.95851e-15	1.82661	3.53893e-15	1.50603
1030.48	78.2501	0.041	0.998323	0.00185785	3.14205e-06	2.04017	4.14622e-15	1.30708	3.95354e-15	1.49882	1.00002	0.00162247	2.63214e-06	1.56429	4.17293e-15	1.83121	3.725e-15	1.50422
1052.39	80.1586	0.042	0.998324	0.0018964	3.24019e-06	2.03098	4.3652e-15	1.30159	4.15448e-15	1.49688	1.00002	0.00165531	2.73977e-06	1.56416	4.39198e-15	1.83576	3.91466e-15	1.50239
1074.3	82.0671	0.043	0.998325	0.00193452	3.33891e-06	2.02214	4.58889e-15	1.2961	4.35903e-15	1.49492	1.00003	0.00168773	2.8481e-06	1.56403	4.61554e-15	1.84027	4.10773e-15	1.50055
1096.24	83.9757	0.044	0.998326	0.00197221	3.43813e-06	2.01364	4.81701e-15	1.29062	4.56682e-15	1.49294	1.00003	0.00171971	2.95705e-06	1.56391	4.8432e-15	1.84475	4.30379e-15	1.49869
1118.2	85.8842	0.045	0.998327	0.00200945	3.53775e-06	2.00546	5.0493e-15	1.28514	4.77759e-15	1.49094	1.00003	0.00175126	3.06651e-06	1.56378	5.07465e-15	1.84919	4.5026e-15	1.49681
1140.2	87.7928	0.046	0.998329	0.00204626	3.63769e-06	1.99757	5.28555e-15	1.27966	4.99107e-15	1.48892	1.00003	0.00178236	3.17639e-06	1.56366	5.30973e-15	1.85361	4.70398e-15	1.49492
1162.1	89.7013	0.047	0.99833	0.00208262	3.73786e-06	1.98998	5.52522e-15	1.27417	5.20673e-15	1.48687	1.00003	0.00181303	3.2866e-06	1.56354	5.54786e-15	1.858	4.90737e-15	1.493
1183.99	91.6098	0.048	0.998331	0.00211853	3.83816e-06	1.98265	5.76817e-15	1.26867	5.42437e-15	1.48481	1.00003	0.00184324	3.39704e-06	1.56342	5.78877e-15	1.86238	5.11254e-15	1.49106
1205.75	93.5184	0.049	0.998332	0.002154	3.93853e-06	1.97559	6.01392e-15	1.26316	5.64349e-15	1.48272	1.00003	0.00187302	3.50763e-06	1.5633	6.032e-15	1.86675	5.31899e-15	1.48909
1227.79	95.4269	0.05	0.998333	0.00218901	4.03887e-06	1.96876	6.26217e-15	1.25762	5.86373e-15	1.48061	1.00003	0.00190234	3.61828e-06	1.56319	6.27725e-15	1.87111	5.52648e-15	1.48711
1249.92	97.3354	0.051	0.998334	0.00222357	4.13911e-06	1.96217	6.51251e-15	1.25207	6.08468e-15	1.47847	1.00003	0.0019312	3.72889e-06	1.56308	6.52398e-15	1.87547	5.73448e-15	1.48509
1271.9	99.244	0.052	0.998335	0.00225767	4.23916e-06	1.9558	6.76442e-15	1.24648	6.30582e-15	1.47631	1.00003	0.00195962	3.8394e-06	1.56296	6.77177e-15	1.87984	5.9426e-15	1.48306
1293.94	101.153	0.053	0.998336	0.00229131	4.33896e-06	1.94964	7.01766e-15	1.24085	6.52683e-15	1.47411	1.00004	0.00198758	3.9497e-06	1.56286	7.02017e-15	1.88422	6.15042e-15	1.481
1315.8	103.061	0.054	0.998338	0.0023245	4.43842e-06	1.94368	7.27169e-15	1.2352	6.74719e-15	1.47189	1.00004	0.00201508	4.05973e-06	1.56275	7.26879e-15	1.88862	6.35755e-15	1.4789
1337.68	104.97	0.055	0.998339	0.00235723	4.53747e-06	1.93792	7.52609e-15	1.22949	6.96639e-15	1.46964	1.00004	0.00204213	4.1694e-06	1.56264	7.51705e-15	1.89304	6.56345e-15	1.47678
1359.7	106.878	0.056	0.99834	0.0023895	4.63605e-06	1.93233	7.78045e-15	1.22375	7.18407e-15	1.46736	1.00004	0.00206872	4.27863e-06	1.56254	7.76451e-15	1.89748	6.76771e-15	1.47463
1381.72	108.787	0.057	0.998341	0.0024213	4.73408e-06	1.92691	8.03425e-15	1.21795	7.39963e-15	1.46504	1.00004	0.00209485	4.38736e-06	1.56244	8.01064e-15	1.90196	6.9698e-15	1.47245
1403.78	110.695	0.058	0.998342	0.00245265	4.8315e-06	1.92166	8.28712e-15	1.21209	7.6127e-15	1.46269	1.00004	0.00212052	4.49552e-06	1.56234	8.25501e-15	1.90648	7.16936e-15	1.47024
1425.85	112.604	0.059	0.998343	0.00248354	4.92825e-06	1.91657	8.53848e-15	1.20617	7.82268e-15	1.4603	1.00004	0.00214574	4.60302e-06	1.56224	8.4971e-15	1.91104	7.36586e-15	1.46799
1447.95	114.512	0.06	0.998344	0.00251398	5.02426e-06	1.91163	8.78794e-15	1.20019	8.02916e-15	1.45787	1.00004	0.0021705	4.70981e-06	1.56215	8.73637e-15	1.91565	7.5588e-15	1.4657
1469.99	116.421	0.061	0.998345	0.00254395	5.11947e-06	1.90683	9.03499e-15	1.19414	8.23161e-15	1.45541	1.00004	0.0021948	4.81582e-06	1.56205	8.97238e-15	1.92032	7.74775e-15	1.46338
1492	118.329	0.062	0.998346	0.00257347	5.21383e-06	1.90217	9.2792e-15	1.18801	8.42957e-15	1.45291	1.00004	0.00221865	4.92099e-06	1.56196	9.2046e-15	1.92505	7.93226e-15	1.46102
1514.05	120.238	0.063	0.998348	0.00260253	5.30729e-06	1.89763	9.52022e-15	1.1818	8.62264e-15	1.45036	1.00004	0.00224205	5.02525e-06	1.56187	9.43259e-15	1.92984	8.11183e-15	1.45862
1536.23	122.146	0.064	0.998349	0.00263114	5.39979e-06	1.89322	9.75743e-15	1.17551	8.81024e-15	1.44777	1.00005	0.00226499	5.12856e-06	1.56178	9.65582e-15	1.93471	8.28603e-15	1.45618
1558.38	124.055	0.065	0.99835	0.00265929	5.49128e-06	1.88894	9.99048e-15	1.16913	8.99195e-15	1.44513	1.00005	0.00228748	5.23085e-06	1.5617	9.87388e-15	1.93965	8.45443e-15	1.4537
1580.46	125.964	0.066	0.998351	0.00268699	5.58171e-06	1.88476	1.02189e-14	1.16266	9.16734e-15	1.44244	1.00005	0.00230952	5.33207e-06	1.56161	1.00863e-14	1.94467	8.61659e-15	1.45117
1602.41	127.872	0.067	0.998352	0.00271425	5.67104e-06	1.88069	1.04424e-14	1.15608	9.336e-15	1.43971	1.00005	0.00233112	5.43218e-06	1.56153	1.02927e-14	1.94979	8.77212e-15	1.44859
1624.29	129.781	0.068	0.998353	0.00274106	5.75924e-06	1.87673	1.06604e-14	1.1494	9.49746e-15	1.43692	1.00005	0.00235227	5.53112e-06	1.56145	1.04925e-14	1.955	8.92056e-15	1.44596
1646.17	131.689	0.069	0.998354	0.00276742	5.84625e-06	1.87287	1.08726e-14	1.14261	9.65133e-15	1.43408	1.00005	0.00237298	5.62885e-06	1.56137	1.06854e-14	1.96031	9.06153e-15	1.44328
1668.11	133.598	0.07	0.998355	0.00279334	5.93203e-06	1.8691	1.10787e-14	1.13571	9.79725e-15	1.43118	1.00005	0.00239324	5.72533e-06	1.56129	1.08711e-14	1.96573	9.19473e-15	1.44055
1690.03	135.506	0.071	0.998356	0.00281883	6.01657e-06	1.86543	1.12783e-14	1.12868	9.93485e-15	1.42822	1.00005	0.00241307	5.82051e-06	1.56122	1.10491e-14	1.97126	9.31976e-15	1.43776
1711.94	137.415	0.072	0.998357	0.00284387	6.09981e-06	1.86184	1.1471e-14	1.12153	1.00638e-14	1.42521	1.00005	0.00243247	5.91436e-06	1.56114	1.12191e-14	1.97691	9.43631e-15	1.43492
1733.78	139.323	0.073	0.998358	0.00286849	6.18173e-06	1.85833	1.16566e-14	1.11425	1.01837e-14	1.42212	1.00005	0.00245143	6.00685e-06	1.56107	1.13809e-14	1.98268	9.54409e-15	1.43201
1755.73	141.232	0.074	0.998359	0.00289267	6.2623e-06	1.85491	1.18348e-14	1.10683	1.02944e-14	1.41897	1.00005	0.00246997	6.09793e-06	1.561	1.1534e-14	1.98859	9.64276e-15	1.42904
1777.56	143.14	0.075	0.99836	0.00291643	6.34149e-06	1.85156	1.20053e-14	1.09927	1.03955e-14	1.41576	1.00005	0.00248808	6.18758e-06	1.56093	1.16783e-14	1.99463	9.73208e-15	1.42601
1799.4	145.049	0.076	0.998361	0.00293977	6.41929e-06	1.84828	1.21679e-14	1.09157	1.04867e-14	1.41247	1.00006	0.00250577	6.27577e-06	1.56087	1.18134e-14	2.00082	9.81185e-15	1.4229
1821.26	146.957	0.077	0.998362	0.00296268	6.49565e-06	1.84508	1.23224e-14	1.08371	1.0568e-14	1.4091	1.00006	0.00252304	6.36246e-06	1.5608	1.19393e-14	2.00716	9.88184e-15	1.41972
1843.37	148.866	0.078	0.998363	0.00298518	6.57058e-06	1.84194	1.24687e-14	1.07569	1.0639e-14	1.40566	1.00006	0.0025399	6.44765e-06	1.56074	1.20558e-14	2.01365	9.94192e-15	1.41647
1865.2	150.775	0.079	0.998364	0.00300727	6.64404e-06	1.83887	1.26065e-14	1.06751	1.06997e-14	1.40213	1.00006	0.00255635	6.5313e-06	1.56068	1.21626e-14	2.02031	9.99189e-15	1.41314
1887.07	152.683	0.08	0.998364	0.00302895	6.71602e-06	1.83586	1.27357e-14	1.05915	1.07498e-14	1.39852	1.00006	0.00257239	6.61339e-06	1.56062	1.22597e-14	2.02714	1.00316e-14	1.40973
1908.93	154.592	0.081	0.998365	0.00305022	6.7865e-06	1.8329	1.28564e-14	1.05062	1.07893e-14	1.39482	1.00006	0.00258802	6.6939e-06	1.56056	1.23469e-14	2.03415	1.0061e-14	1.40624
1930.83	156.5	0.082	0.998366	0.0030711	6.85548e-06	1.83001	1.29684e-14	1.04191	1.08181e-14	1.39103	1.00006	0.00260326	6.77282e-06	1.56051	1.24243e-14	2.04135	1.00801e-14	1.40265
1952.68	158.409	0.083	0.998367	0.00309158	6.92294e-06	1.82717	1.30717e-14	1.03301	1.08362e-14	1.38714	1.00006	0.0026181	6.85013e-06	1.56045	1.24919e-14	2.04874	1.00887e-14	1.39898
1974.55	160.317	0.084	0.998368	0.00311167	6.98887e-06	1.82438	1.31662e-14	1.02392	1.08435e-14	1.38315	1.00006	0.00263256	6.92583e-06	1.5604	1.25495e-14	2.05632	1.00869e-14	1.3952
1996.43	162.226	0.085	0.998369	0.00313137	7.05327e-06	1.82164	1.32521e-14	1.01462	1.084e-14	1.37905	1.00006	0.00264662	6.99989e-06	1.56035	1.25973e-14	2.06412	1.00747e-14	1.39133
2018.33	164.134	0.086	0.99837	0.00315068	7.11612e-06	1.81895	1.33294e-14	1.00512	1.08258e-14	1.37484	1.00006	0.00266031	7.07231e-06	1.5603	1.26354e-14	2.07213	1.00521e-14	1.38734
2040.15	166.043	0.087	0.99837	0.00316962	7.17743e-06	1.8163	1.33982e-14	0.995408	1.0801e-14	1.37052	1.00006	0.00267361	7.14308e-06	1.56025	1.26639e-14	2.08037	1.00193e-14	1.38325
2062.05	167.951	0.088	0.998371	0.00318819	7.23719e-06	1.8137	1.34585e-14	0.985476	1.07657e-14	1.36608	1.00006	0.00268655	7.21219e-06	1.5602	1.26828e-14	2.08884	9.9763e-15	1.37904
2083.92	169.86	0.089	0.998372	0.00320638	7.2954e-06	1.81114	1.35106e-14	0.975317	1.07199e-14	1.36152	1.00006	0.00269911	7.27964e-06	1.56016	1.26923e-14	2.09755	9.92328e-15	1.37471
2105.91	171.768	0.09	0.998373	0.00322421	7.35206e-06	1.80862	1.35547e-14	0.964929	1.06638e-14	1.35682	1.00006	0.00271131	7.34543e-06	1.56011	1.26928e-14	2.1065	9.8604e-15	1.37025
2127.87	173.677	0.091	0.998373	0.00324168	7.40717e-06	1.80614	1.35908e-14	0.954302	1.05977e-14	1.35199	1.00006	0.00272316	7.40956e-06	1.56007	1.26843e-14	2.11572	9.78782e-15	1.36567
2149.99	175.586	0.092	0.998374	0.00325879	7.46073e-06	1.8037	1.36194e-14	0.943431	1.05217e-14	1.34701	1.00006	0.00273464	7.47202e-06	1.56003	1.26672e-14	2.1252	9.70576e-15	1.36094
2171.89	177.494	0.093	0.998375	0.00327556	7.51276e-06	1.80129	1.36406e-14	0.932311	1.0436e-14	1.34188	1.00007	0.00274578	7.53282e-06	1.55999	1.26416e-14	2.13495	9.61448e-15	1.35606
2193.75	179.403	0.094	0.998376	0.00329197	7.56324e-06	1.79892	1.36546e-14	0.920935	1.03409e-14	1.3366	1.00007	0.00275657	7.59195e-06	1.55995	1.2608e-14	2.14499	9.51422e-15	1.35103
2215.56	181.311	0.095	0.998376	0.00330805	7.6122e-06	1.79657	1.36619e-14	0.909299	1.02367e-14	1.33115	1.00007	0.00276702	7.64943e-06	1.55991	1.25667e-14	2.15532	9.40529e-15	1.34584
2237.47	183.22	0.096	0.998377	0.00332379	7.65964e-06	1.79426	1.36628e-14	0.897394	1.01237e-14	1.32553	1.00007	0.00277714	7.70526e-06	1.55988	1.25179e-14	2.16595	9.28797e-15	1.34048
2259.31	185.128	0.097	0.998378	0.00333919	7.70556e-06	1.79198	1.36575e-14	0.885217	1.00022e-14	1.31973	1.00007	0.00278692	7.75944e-06	1.55984	1.24622e-14	2.17689	9.16259e-15	1.33494
2281.23	187.037	0.098	0.998378	0.00335427	7.74998e-06	1.78973	1.36465e-14	0.872762	9.87255e-15	1.31375	1.00007	0.00279638	7.81198e-06	1.55981	1.23998e-14	2.18815	9.02946e-15	1.32922
2303.09	188.945	0.099	0.998379	0.00336903	7.7929e-06	1.7875	1.36301e-14	0.860023	9.7351e-15	1.30756	1.00007	0.00280552	7.86289e-06	1.55978	1.23312e-14	2.19974	8.889e-15	1.3233
2325.17	190.854	0.1	0.99838	0.00338347	7.83434e-06	1.7853	1.36088e-14	0.846997	9.59022e-15	1.30117	1.00007	0.00281434	7.91218e-06	1.55974	1.22569e-14	2.21167	8.74155e-15	1.31717
2347.06	192.762	0.101	0.99838	0.0033976	7.87432e-06	1.78312	1.35829e-14	0.833678	9.4383e-15	1.29456	1.00007	0.00282285	7.95986e-06	1.55971	1.21772e-14	2.22394	8.58752e-15	1.31083
2368.98	194.671	0.102	0.998381	0.00341141	7.91284e-06	1.78097	1.3553e-14	0.820062	9.27977e-15	1.28772	1.00007	0.00283105	8.00593e-06	1.55969	1.20927e-14	2.23657	8.42729e-15	1.30426
2391.02	196.579	0.103	0.998381	0.00342493	7.94991e-06	1.77883	1.35194e-14	0.806145	9.11503e-15	1.28064	1.00007	0.00283894	8.05042e-06	1.55966	1.20038e-14	2.24956	8.26131e-15	1.29745
2413.1	198.488	0.104	0.998382	0.00343815	7.98556e-06	1.77672	1.34827e-14	0.791925	8.94451e-15	1.27332	1.00007	0.00284654	8.09334e-06	1.55963	1.19111e-14	2.26293	8.08998e-15	1.29038
2435.35	200.396	0.105	0.998382	0.00345107	8.0198e-06	1.77463	1.34433e-14	0.777397	8.76863e-15	1.26572	1.00007	0.00285385	8.13469e-06	1.55961	1.1815e-14	2.27667	7.91375e-15	1.28305
2457.62	202.305	0.106	0.998383	0.0034637	8.05264e-06	1.77256	1.34016e-14	0.762562	8.58788e-15	1.25785	1.00007	0.00286087	8.17449e-06	1.55958	1.1716e-14	2.2908	7.73306e-15	1.27544
2479.61	204.214	0.107	0.998384	0.00347605	8.0841e-06	1.77051	1.33583e-14	0.747415	8.40268e-15	1.24969	1.00007	0.0028676	8.21276e-06	1.55956	1.16148e-14	2.30533	7.54835e-15	1.26753
2501.64	206.122	0.108	0.998384	0.00348812	8.1142e-06	1.76847	1.33137e-14	0.731956	8.21349e-15	1.24122	1.00007	0.00287406	8.24951e-06	1.55954	1.15117e-14	2.32026	7.3601e-15	1.25931
2523.71	208.031	0.109	0.998385	0.00349992	8.14296e-06	1.76645	1.32683e-14	0.716186	8.0208e-15	1.23243	1.00007	0.00288024	8.28477e-06	1.55951	1.14073e-14	2.3356	7.16878e-15	1.25075
2545.81	209.939	0.11	0.998385	0.00351145	8.17039e-06	1.76445	1.32228e-14	0.700104	7.82505e-15	1.2233	1.00007	0.00288615	8.31853e-06	1.55949	1.13023e-14	2.35136	6.97481e-15	1.24184
2567.93	211.848	0.111	0.998386	0.00352271	8.19651e-06	1.76246	1.31775e-14	0.683711	7.62671e-15	1.21381	1.00007	0.0028918	8.35083e-06	1.55947	1.1197e-14	2.36753	6.77868e-15	1.23256
2590.06	213.756	0.112	0.998386	0.00353371	8.22135e-06	1.76048	1.3133e-14	0.667012	7.42628e-15	1.20395	1.00007	0.00289718	8.38168e-06	1.55946	1.10921e-14	2.38413	6.58085e-15	1.22289
2612.16	215.665	0.113	0.998387	0.00354445	8.24492e-06	1.75852	1.30898e-14	0.650007	7.2242e-15	1.19368	1.00007	0.00290231	8.4111e-06	1.55944	1.0988e-14	2.40115	6.38179e-15	1.2128
2634.16	217.573	0.114	0.998387	0.00355494	8.26724e-06	1.75657	1.30484e-14	0.632701	7.02095e-15	1.183	1.00007	0.00290719	8.43911e-06	1.55942	1.08854e-14	2.41861	6.18192e-15	1.20228
2656.04	219.482	0.115	0.998387	0.00356518	8.28833e-06	1.75463	1.30093e-14	0.615101	6.81697e-15	1.17188	1.00007	0.00291183	8.46572e-06	1.55941	1.07847e-14	2.43649	5.98176e-15	1.19128
2677.89	221.39	0.116	0.998388	0.00357518	8.30821e-06	1.7527	1.2973e-14	0.597212	6.61274e-15	1.16029	1.00007	0.00291622	8.49095e-06	1.55939	1.06864e-14	2.45479	5.7817e-15	1.17979
2699.69	223.299	0.117	0.998388	0.00358495	8.3269e-06	1.75078	1.294e-14	0.579041	6.40871e-15	1.14822	1.00007	0.00292037	8.51483e-06	1.55938	1.05912e-14	2.47353	5.58222e-15	1.16777
2721.61	225.207	0.118	0.998389	0.00359448	8.34443e-06	1.74887	1.29108e-14	0.560598	6.20531e-15	1.13562	1.00007	0.00292428	8.53738e-06	1.55936	1.04995e-14	2.49268	5.38374e-15	1.15519
2743.72	227.116	0.119	0.998389	0.00360377	8.36081e-06	1.74697	1.28858e-14	0.541891	6.00299e-15	1.12248	1.00007	0.00292797	8.55861e-06	1.55935	1.04118e-14	2.51225	5.18669e-15	1.14202
2765.71	229.025	0.12	0.998389	0.00361285	8.37607e-06	1.74508	1.28655e-14	0.522933	5.80218e-15	1.10876	1.00007	0.00293144	8.57854e-06	1.55934	1.03285e-14	2.53223	4.99149e-15	1.12822
2787.65	230.933	0.121	0.99839	0.0036217	8.39022e-06	1.74319	1.28504e-14	0.503734	5.60328e-15	1.09444	1.00007	0.00293468	8.59719e-06	1.55932	1.02503e-14	2.55261	4.79855e-15	1.11375
2809.74	232.842	0.122	0.99839	0.00363034	8.40329e-06	1.74132	1.2841e-14	0.48431	5.40672e-15	1.07947	1.00007	0.00293771	8.6146e-06	1.55931	1.01775e-14	2.57338	4.60826e-15	1.09857
2832.91	234.75	0.123	0.998391	0.00363876	8.41531e-06	1.73944	1.28376e-14	0.464673	5.21289e-15	1.06383	1.00007	0.00294052	8.63076e-06	1.5593	1.01107e-14	2.59453	4.42101e-15	1.08263
2858.08	236.659	0.124	0.998391	0.00364697	8.42628e-06	1.73758	1.28406e-14	0.44484	5.02215e-15	1.04748	1.00007	0.00294312	8.64572e-06	1.55929	1.00502e-14	2.61603	4.23717e-15	1.06589
2883.74	238.567	0.125	0.998391	0.00365498	8.43623e-06	1.73572	1.28506e-14	0.424829	4.83492e-15	1.03038	1.00007	0.00294553	8.65948e-06	1.55928	9.99653e-15	2.63788	4.0571e-15	1.04829
2908.97	240.476	0.126	0.998392	0.00366279	8.44519e-06	1.73386	1.28678e-14	0.404656	4.65151e-15	1.01249	1.00007	0.00294773	8.67207e-06	1.55928	9.95006e-15	2.66006	3.88116e-15	1.02979
2931.86	242.384	0.127	0.998392	0.00367041	8.45318e-06	1.73201	1.28927e-14	0.38434	4.47228e-15	0.993765	1.00007	0.00294973	8.6835e-06	1.55927	9.91123e-15	2.68253	3.70965e-15	1.01032
2954.95	244.293	0.128	0.998392	0.00367783	8.46021e-06	1.73016	1.29256e-14	0.363901	4.29757e-15	0.974173	1.00007	0.00295154	8.69381e-06	1.55926	9.8804e-15	2.70529	3.54292e-15	0.989828
2980.93	246.201	0.129	0.998392	0.00368506	8.46631e-06	1.72832	1.2967e-14	0.34336	4.12767e-15	0.953664	1.00007	0.00295317	8.70301e-06	1.55925	9.85796e-15	2.7283	3.38124e-15	0.968251
3007.88	248.11	0.13	0.998393	0.0036921	8.4715e-06	1.72648	1.3017e-14	0.322738	3.96291e-15	0.932198	1.00007	0.00295461	8.71112e-06	1.55925	9.84425e-15	2.75153	3.22491e-15	0.945526
3033.63	250.018	0.131	0.998393	0.00369897	8.4758e-06	1.72464	1.30761e-14	0.302056	3.80354e-15	0.909729	1.00007	0.00295587	8.71816e-06	1.55924	9.83962e-15	2.77497	3.0742e-15	0.921588
3057.12	251.927	0.132	0.998393	0.00370566	8.47924e-06	1.7228	1.31446e-14	0.281337	3.64984e-15	0.886215	1.00007	0.00295695	8.72416e-06	1.55923	9.84438e-15	2.79857	2.92936e-15	0.89637
3079.93	253.836	0.133	0.998394	0.00371218	8.48183e-06	1.72097	1.32226e-14	0.260603	3.50207e-15	0.861611	1.00007	0.00295785	8.72913e-06	1.55923	9.85883e-15	2.82231	2.79063e-15	0.869805
3104.88	255.744	0.134	0.998394	0.00371852	8.48359e-06	1.71913	1.33106e-14	0.239876	3.36043e-15	0.835878	1.00007	0.00295859	8.73309e-06	1.55922	9.88327e-15	2.84615	2.65822e-15	0.841829
3127.57	257.653	0.135	0.998394	0.0037247	8.48455e-06	1.7173	1.34087e-14	0.219182	3.22517e-15	0.808979	1.00007	0.00295916	8.73607e-06	1.55922	9.91795e-15	2.87006	2.53234e-15	0.812376
3150.1	259.561	0.136	0.998394	0.00373072	8.48472e-06	1.71547	1.35173e-14	0.19854	3.09648e-15	0.78088	1.00007	0.00295957	8.73809e-06	1.55922	9.96313e-15	2.894	2.41317e-15	0.781389
3173.95	261.47	0.137	0.998395	0.00373657	8.48414e-06	1.71363	1.36364e-14	0.177973	2.97453e-15	0.75155	1.00007	0.00295982	8.73916e-06	1.55921	1.0019e-14	2.91794	2.30088e-15	0.748812
3205.64	263.378	0.138	0.998395	0.00374227	8.48281e-06	1.7118	1.37663e-14	0.157504	2.8595e-15	0.720968	1.00007	0.00295992	8.73931e-06	1.55921	1.00858e-14	2.94185	2.19562e-15	0.714602
3229.77	265.287	0.139	0.998395	0.00374782	8.48075e-06	1.70997	1.39072e-14	0.137154	2.75152e-15	0.689121	1.00007	0.00295986	8.73855e-06	1.55921	1.01638e-14	2.96569	2.09752e-15	0.678725
3255.57	267.195	0.14	0.998395	0.00375322	8.478e-06	1.70813	1.40592e-14	0.116945	2.65074e-15	0.656003	1.00007	0.00295965	8.73691e-06	1.5592	1.0253e-14	2.98943	2.0067e-15	0.641161
3278.54	269.104	0.141	0.998395	0.00375848	8.47456e-06	1.70629	1.42226e-14	0.096896	2.55726e-15	0.62162	1.00007	0.0029593	8.73441e-06	1.5592	1.03537e-14	3.01303	1.92327e-15	0.601913
3302.37	271.012	0.142	0.998396	0.00376359	8.47046e-06	1.70446	1.43973e-14	0.0770267	2.47119e-15	0.585995	1.00007	0.0029588	8.73106e-06	1.5592	1.04659e-14	3.03646	1.84729e-15	0.560998
3328.39	272.921	0.143	0.998396	0.00376856	8.46572e-06	1.70262	1.45836e-14	0.057355	2.39261e-15	0.549161	1.00007	0.00295817	8.72689e-06	1.55919	1.05899e-14	3.0597	1.77885e-15	0.518463
3352.23	274.829	0.144	0.998396	0.0037734	8.46035e-06	1.70078	1.47815e-14	0.0378995	2.32157e-15	0.51117	1.00007	0.0029574	8.72191e-06	1.55919	1.07257e-14	3.0827	1.71799e-15	0.474383
3374.34	276.738	0.145	0.998396	0.0037781	8.45438e-06	1.69893	1.49911e-14	0.0186754	2.25813e-15	0.472091	1.00007	0.00295649	8.71614e-06	1.55919	1.08733e-14	3.10545	1.66475e-15	0.428859
