=== Mesh Information ===
Number of tetrahedra: 148000
Number of vertices: 29322
Number of boundary elements: 32146
m1 = -4, m2 = -2, m3 = 4, d = 2.16
# a = 25 um
# sigma0 = 2.25873
# n = 5e+11 1/cm^2, mu = 7.47912 m^2/Vs
# epsilon = (1,0), kcr1 = -0.0311846 1/T
# d = 2.16, kcr = -0, k = 0.001
Time_from_Epoch = 1769780238
time_(s)	Frequency_(GHz)	k	|t_xx|^2	arg(t_xx)	|r_xx|^2	arg(r_xx)	|t_xy|^2	arg(t_xy)	|r_xy|^2	arg(r_xy)	|t_yy|^2	arg(t_yy)	|r_yy|^2	arg(r_yy)	|t_yx|^2	arg(t_yx)	|r_yx|^2	arg(r_yx)	
59.117	1.90854	0.001	0.998297	4.88868e-05	7.2755e-07	3.09225	2.29333e-18	1.56733	2.28427e-18	1.57284	1	4.31315e-05	1.86033e-09	1.57136	2.28718e-18	1.58167	2.14041e-18	1.57313
84.151	2.86281	0.0015	0.998297	7.33321e-05	7.29726e-07	3.06765	4.86855e-18	1.56545	4.85687e-18	1.57377	1	6.47073e-05	4.18704e-09	1.57164	4.86603e-18	1.58755	4.54823e-18	1.57418
109.996	3.81708	0.002	0.998297	9.77796e-05	7.32772e-07	3.04313	8.42348e-18	1.56358	8.41763e-18	1.57474	1	8.6295e-05	7.44684e-09	1.57192	8.48222e-18	1.59333	7.92891e-18	1.57524
134.707	4.77135	0.0025	0.998297	0.00012223	7.3669e-07	3.01872	1.31603e-17	1.56174	1.31445e-17	1.57564	1	0.000107899	1.16421e-08	1.57221	1.31675e-17	1.59908	1.23114e-17	1.57633
157.695	5.72561	0.003	0.998297	0.000146685	7.4148e-07	2.99445	1.89016e-17	1.55994	1.88842e-17	1.5766	1	0.000129522	1.67761e-08	1.57249	1.89601e-17	1.60475	1.7718e-17	1.57741
180.577	6.67988	0.0035	0.998297	0.000171144	7.47143e-07	2.97035	2.57767e-17	1.55817	2.57675e-17	1.57757	0.999999	0.00015117	2.28524e-08	1.57277	2.58556e-17	1.6104	2.41687e-17	1.57849
203.45	7.63415	0.004	0.998297	0.000195608	7.53679e-07	2.94643	3.38572e-17	1.5564	3.38513e-17	1.5785	0.999999	0.000172846	2.98757e-08	1.57306	3.39974e-17	1.61593	3.17822e-17	1.57955
226.525	8.58842	0.0045	0.998297	0.000220079	7.61089e-07	2.92273	4.31064e-17	1.55468	4.30913e-17	1.57945	0.999999	0.000194553	3.78512e-08	1.57334	4.32961e-17	1.62147	4.04582e-17	1.58063
249.355	9.54269	0.005	0.998297	0.000244556	7.69375e-07	2.89925	5.36381e-17	1.55298	5.3633e-17	1.58039	0.999999	0.000216297	4.67848e-08	1.57362	5.38967e-17	1.62692	5.03553e-17	1.5817
272.236	10.497	0.0055	0.998297	0.000269041	7.78538e-07	2.87604	6.55264e-17	1.5513	6.55079e-17	1.58131	0.999999	0.000238082	5.66832e-08	1.57391	6.58046e-17	1.63233	6.14756e-17	1.58277
295.115	11.4512	0.006	0.998296	0.000293534	7.88579e-07	2.85309	7.87717e-17	1.54967	7.87546e-17	1.58224	0.999998	0.00025991	6.75538e-08	1.57419	7.91677e-17	1.63763	7.39466e-17	1.58381
318.027	12.4055	0.0065	0.998296	0.000318037	7.99501e-07	2.83043	9.34647e-17	1.54807	9.34544e-17	1.58316	0.999998	0.000281787	7.94047e-08	1.57448	9.39732e-17	1.64288	8.77592e-17	1.58486
340.922	13.3598	0.007	0.998296	0.000342549	8.11303e-07	2.80808	1.09723e-16	1.54652	1.0971e-16	1.58408	0.999998	0.000303717	9.22449e-08	1.57477	1.10477e-16	1.648	1.03146e-16	1.58588
363.912	14.314	0.0075	0.998296	0.000367073	8.2399e-07	2.78605	1.27657e-16	1.545	1.27627e-16	1.58499	0.999997	0.000325704	1.06084e-07	1.57505	1.28574e-16	1.65307	1.20013e-16	1.5869
386.958	15.2683	0.008	0.998296	0.000391607	8.37561e-07	2.76435	1.47298e-16	1.54353	1.47269e-16	1.58589	0.999997	0.000347752	1.20933e-07	1.57534	1.4846e-16	1.65805	1.38557e-16	1.58792
409.771	16.2226	0.0085	0.998296	0.000416154	8.5202e-07	2.743	1.68749e-16	1.54209	1.6872e-16	1.58679	0.999997	0.000369865	1.36802e-07	1.57563	1.70206e-16	1.66295	1.58819e-16	1.58893
432.767	17.1768	0.009	0.998296	0.000440714	8.67369e-07	2.722	1.92171e-16	1.54071	1.92148e-16	1.58768	0.999996	0.000392048	1.53704e-07	1.57592	1.93991e-16	1.66773	1.80977e-16	1.58991
455.69	18.1311	0.0095	0.998296	0.000465288	8.8361e-07	2.70136	2.17721e-16	1.53939	2.17686e-16	1.58856	0.999996	0.000414306	1.71652e-07	1.57621	2.19909e-16	1.67242	2.05116e-16	1.5909
479.317	19.0854	0.01	0.998296	0.000489877	9.00745e-07	2.68109	2.45416e-16	1.5381	2.45388e-16	1.58943	0.999995	0.000436642	1.9066e-07	1.5765	2.48166e-16	1.677	2.31426e-16	1.59186
502.269	20.0396	0.0105	0.998296	0.000514481	9.18777e-07	2.66119	2.75605e-16	1.53687	2.75587e-16	1.5903	0.999995	0.000459061	2.10741e-07	1.5768	2.7885e-16	1.68149	2.59997e-16	1.59283
525.172	20.9939	0.011	0.998296	0.000539101	9.3771e-07	2.64167	3.08325e-16	1.53569	3.083e-16	1.59115	0.999994	0.000481567	2.31912e-07	1.57709	3.12153e-16	1.68587	2.91002e-16	1.59378
548.046	21.9482	0.0115	0.998296	0.000563738	9.57545e-07	2.62253	3.43692e-16	1.53457	3.43677e-16	1.592	0.999994	0.000504166	2.5419e-07	1.57739	3.48314e-16	1.69013	3.24655e-16	1.59472
570.938	22.9025	0.012	0.998295	0.000588392	9.78287e-07	2.60376	3.82063e-16	1.5335	3.82043e-16	1.59284	0.999993	0.000526862	2.77591e-07	1.57768	3.87463e-16	1.69429	3.61088e-16	1.59564
593.801	23.8567	0.0125	0.998295	0.000613066	9.99938e-07	2.58538	4.23507e-16	1.53249	4.23505e-16	1.59367	0.999992	0.000549659	3.02134e-07	1.57798	4.29911e-16	1.69831	4.00607e-16	1.59654
616.638	24.811	0.013	0.998295	0.000637758	1.0225e-06	2.56738	4.68306e-16	1.53153	4.68318e-16	1.59449	0.999992	0.000572562	3.27838e-07	1.57828	4.75757e-16	1.70224	4.43268e-16	1.59745
639.538	25.7653	0.0135	0.998295	0.000662471	1.04598e-06	2.54976	5.16632e-16	1.53064	5.16679e-16	1.5953	0.999991	0.000595577	3.54724e-07	1.57858	5.25269e-16	1.70607	4.8936e-16	1.59834
662.391	26.7195	0.014	0.998295	0.000687204	1.07038e-06	2.53252	5.68872e-16	1.52979	5.6894e-16	1.5961	0.99999	0.000618708	3.82814e-07	1.57888	5.78892e-16	1.70975	5.39265e-16	1.59921
685.643	27.6738	0.0145	0.998295	0.00071196	1.0957e-06	2.51565	6.2516e-16	1.52901	6.25257e-16	1.5969	0.99999	0.00064196	4.12129e-07	1.57919	6.36666e-16	1.71334	5.93058e-16	1.60007
708.639	28.6281	0.015	0.998295	0.000736737	1.12195e-06	2.49915	6.85873e-16	1.52829	6.86024e-16	1.59769	0.999989	0.000665337	4.42693e-07	1.57949	6.9907e-16	1.7168	6.51165e-16	1.60092
731.5	29.5823	0.0155	0.998295	0.000761538	1.14914e-06	2.48302	7.51311e-16	1.52763	7.51518e-16	1.59846	0.999988	0.000688847	4.74532e-07	1.5798	7.6639e-16	1.72015	7.13861e-16	1.60176
754.528	30.5366	0.016	0.998294	0.000786364	1.17725e-06	2.46724	8.21826e-16	1.52702	8.22103e-16	1.59923	0.999987	0.000712492	5.07671e-07	1.58011	8.38964e-16	1.72339	7.81472e-16	1.60259
777.495	31.4909	0.0165	0.998294	0.000811214	1.20631e-06	2.45182	8.97666e-16	1.52647	8.98022e-16	1.6	0.999986	0.00073628	5.42138e-07	1.58042	9.17168e-16	1.72651	8.54351e-16	1.6034
800.448	32.4451	0.017	0.998294	0.000836089	1.23632e-06	2.43676	9.79429e-16	1.52599	9.79891e-16	1.60075	0.999985	0.000760215	5.77961e-07	1.58073	1.00147e-15	1.72951	9.32937e-16	1.6042
823.451	33.3994	0.0175	0.998294	0.000860992	1.26727e-06	2.42203	1.06738e-15	1.52555	1.06797e-15	1.60149	0.999985	0.000784303	6.1517e-07	1.58104	1.09214e-15	1.73242	1.01748e-15	1.605
846.497	34.3537	0.018	0.998294	0.000885921	1.29918e-06	2.40764	1.16204e-15	1.52518	1.16279e-15	1.60223	0.999984	0.00080855	6.53796e-07	1.58136	1.18991e-15	1.73519	1.10871e-15	1.60577
869.281	35.308	0.0185	0.998294	0.000910879	1.33204e-06	2.39359	1.26374e-15	1.52487	1.26468e-15	1.60296	0.999983	0.000832961	6.93872e-07	1.58168	1.29509e-15	1.73786	1.20687e-15	1.60654
892.105	36.2622	0.019	0.998293	0.000935866	1.36588e-06	2.37985	1.37325e-15	1.5246	1.37438e-15	1.60367	0.999982	0.000857542	7.35433e-07	1.582	1.40828e-15	1.74043	1.31256e-15	1.60729
914.807	37.2165	0.0195	0.998293	0.000960883	1.40068e-06	2.36644	1.49098e-15	1.5244	1.49236e-15	1.60439	0.99998	0.000882299	7.78513e-07	1.58232	1.53006e-15	1.74289	1.42633e-15	1.60804
937.7	38.1708	0.02	0.998293	0.000985931	1.43646e-06	2.35333	1.61747e-15	1.52425	1.61914e-15	1.60509	0.999979	0.000907239	8.23152e-07	1.58265	1.66092e-15	1.74524	1.54867e-15	1.60878
960.79	39.125	0.0205	0.998293	0.00101101	1.47321e-06	2.34053	1.75338e-15	1.52416	1.75538e-15	1.60579	0.999978	0.000932367	8.69386e-07	1.58298	1.80165e-15	1.7475	1.68029e-15	1.6095
983.591	40.0793	0.021	0.998293	0.00103612	1.51096e-06	2.32802	1.89955e-15	1.52412	1.90191e-15	1.60648	0.999977	0.000957691	9.17258e-07	1.58331	1.95308e-15	1.74964	1.82201e-15	1.61022
1006.39	41.0336	0.0215	0.998292	0.00106127	1.5497e-06	2.3158	2.05647e-15	1.52413	2.05929e-15	1.60717	0.999976	0.000983216	9.6681e-07	1.58364	2.11569e-15	1.75169	1.97429e-15	1.61092
1029.27	41.9878	0.022	0.998292	0.00108644	1.58944e-06	2.30387	2.22497e-15	1.5242	2.2283e-15	1.60785	0.999974	0.00100895	1.01809e-06	1.58398	2.29042e-15	1.75365	2.13801e-15	1.61162
1052.06	42.9421	0.0225	0.998292	0.00111166	1.63018e-06	2.2922	2.40602e-15	1.52432	2.40991e-15	1.60852	0.999973	0.0010349	1.07113e-06	1.58432	2.47818e-15	1.75551	2.31406e-15	1.61231
1075.04	43.8964	0.023	0.998292	0.00113691	1.67194e-06	2.28081	2.60039e-15	1.52449	2.60493e-15	1.60919	0.999972	0.00106107	1.126e-06	1.58466	2.67984e-15	1.75727	2.50328e-15	1.61299
1097.84	44.8506	0.0235	0.998292	0.00116219	1.71471e-06	2.26968	2.80899e-15	1.5247	2.81427e-15	1.60985	0.99997	0.00108747	1.18274e-06	1.585	2.89631e-15	1.75895	2.70656e-15	1.61366
1120.65	45.8049	0.024	0.998291	0.00118752	1.75851e-06	2.2588	3.03304e-15	1.52497	3.03917e-15	1.6105	0.999969	0.00111411	1.2414e-06	1.58535	3.12876e-15	1.76054	2.92497e-15	1.61433
1143.41	46.7592	0.0245	0.998291	0.00121288	1.80334e-06	2.24817	3.27336e-15	1.52528	3.28044e-15	1.61116	0.999967	0.00114099	1.30203e-06	1.5857	3.37832e-15	1.76205	3.15966e-15	1.61498
1166.87	47.7135	0.025	0.998291	0.00123828	1.84921e-06	2.23778	3.5313e-15	1.52564	3.53945e-15	1.6118	0.999966	0.00116812	1.36471e-06	1.58606	3.64617e-15	1.76347	3.41173e-15	1.61563
1189.67	48.6677	0.0255	0.998291	0.00126372	1.89613e-06	2.22762	3.80818e-15	1.52604	3.81752e-15	1.61245	0.999964	0.00119552	1.42948e-06	1.58641	3.93359e-15	1.76481	3.6824e-15	1.61628
1212.56	49.622	0.026	0.99829	0.0012892	1.94411e-06	2.2177	4.10509e-15	1.52649	4.11576e-15	1.61309	0.999962	0.00122318	1.4964e-06	1.58677	4.24213e-15	1.76607	3.97321e-15	1.61692
1235.51	50.5763	0.0265	0.99829	0.00131473	1.99314e-06	2.20799	4.42364e-15	1.52698	4.43583e-15	1.61372	0.999961	0.00125112	1.56556e-06	1.58714	4.57297e-15	1.76726	4.28529e-15	1.61755
1258.45	51.5305	0.027	0.99829	0.00134029	2.04325e-06	2.1985	4.76529e-15	1.52752	4.77915e-15	1.61435	0.999959	0.00127934	1.637e-06	1.58751	4.92785e-15	1.76838	4.62029e-15	1.61818
1281.38	52.4848	0.0275	0.998289	0.0013659	2.09444e-06	2.18922	5.13162e-15	1.5281	5.14735e-15	1.61498	0.999957	0.00130786	1.71081e-06	1.58788	5.30852e-15	1.76942	4.97995e-15	1.6188
1304.14	53.4391	0.028	0.998289	0.00139156	2.14671e-06	2.18014	5.52462e-15	1.52871	5.54242e-15	1.61561	0.999955	0.00133668	1.78707e-06	1.58826	5.71677e-15	1.7704	5.36596e-15	1.61942
1326.93	54.3933	0.0285	0.998289	0.00141726	2.20008e-06	2.17127	5.94594e-15	1.52937	5.96604e-15	1.61624	0.999953	0.00136582	1.86584e-06	1.58864	6.15451e-15	1.77131	5.78021e-15	1.62003
1349.67	55.3476	0.029	0.998289	0.00144301	2.25455e-06	2.16258	6.39771e-15	1.53006	6.42036e-15	1.61686	0.999951	0.00139527	1.94721e-06	1.58902	6.62391e-15	1.77216	6.22475e-15	1.62064
1372.58	56.3019	0.0295	0.998288	0.0014688	2.31013e-06	2.15408	6.88213e-15	1.5308	6.90762e-15	1.61748	0.999949	0.00142506	2.03126e-06	1.58941	7.1271e-15	1.77294	6.70172e-15	1.62125
1395.66	57.2561	0.03	0.998288	0.00149464	2.36684e-06	2.14577	7.40137e-15	1.53156	7.42997e-15	1.6181	0.999947	0.0014552	2.11809e-06	1.5898	7.66661e-15	1.77367	7.21349e-15	1.62185
1418.51	58.2104	0.0305	0.998288	0.00152053	2.42468e-06	2.13763	7.95801e-15	1.53237	7.99005e-15	1.61872	0.999945	0.00148568	2.20779e-06	1.5902	8.24486e-15	1.77434	7.7625e-15	1.62246
1441.53	59.1647	0.031	0.998287	0.00154648	2.48366e-06	2.12966	8.55461e-15	1.53321	8.59044e-15	1.61934	0.999942	0.00151653	2.30046e-06	1.5906	8.86458e-15	1.77496	8.35135e-15	1.62306
1464.33	60.1189	0.0315	0.998287	0.00157247	2.54379e-06	2.12186	9.19397e-15	1.53408	9.23399e-15	1.61996	0.99994	0.00154776	2.3962e-06	1.59101	9.52888e-15	1.77552	8.98308e-15	1.62366
1487.2	61.0732	0.032	0.998287	0.00159852	2.60508e-06	2.11422	9.8795e-15	1.53499	9.9241e-15	1.62058	0.999937	0.00157937	2.49511e-06	1.59142	1.02408e-14	1.77604	9.6606e-15	1.62425
1510.02	62.0275	0.0325	0.998286	0.00162461	2.66754e-06	2.10674	1.06142e-14	1.53593	1.06638e-14	1.6212	0.999935	0.00161138	2.59731e-06	1.59184	1.10037e-14	1.77651	1.03873e-14	1.62485
1533.01	62.9818	0.033	0.998286	0.00165077	2.73119e-06	2.09942	1.14014e-14	1.53689	1.14566e-14	1.62182	0.999932	0.00164381	2.70292e-06	1.59226	1.18213e-14	1.77693	1.11667e-14	1.62545
1555.98	63.936	0.0335	0.998286	0.00167697	2.79602e-06	2.09224	1.22451e-14	1.53789	1.23063e-14	1.62244	0.999929	0.00167665	2.81206e-06	1.59269	1.26973e-14	1.77731	1.20024e-14	1.62605
1578.86	64.8903	0.034	0.998285	0.00170324	2.86206e-06	2.08521	1.31492e-14	1.53892	1.3217e-14	1.62307	0.999926	0.00170994	2.92486e-06	1.59313	1.36359e-14	1.77765	1.28986e-14	1.62664
1601.82	65.8446	0.0345	0.998285	0.00172956	2.92931e-06	2.07832	1.41183e-14	1.53998	1.41933e-14	1.62369	0.999924	0.00174367	3.04145e-06	1.59357	1.46417e-14	1.77795	1.38597e-14	1.62724
1624.76	66.7988	0.035	0.998285	0.00175594	2.99779e-06	2.07157	1.51567e-14	1.54107	1.52396e-14	1.62432	0.999921	0.00177787	3.16198e-06	1.59401	1.57195e-14	1.77822	1.48904e-14	1.62784
1647.57	67.7531	0.0355	0.998284	0.00178237	3.0675e-06	2.06496	1.62695e-14	1.54218	1.63611e-14	1.62495	0.999917	0.00181255	3.28659e-06	1.59446	1.68741e-14	1.77845	1.59954e-14	1.62845
1670.56	68.7074	0.036	0.998284	0.00180887	3.13847e-06	2.05847	1.74619e-14	1.54332	1.75629e-14	1.62559	0.999914	0.00184773	3.41544e-06	1.59492	1.81113e-14	1.77864	1.71804e-14	1.62905
1693.48	69.6616	0.0365	0.998283	0.00183543	3.21069e-06	2.05211	1.87398e-14	1.54449	1.88511e-14	1.62623	0.999911	0.00188341	3.5487e-06	1.59539	1.9437e-14	1.77881	1.84511e-14	1.62966
1716.39	70.6159	0.037	0.998283	0.00186205	3.28418e-06	2.04587	2.01095e-14	1.54568	2.02319e-14	1.62687	0.999907	0.00191962	3.68654e-06	1.59586	2.08573e-14	1.77894	1.98136e-14	1.63027
1739.15	71.5702	0.0375	0.998283	0.00188873	3.35896e-06	2.03975	2.15774e-14	1.5469	2.17118e-14	1.62751	0.999904	0.00195638	3.82913e-06	1.59634	2.23794e-14	1.77905	2.12747e-14	1.63088
1761.99	72.5244	0.038	0.998282	0.00191548	3.43504e-06	2.03375	2.31505e-14	1.54814	2.32982e-14	1.62817	0.9999	0.00199369	3.97667e-06	1.59683	2.40104e-14	1.77913	2.28416e-14	1.6315
1784.82	73.4787	0.0385	0.998282	0.00194229	3.51243e-06	2.02786	2.48366e-14	1.54941	2.49986e-14	1.62882	0.999896	0.00203159	4.12936e-06	1.59732	2.57581e-14	1.77919	2.45218e-14	1.63212
1807.65	74.433	0.039	0.998281	0.00196917	3.59114e-06	2.02208	2.66442e-14	1.5507	2.68217e-14	1.62948	0.999892	0.00207008	4.28741e-06	1.59783	2.76311e-14	1.77923	2.63237e-14	1.63275
1830.45	75.3873	0.0395	0.998281	0.00199612	3.67119e-06	2.01641	2.85814e-14	1.55201	2.87758e-14	1.63015	0.999888	0.00210919	4.45104e-06	1.59834	2.96384e-14	1.77924	2.82563e-14	1.63338
1853.62	76.3415	0.04	0.998281	0.00202314	3.75259e-06	2.01084	3.06583e-14	1.55335	3.0871e-14	1.63082	0.999884	0.00214893	4.62047e-06	1.59885	3.17897e-14	1.77924	3.0329e-14	1.63402
1876.42	77.2958	0.0405	0.99828	0.00205022	3.83536e-06	2.00538	3.28849e-14	1.55471	3.31173e-14	1.6315	0.99988	0.00218934	4.79597e-06	1.59938	3.40958e-14	1.77922	3.25522e-14	1.63467
1899.22	78.2501	0.041	0.99828	0.00207738	3.91951e-06	2.00001	3.52723e-14	1.55609	3.55262e-14	1.63219	0.999875	0.00223042	4.97778e-06	1.59992	3.65677e-14	1.77918	3.49371e-14	1.63532
1921.95	79.2043	0.0415	0.998279	0.0021046	4.00505e-06	1.99475	3.78323e-14	1.55749	3.81094e-14	1.63289	0.99987	0.00227221	5.16617e-06	1.60046	3.92176e-14	1.77913	3.74953e-14	1.63598
1944.81	80.1586	0.042	0.998279	0.0021319	4.092e-06	1.98957	4.05776e-14	1.55891	4.08799e-14	1.63359	0.999865	0.00231472	5.36145e-06	1.60102	4.20589e-14	1.77906	4.02402e-14	1.63664
1967.7	81.1129	0.0425	0.998278	0.00215928	4.18038e-06	1.98449	4.35221e-14	1.56035	4.38517e-14	1.6343	0.99986	0.00235799	5.56389e-06	1.60158	4.51057e-14	1.77899	4.31854e-14	1.63732
1990.59	82.0671	0.043	0.998278	0.00218673	4.2702e-06	1.97949	4.66806e-14	1.56182	4.70395e-14	1.63502	0.999855	0.00240203	5.77384e-06	1.60216	4.8373e-14	1.7789	4.6346e-14	1.638
2013.42	83.0214	0.0435	0.998277	0.00221425	4.36147e-06	1.97459	5.00687e-14	1.5633	5.04594e-14	1.63575	0.999849	0.00244688	5.99162e-06	1.60275	5.18773e-14	1.77881	4.97378e-14	1.63869
2036.58	83.9757	0.044	0.998277	0.00224186	4.45421e-06	1.96977	5.37046e-14	1.56481	5.41296e-14	1.63649	0.999844	0.00249255	6.21759e-06	1.60334	5.56366e-14	1.77871	5.33788e-14	1.6394
2059.57	84.9299	0.0445	0.998276	0.00226954	4.54845e-06	1.96503	5.7606e-14	1.56634	5.8068e-14	1.63724	0.999838	0.00253909	6.45213e-06	1.60395	5.96696e-14	1.77861	5.72873e-14	1.64011
2082.32	85.8842	0.045	0.998276	0.0022973	4.64419e-06	1.96037	6.17934e-14	1.56788	6.22955e-14	1.638	0.999832	0.00258651	6.69564e-06	1.60457	6.39974e-14	1.7785	6.14839e-14	1.64083
2105.08	86.8385	0.0455	0.998275	0.00232514	4.74145e-06	1.95579	6.62886e-14	1.56945	6.68338e-14	1.63877	0.999825	0.00263486	6.94853e-06	1.6052	6.8642e-14	1.77838	6.59904e-14	1.64156
2128.1	87.7928	0.046	0.998275	0.00235307	4.84025e-06	1.95129	7.11153e-14	1.57104	7.17071e-14	1.63956	0.999819	0.00268417	7.21127e-06	1.60585	7.3628e-14	1.77827	7.0831e-14	1.64231
2151.05	88.747	0.0465	0.998274	0.00238108	4.94061e-06	1.94686	7.62983e-14	1.57264	7.69404e-14	1.64035	0.999812	0.00273446	7.48432e-06	1.6065	7.89807e-14	1.77816	7.60305e-14	1.64307
2174.02	89.7013	0.047	0.998274	0.00240917	5.04255e-06	1.94251	8.18653e-14	1.57427	8.25615e-14	1.64116	0.999805	0.00278578	7.76819e-06	1.60718	8.47291e-14	1.77804	8.16177e-14	1.64384
2196.9	90.6556	0.0475	0.998273	0.00243735	5.14608e-06	1.93823	8.78464e-14	1.57592	8.86011e-14	1.64199	0.999797	0.00283816	8.0634e-06	1.60786	9.09032e-14	1.77793	8.76217e-14	1.64462
2220.32	91.6098	0.048	0.998272	0.00246562	5.25123e-06	1.93402	9.4274e-14	1.57759	9.50917e-14	1.64283	0.99979	0.00289165	8.37054e-06	1.60856	9.75365e-14	1.77783	9.40758e-14	1.64542
2243.21	92.5641	0.0485	0.998272	0.00249397	5.358e-06	1.92987	1.01182e-13	1.57927	1.02068e-13	1.64368	0.999782	0.00294628	8.69019e-06	1.60927	1.04664e-13	1.77773	1.01015e-13	1.64624
2266.28	93.5184	0.049	0.998271	0.00252242	5.46643e-06	1.92579	1.0861e-13	1.58098	1.09569e-13	1.64455	0.999773	0.00300209	9.023e-06	1.61	1.12326e-13	1.77764	1.08477e-13	1.64707
2289.05	94.4726	0.0495	0.998271	0.00255096	5.57653e-06	1.92178	1.16597e-13	1.58272	1.17635e-13	1.64543	0.999765	0.00305915	9.36966e-06	1.61075	1.20563e-13	1.77755	1.16505e-13	1.64791
2311.84	95.4269	0.05	0.99827	0.00257959	5.68833e-06	1.91783	1.2519e-13	1.58447	1.26312e-13	1.64633	0.999756	0.00311748	9.73089e-06	1.61152	1.29422e-13	1.77747	1.25142e-13	1.64877
2334.7	96.3812	0.0505	0.998269	0.00260831	5.80183e-06	1.91394	1.34435e-13	1.58624	1.35649e-13	1.64725	0.999746	0.00317714	1.01075e-05	1.6123	1.38953e-13	1.77741	1.34439e-13	1.64965
2357.74	97.3354	0.051	0.998269	0.00263713	5.91707e-06	1.91011	1.44386e-13	1.58804	1.45699e-13	1.64819	0.999736	0.00323819	1.05002e-05	1.6131	1.49209e-13	1.77736	1.44448e-13	1.65055
2380.55	98.2897	0.0515	0.998268	0.00266604	6.03407e-06	1.90635	1.55101e-13	1.58986	1.56521e-13	1.64915	0.999726	0.00330068	1.091e-05	1.61391	1.60248e-13	1.77732	1.55226e-13	1.65147
2403.38	99.244	0.052	0.998268	0.00269505	6.15284e-06	1.90263	1.66642e-13	1.5917	1.68175e-13	1.65012	0.999715	0.00336466	1.13378e-05	1.61475	1.72135e-13	1.77729	1.66838e-13	1.65241
2426.41	100.198	0.0525	0.998267	0.00272416	6.27341e-06	1.89898	1.79076e-13	1.59357	1.80733e-13	1.65112	0.999704	0.00343021	1.17845e-05	1.61561	1.84941e-13	1.77728	1.79353e-13	1.65337
2453.42	101.153	0.053	0.998266	0.00275338	6.39581e-06	1.89538	1.92478e-13	1.59546	1.94268e-13	1.65214	0.999692	0.00349737	1.22514e-05	1.61649	1.98739e-13	1.77729	1.92844e-13	1.65435
2478	102.107	0.0535	0.998266	0.00278269	6.52005e-06	1.89184	2.06929e-13	1.59737	2.08862e-13	1.65318	0.99968	0.00356623	1.27395e-05	1.61739	2.13614e-13	1.77732	2.07393e-13	1.65536
2502.59	103.061	0.054	0.998265	0.00281211	6.64616e-06	1.88834	2.22517e-13	1.59931	2.24605e-13	1.65425	0.999667	0.00363686	1.325e-05	1.61832	2.29656e-13	1.77737	2.23091e-13	1.65638
2528.64	104.015	0.0545	0.998264	0.00284163	6.77417e-06	1.8849	2.39338e-13	1.60128	2.41592e-13	1.65534	0.999654	0.00370932	1.37843e-05	1.61927	2.46963e-13	1.77744	2.40033e-13	1.65744
2555.28	104.97	0.055	0.998263	0.00287126	6.90409e-06	1.88151	2.57498e-13	1.60327	2.59931e-13	1.65646	0.99964	0.0037837	1.43438e-05	1.62025	2.65643e-13	1.77753	2.58328e-13	1.65852
2578.62	105.924	0.0555	0.998263	0.002901	7.03596e-06	1.87817	2.77113e-13	1.6053	2.79739e-13	1.65761	0.999625	0.00386009	1.49301e-05	1.62125	2.85815e-13	1.77765	2.78091e-13	1.65963
2603.74	106.878	0.056	0.998262	0.00293085	7.16979e-06	1.87488	2.98308e-13	1.60735	3.01143e-13	1.65878	0.999609	0.00393858	1.55448e-05	1.62228	3.07607e-13	1.7778	2.99449e-13	1.66077
2626.65	107.832	0.0565	0.998261	0.0029608	7.30562e-06	1.87164	3.21223e-13	1.60943	3.24282e-13	1.65999	0.999593	0.00401925	1.61896e-05	1.62334	3.31162e-13	1.77797	3.22544e-13	1.66193
2652.02	108.787	0.057	0.998261	0.00299087	7.44347e-06	1.86844	3.46009e-13	1.61155	3.4931e-13	1.66123	0.999576	0.00410221	1.68665e-05	1.62443	3.56635e-13	1.77818	3.47529e-13	1.66313
2676.18	109.741	0.0575	0.99826	0.00302106	7.58337e-06	1.86528	3.72834e-13	1.61369	3.76397e-13	1.6625	0.999558	0.00418757	1.75775e-05	1.62555	3.84198e-13	1.77842	3.74574e-13	1.66437
2702.05	110.695	0.058	0.998259	0.00305136	7.72534e-06	1.86218	4.01883e-13	1.61587	4.05728e-13	1.6638	0.99954	0.00427544	1.83249e-05	1.62671	4.14038e-13	1.77869	4.03863e-13	1.66563
2728.61	111.649	0.0585	0.998258	0.00308178	7.86942e-06	1.85911	4.33356e-13	1.61809	4.37505e-13	1.66514	0.99952	0.00436594	1.91111e-05	1.6279	4.46362e-13	1.779	4.35601e-13	1.66694
2751.78	112.604	0.059	0.998257	0.00311231	8.01563e-06	1.85609	4.67477e-13	1.62034	4.71955e-13	1.66652	0.999499	0.0044592	1.99387e-05	1.62912	4.81397e-13	1.77934	4.70013e-13	1.66828
2777.03	113.558	0.0595	0.998257	0.00314297	8.164e-06	1.85311	5.04492e-13	1.62264	5.09325e-13	1.66794	0.999477	0.00455535	2.08105e-05	1.63039	5.19396e-13	1.77973	5.07349e-13	1.66966
2802.61	114.512	0.06	0.998256	0.00317375	8.31456e-06	1.85017	5.44674e-13	1.62497	5.49891e-13	1.6694	0.999454	0.00465455	2.17296e-05	1.63169	5.60637e-13	1.78016	5.47883e-13	1.67109
2827.24	115.467	0.0605	0.998255	0.00320465	8.46734e-06	1.84727	5.88321e-13	1.62734	5.93953e-13	1.6709	0.99943	0.00475695	2.26993e-05	1.63304	6.05426e-13	1.78063	5.91917e-13	1.67256
2852.34	116.421	0.061	0.998254	0.00323568	8.62238e-06	1.84441	6.35769e-13	1.62977	6.4185e-13	1.67246	0.999404	0.0048627	2.37234e-05	1.63444	6.54103e-13	1.78116	6.3979e-13	1.67407
2876.28	117.375	0.0615	0.998253	0.00326683	8.7797e-06	1.84159	6.87384e-13	1.63223	6.93951e-13	1.67406	0.999377	0.004972	2.48057e-05	1.63588	7.07046e-13	1.78173	6.91873e-13	1.67564
2901.87	118.329	0.062	0.998252	0.00329812	8.93934e-06	1.8388	7.43577e-13	1.63475	7.5067e-13	1.67571	0.999348	0.00508502	2.59507e-05	1.63737	7.64672e-13	1.78235	7.4858e-13	1.67726
2927.67	119.284	0.0625	0.998251	0.00332953	9.10132e-06	1.83606	8.04805e-13	1.63732	8.12467e-13	1.67742	0.999317	0.00520198	2.7163e-05	1.63891	8.27448e-13	1.78304	8.10371e-13	1.67893
2951.1	120.238	0.063	0.998251	0.00336108	9.26569e-06	1.83335	8.71572e-13	1.63994	8.79852e-13	1.67918	0.999285	0.00532309	2.84478e-05	1.64051	8.95888e-13	1.78378	8.77758e-13	1.68066
2977	121.192	0.0635	0.99825	0.00339276	9.43247e-06	1.83067	9.44446e-13	1.64263	9.53396e-13	1.681	0.999251	0.00544858	2.98109e-05	1.64217	9.70574e-13	1.78458	9.51314e-13	1.68245
3001.2	122.146	0.064	0.998249	0.00342458	9.6017e-06	1.82803	1.02406e-12	1.64537	1.03373e-12	1.68289	0.999214	0.00557872	3.12585e-05	1.64389	1.05215e-12	1.78546	1.03167e-12	1.6843
3025.38	123.101	0.0645	0.998248	0.00345653	9.77342e-06	1.82543	1.11111e-12	1.64818	1.12158e-12	1.68485	0.999175	0.00571376	3.27976e-05	1.64568	1.14133e-12	1.7864	1.11955e-12	1.68623
3052.82	124.055	0.065	0.998247	0.00348863	9.94766e-06	1.82286	1.2064e-12	1.65106	1.21772e-12	1.68688	0.999134	0.005854	3.44356e-05	1.64753	1.23893e-12	1.78742	1.21575e-12	1.68822
3082.28	125.009	0.0655	0.998246	0.00352086	1.01245e-05	1.82032	1.3108e-12	1.65401	1.32307e-12	1.68898	0.99909	0.00599976	3.61811e-05	1.64947	1.34584e-12	1.78851	1.32116e-12	1.6903
3105.41	125.964	0.066	0.998245	0.00355324	1.03039e-05	1.81781	1.42533e-12	1.65704	1.43861e-12	1.69117	0.999043	0.00615138	3.80433e-05	1.65148	1.46311e-12	1.7897	1.43679e-12	1.69245
3129.48	126.918	0.0665	0.998244	0.00358577	1.04859e-05	1.81534	1.55111e-12	1.66015	1.5655e-12	1.69344	0.998993	0.00630922	4.00325e-05	1.65357	1.59185e-12	1.79097	1.56378e-12	1.69469
3153.55	127.872	0.067	0.998243	0.00361844	1.06706e-05	1.81289	1.6894e-12	1.66335	1.705e-12	1.69581	0.99894	0.0064737	4.21602e-05	1.65575	1.73339e-12	1.79233	1.70341e-12	1.69702
3178.44	128.826	0.0675	0.998242	0.00365127	1.0858e-05	1.81048	1.84164e-12	1.66665	1.85856e-12	1.69827	0.998882	0.00664525	4.44392e-05	1.65803	1.88917e-12	1.7938	1.85714e-12	1.69946
3204.89	129.781	0.068	0.998241	0.00368424	1.10482e-05	1.8081	2.00946e-12	1.67004	2.02783e-12	1.70084	0.998821	0.00682434	4.68836e-05	1.66042	2.06086e-12	1.79538	2.0266e-12	1.70199
3229.17	130.735	0.0685	0.99824	0.00371737	1.12412e-05	1.80575	2.19471e-12	1.67355	2.21466e-12	1.70352	0.998754	0.00701149	4.95096e-05	1.66291	2.25034e-12	1.79707	2.21366e-12	1.70464
3255.27	131.689	0.069	0.998239	0.00375066	1.1437e-05	1.80343	2.39949e-12	1.67717	2.42117e-12	1.70632	0.998683	0.00720726	5.23348e-05	1.66552	2.45977e-12	1.79889	2.42046e-12	1.70741
3282.01	132.643	0.0695	0.998238	0.0037841	1.16357e-05	1.80113	2.62621e-12	1.68092	2.6498e-12	1.70925	0.998606	0.00741228	5.53796e-05	1.66825	2.69159e-12	1.80084	2.64941e-12	1.71031
3306.34	133.598	0.07	0.998237	0.0038177	1.18373e-05	1.79887	2.87763e-12	1.6848	2.90331e-12	1.71232	0.998524	0.00762722	5.86665e-05	1.67112	2.94861e-12	1.80294	2.9033e-12	1.71334
3330.32	134.552	0.0705	0.998235	0.00385146	1.20418e-05	1.79663	3.15689e-12	1.68882	3.18488e-12	1.71553	0.998434	0.00785283	6.22213e-05	1.67414	3.23406e-12	1.80518	3.18532e-12	1.71653
3356.76	135.506	0.071	0.998234	0.00388539	1.22494e-05	1.79442	3.46765e-12	1.693	3.49817e-12	1.71891	0.998337	0.00808993	6.6073e-05	1.67731	3.55163e-12	1.80759	3.49915e-12	1.71988
3382.13	136.46	0.0715	0.998233	0.00391949	1.24601e-05	1.79224	3.81409e-12	1.69735	3.84742e-12	1.72246	0.998231	0.00833941	7.02548e-05	1.68066	3.90561e-12	1.81018	3.84901e-12	1.7234
3407.42	137.415	0.072	0.998232	0.00395375	1.26739e-05	1.79008	4.20107e-12	1.70188	4.23751e-12	1.7262	0.998117	0.00860229	7.48044e-05	1.68419	4.30094e-12	1.81297	4.23982e-12	1.72711
3432.06	138.369	0.0725	0.998231	0.00398819	1.28908e-05	1.78795	4.63426e-12	1.70661	4.67413e-12	1.73014	0.997991	0.00887967	7.97652e-05	1.68792	4.7434e-12	1.81596	4.67729e-12	1.73102
3455.15	139.323	0.073	0.99823	0.00402279	1.31109e-05	1.78584	5.12022e-12	1.71156	5.16392e-12	1.7343	0.997855	0.00917278	8.51869e-05	1.69187	5.23968e-12	1.81918	5.16805e-12	1.73516
3480.8	140.278	0.0735	0.998228	0.00405758	1.33343e-05	1.78376	5.66668e-12	1.71675	5.71463e-12	1.73871	0.997705	0.00948299	9.1127e-05	1.69606	5.79764e-12	1.82264	5.7199e-12	1.73953
3505.99	141.232	0.074	0.998227	0.00409254	1.3561e-05	1.78171	6.28269e-12	1.7222	6.33538e-12	1.74338	0.99754	0.00981183	9.7652e-05	1.70051	6.42651e-12	1.82638	6.34198e-12	1.74418
3529.38	142.186	0.0745	0.998226	0.00412768	1.37911e-05	1.77967	6.97892e-12	1.72793	7.03692e-12	1.74834	0.997359	0.010161	0.000104839	1.70525	7.13716e-12	1.8304	7.04508e-12	1.74911
3554.74	143.14	0.075	0.998225	0.00416301	1.40246e-05	1.77767	7.76806e-12	1.73397	7.832e-12	1.75361	0.997158	0.0105325	0.000112779	1.7103	7.9425e-12	1.83476	7.84197e-12	1.75436
3580.46	144.095	0.0755	0.998223	0.00419852	1.42615e-05	1.77568	8.66515e-12	1.74036	8.73578e-12	1.75924	0.996936	0.0109284	0.000121578	1.7157	8.85787e-12	1.83947	8.74787e-12	1.75996
3604.52	145.049	0.076	0.998222	0.00423422	1.4502e-05	1.77372	9.68823e-12	1.74713	9.76641e-12	1.76526	0.996689	0.0113512	0.00013136	1.72149	9.90162e-12	1.84457	9.78098e-12	1.76595
3629.42	146.003	0.0765	0.998221	0.00427011	1.47461e-05	1.77178	1.0859e-11	1.75433	1.09457e-11	1.77171	0.996413	0.0118036	0.000142275	1.7277	1.10958e-11	1.85011	1.09632e-11	1.77237
3655.26	146.957	0.077	0.998219	0.0043062	1.49938e-05	1.76987	1.22036e-11	1.76201	1.23e-11	1.77864	0.996105	0.0122889	0.0001545	1.73439	1.24672e-11	1.85613	1.23209e-11	1.77927
3680.28	147.912	0.0775	0.998218	0.00434248	1.52452e-05	1.76798	1.37539e-11	1.77021	1.38614e-11	1.7861	0.995757	0.0128106	0.000168246	1.74161	1.40481e-11	1.8627	1.38863e-11	1.78671
3706.22	148.866	0.078	0.998216	0.00437896	1.55004e-05	1.7661	1.5549e-11	1.77901	1.56691e-11	1.79417	0.995365	0.0133727	0.000183771	1.74943	1.58783e-11	1.86987	1.56989e-11	1.79476
3731.72	149.82	0.0785	0.998215	0.00441564	1.57594e-05	1.76425	1.76369e-11	1.78849	1.77716e-11	1.80292	0.99492	0.0139801	0.000201385	1.75793	1.80067e-11	1.87773	1.7807e-11	1.80348
3758.06	150.775	0.079	0.998214	0.00445252	1.60223e-05	1.76243	2.00772e-11	1.79873	2.02287e-11	1.81243	0.994412	0.0146381	0.000221471	1.76719	2.0494e-11	1.88637	2.02709e-11	1.81297
3781.59	151.729	0.0795	0.998212	0.00448961	1.62891e-05	1.76062	2.29446e-11	1.80985	2.31156e-11	1.82283	0.99383	0.015353	0.000244497	1.77733	2.34161e-11	1.89589	2.31658e-11	1.82335
3807.16	152.683	0.08	0.998211	0.00452692	1.656e-05	1.75883	2.6333e-11	1.82196	2.65267e-11	1.83424	0.993158	0.0161319	0.00027105	1.78847	2.68687e-11	1.90643	2.65867e-11	1.83473
3832.17	153.637	0.0805	0.998209	0.00456443	1.68349e-05	1.75706	3.0362e-11	1.83524	3.05825e-11	1.8468	0.992379	0.0169832	0.000301862	1.80077	3.09734e-11	1.91813	3.06542e-11	1.84727
3857.91	154.592	0.081	0.998208	0.00460216	1.71141e-05	1.75532	3.51851e-11	1.84985	3.54372e-11	1.86071	0.991469	0.0179166	0.00033786	1.81441	3.58865e-11	1.93118	3.55233e-11	1.86116
3885.21	155.546	0.0815	0.998206	0.00464011	1.73974e-05	1.75359	4.10013e-11	1.86603	4.12911e-11	1.8762	0.990397	0.0189431	0.000380231	1.82963	4.18103e-11	1.94582	4.13946e-11	1.87662
3910.78	156.5	0.082	0.998204	0.00467828	1.76851e-05	1.75188	4.80712e-11	1.88406	4.84062e-11	1.89354	0.989124	0.0200756	0.000430505	1.84669	4.901e-11	1.96232	4.85314e-11	1.89394
3935.52	157.454	0.0825	0.998203	0.00471668	1.79771e-05	1.7502	5.67403e-11	1.90429	5.713e-11	1.91309	0.987602	0.0213284	0.000490678	1.86595	5.7837e-11	1.98102	5.72821e-11	1.91347
3959.77	158.409	0.083	0.998201	0.0047553	1.82735e-05	1.74853	6.74716e-11	1.92716	6.79281e-11	1.93528	0.985761	0.0227178	0.000563387	1.88786	6.87621e-11	2.00238	6.8114e-11	1.93563
3985.86	159.363	0.0835	0.9982	0.00479416	1.85745e-05	1.74688	8.08927e-11	1.95322	8.14318e-11	1.96066	0.983514	0.0242608	0.000652144	1.91295	8.24239e-11	2.02693	8.16604e-11	1.961
4010.54	160.317	0.084	0.998198	0.00483325	1.88801e-05	1.74524	9.78655e-11	1.98318	9.85075e-11	1.98996	0.98074	0.0259745	0.00076169	1.94195	9.96985e-11	2.05541	9.87909e-11	1.99028
4033.91	161.271	0.0845	0.998196	0.00487258	1.91904e-05	1.74363	1.19585e-10	2.01799	1.20357e-10	2.02411	0.977275	0.0278726	0.000898477	1.9758	1.21801e-10	2.08874	1.20711e-10	2.0244
4056.06	162.226	0.085	0.998194	0.00491215	1.95055e-05	1.74204	1.47724e-10	2.05885	1.48663e-10	2.06432	0.972896	0.029959	0.00107134	2.0157	1.50433e-10	2.12814	1.4911e-10	2.06459
4077.98	163.18	0.0855	0.998193	0.00495196	1.98254e-05	1.74046	1.84635e-10	2.10739	1.85788e-10	2.11221	0.967294	0.032215	0.00129241	2.06329	1.87984e-10	2.17523	1.86359e-10	2.11247
4101.51	164.134	0.086	0.998191	0.00499202	2.01503e-05	1.7389	2.33602e-10	2.16578	2.35036e-10	2.16996	0.960053	0.0345734	0.0015781	2.12072	2.37795e-10	2.23218	2.35772e-10	2.17019
4127.02	165.089	0.0865	0.998189	0.00503234	2.04801e-05	1.73736	2.99109e-10	2.2369	3.00912e-10	2.24044	0.950626	0.0368675	0.00194994	2.19088	3.0442e-10	2.30187	3.01873e-10	2.24066
4151.57	166.043	0.087	0.998187	0.00507291	2.08151e-05	1.73583	3.86869e-10	2.32453	3.8916e-10	2.32745	0.938361	0.0387377	0.00243362	2.27756	3.93664e-10	2.38809	3.90425e-10	2.32764
4176.14	166.997	0.0875	0.998185	0.00511374	2.11553e-05	1.73432	5.02965e-10	2.43341	5.05888e-10	2.4357	0.922658	0.0394746	0.00305267	2.38548	5.11702e-10	2.49557	5.0756e-10	2.43588
4201.44	167.951	0.088	0.998183	0.00515483	2.15009e-05	1.73283	6.50506e-10	2.56879	6.54215e-10	2.57047	0.903467	0.0378245	0.00380898	2.51991	6.61683e-10	2.62956	6.56413e-10	2.57063
4225.12	168.906	0.0885	0.998181	0.00519618	2.18518e-05	1.73136	8.21608e-10	2.73484	8.262e-10	2.73591	0.882348	0.031979	0.0046408	2.68501	8.35568e-10	2.79423	8.29019e-10	2.73605
4248	169.86	0.089	0.998179	0.00523781	2.22081e-05	1.7299	9.86176e-10	2.93119	9.91579e-10	2.93165	0.863742	0.0203668	0.00537293	2.88041	1.00275e-09	2.98922	9.95012e-10	2.93178
4271.61	170.814	0.0895	0.998177	0.00527971	2.25701e-05	1.72846	1.09266e-09	-3.13455	1.09853e-09	-3.13468	0.854346	0.00366076	0.00574151	3.09691	1.11082e-09	-3.07787	1.10238e-09	-3.13457
4296.73	171.768	0.09	0.998175	0.00532188	2.29378e-05	1.72703	1.10025e-09	-2.91416	1.10603e-09	-2.91488	0.858514	-0.0140126	0.00557531	-2.96684	1.11833e-09	-2.85882	1.10996e-09	-2.91479
4318.85	172.723	0.0905	0.998173	0.00536434	2.33113e-05	1.72562	1.01603e-09	-2.71046	1.02126e-09	-2.71176	0.873969	-0.0277857	0.00496452	-2.76408	1.03254e-09	-2.65644	1.02494e-09	-2.71169
4340.87	173.677	0.091	0.998171	0.00540709	2.36907e-05	1.72422	8.84036e-10	-2.53548	8.88479e-10	-2.53736	0.894235	-0.0357678	0.00416469	-2.59005	8.98234e-10	-2.48278	8.9172e-10	-2.5373
4362.9	174.631	0.0915	0.998169	0.00545013	2.40761e-05	1.72284	7.45979e-10	-2.39173	7.49643e-10	-2.39418	0.91393	-0.038969	0.00338792	-2.44725	7.57823e-10	-2.34033	7.52409e-10	-2.39414
4384.82	175.586	0.092	0.998167	0.00549346	2.44677e-05	1.72148	6.23534e-10	-2.27589	6.26526e-10	-2.2789	0.930626	-0.0392078	0.00272968	-2.33235	6.3332e-10	-2.22578	6.28863e-10	-2.27888
4406.85	176.54	0.0925	0.998165	0.0055371	2.48655e-05	1.72013	5.22714e-10	-2.18277	5.25162e-10	-2.18634	0.943925	-0.0379151	0.0022055	-2.24018	5.30823e-10	-2.13393	5.27141e-10	-2.18633
4429.6	177.494	0.093	0.998162	0.00558103	2.52697e-05	1.71879	4.42213e-10	-2.10742	4.44233e-10	-2.11153	0.954265	-0.0359562	0.0017981	-2.16577	4.48993e-10	-2.05984	4.45924e-10	-2.11154
4454.95	178.448	0.0935	0.99816	0.00562528	2.56805e-05	1.71747	3.78504e-10	-2.04577	3.80189e-10	-2.05043	0.962264	-0.0337921	0.00148299	-2.10507	3.84239e-10	-1.99944	3.8165e-10	-2.05045
4478.23	179.403	0.094	0.998158	0.00566983	2.60978e-05	1.71617	3.27979e-10	-1.99471	3.29402e-10	-1.9999	0.968483	-0.0316492	0.00123807	-2.05495	3.3289e-10	-1.94961	3.30679e-10	-1.99994
4501.29	180.357	0.0945	0.998155	0.00571471	2.65219e-05	1.71488	2.87616e-10	-1.95188	2.8883e-10	-1.9576	0.973364	-0.029629	0.00104589	-2.01306	2.91871e-10	-1.908	2.89959e-10	-1.95765
4523.46	181.311	0.095	0.998153	0.00575991	2.69528e-05	1.7136	2.55061e-10	-1.91553	2.56108e-10	-1.92177	0.977238	-0.0277697	0.000893373	-1.97765	2.58789e-10	-1.87286	2.57117e-10	-1.92183
4545.74	182.265	0.0955	0.998151	0.00580543	2.73908e-05	1.71234	2.28531e-10	-1.88433	2.29443e-10	-1.89108	0.980349	-0.0260784	0.000770889	-1.94739	2.31832e-10	-1.84285	2.30355e-10	-1.89115
4567.69	183.22	0.096	0.998148	0.00585129	2.78359e-05	1.71109	2.06691e-10	-1.85727	2.07492e-10	-1.86453	0.982878	-0.0245479	0.000671374	-1.92128	2.0964e-10	-1.81698	2.08322e-10	-1.86462
4590.24	184.174	0.0965	0.998146	0.00589748	2.82883e-05	1.70986	1.88536e-10	-1.8336	1.89245e-10	-1.84135	0.984956	-0.0231651	0.00058962	-1.89855	1.91193e-10	-1.79447	1.90007e-10	-1.84146
4613.78	185.128	0.097	0.998143	0.00594401	2.87481e-05	1.70864	1.73308e-10	-1.81271	1.7394e-10	-1.82095	0.986681	-0.0219152	0.000521757	-1.8786	1.7572e-10	-1.77473	1.74645e-10	-1.82107
4639.65	186.082	0.0975	0.99814	0.0059909	2.92155e-05	1.70743	1.6043e-10	-1.79413	1.60996e-10	-1.80286	0.988127	-0.0207835	0.000464881	-1.86097	1.62636e-10	-1.7573	1.61653e-10	-1.80299
4663.98	187.037	0.098	0.998138	0.00603813	2.96906e-05	1.70624	1.49458e-10	-1.77749	1.49968e-10	-1.7867	0.989349	-0.0197564	0.000416788	-1.84528	1.51487e-10	-1.74179	1.50583e-10	-1.78684
4686.5	187.991	0.0985	0.998135	0.00608572	3.01736e-05	1.70506	1.40047e-10	-1.7625	1.40508e-10	-1.77218	0.990392	-0.0188218	0.000375788	-1.83123	1.41924e-10	-1.72791	1.41088e-10	-1.77233
4708.78	188.945	0.099	0.998132	0.00613368	3.06646e-05	1.70389	1.31927e-10	-1.74891	1.32346e-10	-1.75905	0.991288	-0.0179687	0.000340569	-1.81859	1.33672e-10	-1.71542	1.32895e-10	-1.75922
4730.82	189.9	0.0995	0.99813	0.006182	3.11639e-05	1.70274	1.24884e-10	-1.73653	1.25266e-10	-1.74713	0.992062	-0.0171879	0.000310107	-1.80715	1.26515e-10	-1.70413	1.25788e-10	-1.7473
4753.42	190.854	0.1	0.998127	0.0062307	3.16715e-05	1.7016	1.18747e-10	-1.72519	1.19097e-10	-1.73624	0.992737	-0.016471	0.000283588	-1.79676	1.20278e-10	-1.69386	1.19595e-10	-1.73642
4775.74	191.808	0.1005	0.998124	0.00627978	3.21877e-05	1.70047	1.13378e-10	-1.71476	1.13699e-10	-1.72625	0.993328	-0.0158111	0.000260366	-1.78728	1.14821e-10	-1.6845	1.14178e-10	-1.72644
4798.68	192.762	0.101	0.998121	0.00632925	3.27125e-05	1.69936	1.08667e-10	-1.70513	1.08962e-10	-1.71705	0.993848	-0.0152018	0.000239919	-1.77859	1.10031e-10	-1.67591	1.09422e-10	-1.71725
4824.51	193.717	0.1015	0.998118	0.00637911	3.32463e-05	1.69826	1.04521e-10	-1.69619	1.04793e-10	-1.70854	0.994308	-0.0146379	0.000221823	-1.77061	1.05816e-10	-1.66801	1.05237e-10	-1.70876
4849.48	194.671	0.102	0.998115	0.00642937	3.37891e-05	1.69717	1.00865e-10	-1.68788	1.01116e-10	-1.70064	0.994718	-0.0141146	0.000205732	-1.76325	1.02098e-10	-1.66071	1.01547e-10	-1.70087
4874.19	195.625	0.1025	0.998112	0.00648003	3.43412e-05	1.69609	9.76376e-11	-1.68012	9.78692e-11	-1.69329	0.995084	-0.0136278	0.000191361	-1.75644	9.8815e-11	-1.65396	9.82871e-11	-1.69353
4897.32	196.579	0.103	0.998109	0.00653111	3.49028e-05	1.69503	9.47855e-11	-1.67285	9.49996e-11	-1.68642	0.995412	-0.013174	0.000178474	-1.75012	9.59129e-11	-1.64768	9.54065e-11	-1.68667
4919.3	197.534	0.1035	0.998106	0.0065826	3.5474e-05	1.69398	9.22654e-11	-1.66601	9.24634e-11	-1.67999	0.995707	-0.01275	0.000166872	-1.74424	9.33478e-11	-1.64183	9.28606e-11	-1.68024
4941.36	198.488	0.104	0.998102	0.00663452	3.60551e-05	1.69294	9.00406e-11	-1.65958	9.02236e-11	-1.67394	0.995974	-0.012353	0.00015639	-1.73876	9.10823e-11	-1.63635	9.06122e-11	-1.6742
4963.51	199.442	0.1045	0.998099	0.00668688	3.66462e-05	1.69192	8.80798e-11	-1.6535	8.82489e-11	-1.66824	0.996216	-0.0119805	0.000146889	-1.73364	8.90845e-11	-1.63123	8.86299e-11	-1.66851
4985.53	200.396	0.105	0.998096	0.00673967	3.72477e-05	1.6909	8.63565e-11	-1.64774	8.65126e-11	-1.66285	0.996436	-0.0116304	0.000138248	-1.72885	8.73276e-11	-1.62641	8.68869e-11	-1.66313
5007.47	201.351	0.1055	0.998092	0.0067929	3.78597e-05	1.6899	8.4848e-11	-1.64228	8.4992e-11	-1.65775	0.996636	-0.0113008	0.000130367	-1.72435	8.57886e-11	-1.62187	8.53604e-11	-1.65804
5029.49	202.305	0.106	0.998089	0.00684659	3.84823e-05	1.68891	8.35351e-11	-1.63709	8.36675e-11	-1.65292	0.99682	-0.0109899	0.000123158	-1.72012	8.44478e-11	-1.61758	8.40309e-11	-1.65321
5051.47	203.259	0.1065	0.998085	0.00690074	3.9116e-05	1.68793	8.24011e-11	-1.63213	8.25226e-11	-1.64831	0.996988	-0.0106962	0.000116547	-1.71613	8.32883e-11	-1.61353	8.28816e-11	-1.64861
5073.66	204.214	0.107	0.998081	0.00695536	3.97609e-05	1.68697	8.14317e-11	-1.62741	8.15428e-11	-1.64392	0.997143	-0.0104183	0.00011047	-1.71237	8.22955e-11	-1.60968	8.1898e-11	-1.64423
5099.17	205.168	0.1075	0.998078	0.00701045	4.04172e-05	1.68601	8.06146e-11	-1.62288	8.07158e-11	-1.63973	0.997285	-0.010155	0.000104868	-1.70882	8.14571e-11	-1.60603	8.10678e-11	-1.64004
5124.23	206.122	0.108	0.998074	0.00706603	4.10852e-05	1.68507	7.99392e-11	-1.61855	8.00309e-11	-1.63572	0.997417	-0.0099052	9.96949e-05	-1.70546	8.07621e-11	-1.60254	8.03803e-11	-1.63604
5146.34	207.076	0.1085	0.99807	0.00712211	4.17652e-05	1.68414	7.93964e-11	-1.61438	7.9479e-11	-1.63187	0.997539	-0.00966783	9.49063e-05	-1.70227	8.02014e-11	-1.59922	7.98263e-11	-1.6322
5168.35	208.031	0.109	0.998066	0.00717868	4.24575e-05	1.68322	7.89784e-11	-1.61038	7.90521e-11	-1.62818	0.997652	-0.00944201	9.04649e-05	-1.69925	7.97669e-11	-1.59605	7.93978e-11	-1.62851
5190.42	208.985	0.1095	0.998062	0.00723576	4.31622e-05	1.68231	7.86784e-11	-1.60653	7.87435e-11	-1.62462	0.997757	-0.00922693	8.63376e-05	-1.69637	7.94518e-11	-1.59301	7.9088e-11	-1.62496
5215.94	209.939	0.11	0.998058	0.00729336	4.38797e-05	1.68141	7.84908e-11	-1.60281	7.85474e-11	-1.6212	0.997855	-0.00902182	8.24951e-05	-1.69364	7.92503e-11	-1.59009	7.88912e-11	-1.62154
5239.44	210.893	0.1105	0.998054	0.00735148	4.46103e-05	1.68053	7.84106e-11	-1.59922	7.84589e-11	-1.61789	0.997946	-0.00882601	7.89114e-05	-1.69104	7.91573e-11	-1.58728	7.88024e-11	-1.61824
5263.02	211.848	0.111	0.99805	0.00741014	4.53543e-05	1.67966	7.84336e-11	-1.59575	7.84739e-11	-1.6147	0.998031	-0.00863887	7.55636e-05	-1.68855	7.91687e-11	-1.58458	7.88174e-11	-1.61505
5287.67	212.802	0.1115	0.998046	0.00746935	4.6112e-05	1.67879	7.85566e-11	-1.59239	7.85889e-11	-1.61161	0.998111	-0.00845984	7.24311e-05	-1.68618	7.9281e-11	-1.58198	7.89329e-11	-1.61196
5309.86	213.756	0.112	0.998041	0.00752911	4.68837e-05	1.67794	7.87766e-11	-1.58913	7.8801e-11	-1.60861	0.998185	-0.0082884	6.94956e-05	-1.68392	7.94912e-11	-1.57947	7.91458e-11	-1.60896
5331.85	214.711	0.1125	0.998037	0.00758943	4.76697e-05	1.6771	7.90914e-11	-1.58597	7.91079e-11	-1.6057	0.998255	-0.00812407	6.67406e-05	-1.68176	7.97971e-11	-1.57704	7.9454e-11	-1.60606
5353.85	215.665	0.113	0.998032	0.00765033	4.84704e-05	1.67627	7.94993e-11	-1.5829	7.9508e-11	-1.60287	0.998321	-0.0079664	6.41514e-05	-1.67968	8.01968e-11	-1.57468	7.98556e-11	-1.60323
5375.97	216.619	0.1135	0.998028	0.00771181	4.9286e-05	1.67545	7.9999e-11	-1.57991	7.99998e-11	-1.60012	0.998383	-0.007815	6.17147e-05	-1.6777	8.06891e-11	-1.5724	8.03494e-11	-1.60049
5397.96	217.573	0.114	0.998023	0.00777388	5.01171e-05	1.67465	8.05896e-11	-1.57701	8.05826e-11	-1.59744	0.998441	-0.00766949	5.94186e-05	-1.6758	8.1273e-11	-1.57019	8.09344e-11	-1.59781
5419.94	218.528	0.1145	0.998018	0.00783656	5.09638e-05	1.67385	8.12707e-11	-1.57418	8.12558e-11	-1.59483	0.998496	-0.00752953	5.72522e-05	-1.67397	8.19481e-11	-1.56803	8.16103e-11	-1.59521
5442.38	219.482	0.115	0.998013	0.00789986	5.18267e-05	1.67307	8.20422e-11	-1.57142	8.20194e-11	-1.59229	0.998548	-0.00739481	5.52058e-05	-1.67222	8.27142e-11	-1.56594	8.23768e-11	-1.59266
5464.33	220.436	0.1155	0.998008	0.00796378	5.2706e-05	1.67229	8.29043e-11	-1.56873	8.28736e-11	-1.5898	0.998597	-0.00726501	5.32705e-05	-1.67053	8.35716e-11	-1.5639	8.32344e-11	-1.59018
5486.36	221.39	0.116	0.998003	0.00802834	5.36022e-05	1.67153	8.38578e-11	-1.56611	8.38189e-11	-1.58737	0.998644	-0.00713988	5.14382e-05	-1.66892	8.45208e-11	-1.56191	8.41834e-11	-1.58775
5508.45	222.345	0.1165	0.997998	0.00809355	5.45158e-05	1.67078	8.49035e-11	-1.56355	8.48564e-11	-1.585	0.998688	-0.00701916	4.97016e-05	-1.66736	8.55628e-11	-1.55996	8.52249e-11	-1.58538
5530.47	223.299	0.117	0.997993	0.00815943	5.5447e-05	1.67004	8.60426e-11	-1.56105	8.59872e-11	-1.58267	0.998729	-0.00690261	4.8054e-05	-1.66586	8.66987e-11	-1.55807	8.63601e-11	-1.58305
5552.44	224.253	0.1175	0.997987	0.00822597	5.63964e-05	1.66931	8.72766e-11	-1.5586	8.72128e-11	-1.5804	0.998769	-0.00679002	4.64892e-05	-1.66442	8.79301e-11	-1.55622	8.75904e-11	-1.58078
5574.47	225.207	0.118	0.997982	0.00829321	5.73644e-05	1.66859	8.86072e-11	-1.55622	8.85349e-11	-1.57817	0.998806	-0.00668117	4.50017e-05	-1.66302	8.92587e-11	-1.55441	8.89176e-11	-1.57856
5596.57	226.162	0.1185	0.997976	0.00836114	5.83515e-05	1.66788	9.00366e-11	-1.55388	8.99556e-11	-1.576	0.998842	-0.00657588	4.35863e-05	-1.66168	9.06865e-11	-1.55265	9.03438e-11	-1.57638
5618.58	227.116	0.119	0.997971	0.00842978	5.93582e-05	1.66718	9.1567e-11	-1.55161	9.14772e-11	-1.57387	0.998876	-0.00647396	4.22382e-05	-1.66039	9.22158e-11	-1.55093	9.18712e-11	-1.57425
5640.59	228.07	0.1195	0.997965	0.00849916	6.03849e-05	1.66649	9.32008e-11	-1.54939	9.3102e-11	-1.57179	0.998909	-0.00637526	4.09532e-05	-1.65914	9.3849e-11	-1.54925	9.35023e-11	-1.57217
5662.6	229.025	0.12	0.997959	0.00856927	6.14321e-05	1.66582	9.49408e-11	-1.54722	9.48328e-11	-1.56975	0.998939	-0.0062796	3.97273e-05	-1.65794	9.55889e-11	-1.54761	9.52397e-11	-1.57014
5684.72	229.979	0.1205	0.997953	0.00864013	6.25005e-05	1.66515	9.67897e-11	-1.54511	9.66725e-11	-1.56777	0.998969	-0.00618686	3.85567e-05	-1.65677	9.74383e-11	-1.54602	9.70864e-11	-1.56816
5706.74	230.933	0.121	0.997946	0.00871177	6.35904e-05	1.6645	9.87507e-11	-1.54306	9.8624e-11	-1.56584	0.998997	-0.00609688	3.74382e-05	-1.65565	9.94002e-11	-1.54447	9.90455e-11	-1.56622
5728.77	231.887	0.1215	0.99794	0.00878419	6.47026e-05	1.66385	1.00827e-10	-1.54108	1.00691e-10	-1.56396	0.999024	-0.00600954	3.63684e-05	-1.65456	1.01478e-10	-1.54298	1.0112e-10	-1.56435
5750.81	232.842	0.122	0.997934	0.00885741	6.58376e-05	1.66322	1.03021e-10	-1.53916	1.02875e-10	-1.56215	0.99905	-0.00592472	3.53446e-05	-1.65351	1.03674e-10	-1.54154	1.03313e-10	-1.56253
5772.82	233.796	0.1225	0.997927	0.00893144	6.69959e-05	1.6626	1.05337e-10	-1.53731	1.05181e-10	-1.5604	0.999074	-0.0058423	3.4364e-05	-1.6525	1.05993e-10	-1.54017	1.05628e-10	-1.56079
5794.91	234.75	0.123	0.99792	0.00900631	6.81782e-05	1.66199	1.07777e-10	-1.53555	1.07612e-10	-1.55873	0.999098	-0.00576217	3.34241e-05	-1.65152	1.08437e-10	-1.53886	1.08068e-10	-1.55911
5817.03	235.704	0.1235	0.997913	0.00908202	6.93852e-05	1.66139	1.10345e-10	-1.53388	1.1017e-10	-1.55714	0.99912	-0.00568423	3.25226e-05	-1.65057	1.11009e-10	-1.53763	1.10636e-10	-1.55753
5841.28	236.659	0.124	0.997906	0.0091586	7.06175e-05	1.6608	1.13043e-10	-1.53231	1.12859e-10	-1.55566	0.999142	-0.00560838	3.16574e-05	-1.64965	1.13712e-10	-1.5365	1.13334e-10	-1.55604
5867.13	237.613	0.1245	0.997899	0.00923607	7.18758e-05	1.66022	1.15872e-10	-1.53087	1.1568e-10	-1.55428	0.999162	-0.00553453	3.08263e-05	-1.64876	1.16548e-10	-1.53548	1.16166e-10	-1.55467
5890.37	238.567	0.125	0.997891	0.00931443	7.31609e-05	1.65965	1.18836e-10	-1.52956	1.18635e-10	-1.55305	0.999182	-0.0054626	3.00277e-05	-1.64791	1.19519e-10	-1.5346	1.19132e-10	-1.55343
5912.57	239.522	0.1255	0.997884	0.00939372	7.44734e-05	1.6591	1.21933e-10	-1.52843	1.21725e-10	-1.55199	0.999201	-0.0053925	2.92596e-05	-1.64708	1.22626e-10	-1.53388	1.22234e-10	-1.55237
5938.6	240.476	0.126	0.997876	0.00947395	7.58141e-05	1.65855	1.25164e-10	-1.52751	1.24949e-10	-1.55113	0.999219	-0.00532416	2.85204e-05	-1.64627	1.25868e-10	-1.53335	1.25471e-10	-1.55151
5962.41	241.43	0.1265	0.997868	0.00955514	7.71839e-05	1.65802	1.28526e-10	-1.52684	1.28306e-10	-1.55053	0.999237	-0.0052575	2.78087e-05	-1.6455	1.29244e-10	-1.53308	1.28841e-10	-1.5509
5984.65	242.384	0.127	0.99786	0.00963731	7.85835e-05	1.6575	1.32015e-10	-1.5265	1.31793e-10	-1.55024	0.999253	-0.00519244	2.7123e-05	-1.64475	1.3275e-10	-1.53313	1.32341e-10	-1.55062
6006.72	243.339	0.1275	0.997852	0.00972049	8.00139e-05	1.65699	1.35625e-10	-1.52655	1.35405e-10	-1.55037	0.99927	-0.00512893	2.64619e-05	-1.64402	1.36381e-10	-1.53357	1.35966e-10	-1.55073
6028.87	244.293	0.128	0.997843	0.00980469	8.1476e-05	1.6565	1.39348e-10	-1.52713	1.39133e-10	-1.55101	0.999285	-0.0050669	2.58242e-05	-1.64333	1.4013e-10	-1.53453	1.39708e-10	-1.55137
6050.94	245.247	0.1285	0.997834	0.00988995	8.29707e-05	1.65601	1.43173e-10	-1.52838	1.4297e-10	-1.55233	0.9993	-0.00500629	2.52087e-05	-1.64265	1.43988e-10	-1.53616	1.4356e-10	-1.55269
6073.09	246.201	0.129	0.997825	0.00997627	8.44989e-05	1.65554	1.47091e-10	-1.53053	1.46907e-10	-1.55455	0.999314	-0.00494703	2.46142e-05	-1.642	1.47947e-10	-1.53869	1.47512e-10	-1.55491
6095.14	247.156	0.1295	0.997816	0.0100637	8.60616e-05	1.65509	1.51093e-10	-1.53387	1.50941e-10	-1.55797	0.999328	-0.00488908	2.40398e-05	-1.64137	1.52005e-10	-1.54241	1.51562e-10	-1.55832
6117.43	248.11	0.13	0.997806	0.0101522	8.766e-05	1.65465	1.55188e-10	-1.53882	1.55085e-10	-1.56301	0.999341	-0.00483238	2.34845e-05	-1.64077	1.56174e-10	-1.54775	1.55722e-10	-1.56336
6139.92	249.064	0.1305	0.997796	0.0102419	8.92951e-05	1.65423	1.59416e-10	-1.546	1.59386e-10	-1.57027	0.999354	-0.00477688	2.29473e-05	-1.6402	1.60501e-10	-1.55531	1.6004e-10	-1.57062
6163.96	250.018	0.131	0.997786	0.0103328	9.09677e-05	1.65383	1.63898e-10	-1.55622	1.63974e-10	-1.58057	0.999366	-0.00472253	2.24274e-05	-1.63965	1.65119e-10	-1.56588	1.64647e-10	-1.58091
6186.45	250.973	0.1315	0.997775	0.0104248	9.26786e-05	1.65345	1.68923e-10	-1.57058	1.69152e-10	-1.59496	0.999378	-0.00466929	2.1924e-05	-1.63913	1.70334e-10	-1.58055	1.69846e-10	-1.59529
6209.03	251.927	0.132	0.997763	0.010518	9.44283e-05	1.65311	1.75126e-10	-1.5903	1.75575e-10	-1.61462	0.999389	-0.00461713	2.14364e-05	-1.63863	1.76803e-10	-1.60047	1.76295e-10	-1.61494
6231.83	252.881	0.1325	0.997751	0.0106122	9.62161e-05	1.6528	1.83801e-10	-1.61622	1.84555e-10	-1.64028	0.9994	-0.00456602	2.0964e-05	-1.63817	1.85847e-10	-1.62636	1.85312e-10	-1.64058
6255.01	253.836	0.133	0.997738	0.0107074	9.80401e-05	1.65252	1.97296e-10	-1.64717	1.98445e-10	-1.67062	0.99941	-0.00451594	2.05063e-05	-1.63774	1.99834e-10	-1.65691	1.99257e-10	-1.6709
6277.35	254.79	0.1335	0.997724	0.0108033	9.98969e-05	1.65227	2.18997e-10	-1.67728	2.20596e-10	-1.69965	0.999419	-0.0044669	2.00632e-05	-1.63733	2.2213e-10	-1.68613	2.21494e-10	-1.69991
6299.66	255.744	0.134	0.997711	0.0108999	0.000101784	1.652	2.51572e-10	-1.69504	2.53553e-10	-1.71597	0.999429	-0.0044189	1.96341e-05	-1.63694	2.55287e-10	-1.70263	2.54577e-10	-1.71621
6322.74	256.698	0.1345	0.997699	0.0109974	0.000103705	1.65168	2.93009e-10	-1.69021	2.95124e-10	-1.70969	0.999438	-0.00437185	1.9218e-05	-1.63653	2.97088e-10	-1.69655	2.96301e-10	-1.70992
6347.29	257.653	0.135	0.997689	0.0110963	0.000105674	1.65129	3.35486e-10	-1.6642	3.37396e-10	-1.68259	0.999447	-0.00432561	1.88134e-05	-1.63611	3.39571e-10	-1.66967	3.38724e-10	-1.68281
6370.11	258.607	0.1355	0.997679	0.0111973	0.000107701	1.65084	3.71641e-10	-1.62841	3.73105e-10	-1.64613	0.999457	-0.00428004	1.84189e-05	-1.63568	3.75439e-10	-1.63347	3.74558e-10	-1.64636
