You chose the file "D:\Solid_State_Specroscopy_Group\FreeFEM_plasmon_crystal\FreeFEM_plasmon_crystal\stripes\magnetodynamic_screened.edp"
-- FreeFem++ v4.15 (Wed Dec 11 16:48:56 CET 2024 - git v4.15-7-gb1e524c8c)
   file : D:\Solid_State_Specroscopy_Group\FreeFEM_plasmon_crystal\FreeFEM_plasmon_crystal\stripes\magnetodynamic_screened.edp
 Load: lg_fem lg_mesh lg_mesh3 eigenvalue
    1 : load    "gmsh"(load: loadLibary D:\Programs\FreeFem++\\.\gmsh = 0)
    2 : load    "Element_Mixte"(load: loadLibary D:\Programs\FreeFem++\\.\Element_Mixte = 0)
    3 :
    4 : /** Parameters. */
    5 :
    6 : verbosity = 0;
    7 :
    8 : real a = 8e-4;                          // Stripes period [cm].
    9 : complex dieleps = 12;                   // Dielectric epsilon.
   10 : real sigma0 = 5;                        // 2D conductivity 4 * pi * sigma / c.
   11 : real sigmagate = 500;                   // Gate 2D conductivity.
   12 : real gamma = 11.3 / sigma0;             // 1/Tau in cm^(-1)
   13 : real tau = 1.0 / (2 * pi * gamma * a);  // c * tau / period.
   14 : real k = 2 * pi * a * 295 / 29.98;      // Wavevector times period.
   15 :                                         // Period is set to 1.0.
   16 : real kcr1 = 2 * pi * a * (-12.7);       // Cyclotron resonance in 1 Tesla.
   17 : real kcr = kcr1 * 0;                    // Cyclotron resonance wave vector.
   18 : complex polx = 1.0i, polz = 1.0;        // Incident polarization.
   19 : int nanim = 40;                         // Number of animation frames.
   20 :
   21 : /** Labels and scale factor (should be synchronized with GMSH file). */
   22 : int inl = 1;
   23 : int outl = 2;
   24 : int srcl = 3;
   25 : int m1 = 4;
   26 : int m2 = 5;
   27 : int m3 = 6;
   28 : int bl = 7;
   29 : int gate = 8;
   30 : int back = 9;
   31 : int st = 10;
   32 : int diel = 11;
   33 : int air = 12;
   34 : real scale = 1.0 / 1e3;
   35 :
   36 : /** Conductivity tensor and tangential component of in-plane field. */
   37 : macro stensor() ([[sigmaxx, sigmaxy], [-sigmaxy, sigmaxx]]) //
   38 : macro et(ux, uy) (N.y * ux - N.x * uy)  )  //
   39 :
   40 : /** Load mesh. */
   41 : mesh Th = gmshload("stripe.msh");
   42 : Th = movemesh(Th, [scale * x, scale * y]);
   43 :
   44 : /** Check the labels. */
   45 : cout << "Labels: " << labels(Th) << endl;
   46 : cout << "Area = " << Th.measure << endl;
   47 :
   48 : /** Get the positions of planes m1, m2, m3 and the back of the sample. */
   49 : real y1 = int1d(Th, m1) (y) / int1d(Th, m1) (1);
 *** Warning  The identifier y1 hide a Global identifier
 
   50 : real y2 = int1d(Th, m2) (y) / int1d(Th, m2) (1);
   51 : real y3 = int1d(Th, m3) (y) / int1d(Th, m3) (1);
   52 : real d = int1d(Th, back) (y) / int1d(Th, back) (1);
   53 : cout << "m1 = " << y1 << ", m2 = " << y2 << ", m3 = " << y3 <<
   54 :     ", d = " << d << endl;
   55 :
   56 : /** Dielectric permittivity. */
   57 : func epsilon = 1 * (Th(x, y).region == air) +
   58 :     dieleps * (Th(x, y).region == diel);
   59 :
   60 : /** Drude conductivity. */
   61 : func sigmaxx = sigma0  / ((1 - 1i * k * tau)^2 + (kcr * tau)^2) *
   62 :     (1 - 1i * k * tau);
   63 : func sigmaxy = sigma0 / ((1 - 1i * k * tau)^2 + (kcr * tau)^2) * kcr * tau;
   64 :
   65 : /** Electrodynamic problem, mixed polarizations. */
   66 : varf dynamicboth([ux, uy, uz], [vx, vy, vz])
   67 :         = int2d(Th) ([dx(vz), dy(vz)]' * [dx(uz), dy(uz)] +
   68 :             (dx(vy) - dy(vx)) * (dx(uy) - dy(ux)) -
   69 :             epsilon * k^2 * [vx, vy, vz]' * [ux, uy, uz])
   70 :         - int1d(Th, st) (1i * k *
   71 :             [et(vx, vy)         (N.y * vx - N.x *  vy) , vz]' * stensor      ([[sigmaxx, sigmaxy], [-sigmaxy, sigmaxx]])  * [et(ux, uy)         (N.y * ux - N.x *  uy) , uz])
   72 :         - int1d(Th, gate) (1i * k * sigmagate *
   73 :             [et(vx, vy)         (N.y * vx - N.x *  vy) , vz]' * [et(ux, uy)         (N.y * ux - N.x *  uy) , uz])
   74 :         - int1d(Th, inl) (1i * k * [et(vx, vy)         (N.y * vx - N.x *  vy) , vz]' * [et(ux, uy)         (N.y
* ux - N.x *  uy) , uz])
   75 :         - int1d(Th, outl) (1i * k * [et(vx, vy)         (N.y * vx - N.x *  vy) , vz]' * [et(ux, uy)         (N.y * ux - N.x *  uy) , uz])
   76 :         + int1d(Th, srcl) (polx * vx + polz * vz)
   77 :         + on(bl, uy = 0);
   78 :
   79 : /** Mixed (scalar E||z and vector E||xy) function space. */
   80 : fespace Vmh(Th, [RT1Ortho, P2]);
   81 : fespace Vh(Th, [P1, P1, P1]);
   82 : fespace Sh(Th, P2);
   83 :
   84 : /** Auxiliary scalar field. */
   85 : Sh aux;
   86 :
   87 : /**
   88 :  * Mixed polarization.
   89 :  */
   90 :
   91 : /** Unknown field. */
   92 : Vmh<complex> [Ex, Ey, Ez];
   93 :
   94 : /** Solve dynamic linear system. */
   95 : {
   96 :         matrix<complex> A = dynamicboth(Vmh, Vmh);
   97 :         complex[int] b = dynamicboth(0, Vmh);
   98 :         Ex[] = A^-1 * b;
   99 : }
  100 :
  101 : /** Magnetic field. */
  102 : Vh<complex> [Hx, Hy, Hz] =
  103 :     [-1i / k * dy(Ez), 1i / k * dx(Ez), -1i / k * (dx(Ey) - dy(Ex))];
  104 :
  105 : /** Output dynamic results. */
  106 : plot(Ez, value = true, fill = true, wait = true);
  107 : plot(Hz, value = true, fill = true, wait = true);
  108 :
  109 : /** Find the amplitude of the waves. */
  110 : aux = abs(Ez);
  111 : real am = aux[].max;
  112 : real step = am / 20;
  113 :
  114 : /** Visualize the wave. */
  115 : //real[int] viso = -(am + step):step:(am + step);
  116 : for (int i = 0; i < -nanim; i++) {
  117 :         aux = real(Ez) * cos(2 * pi * i / nanim) +
  118 :             imag(Ez) * sin(2 * pi * i / nanim);
  119 : //      plot(aux, value = true, fill = true, viso = viso, dim = 2);
  120 : }
  121 :
  122 : /** Calculate transmittance (and reflectance) spectrum. */
  123 : complex a1, a2, a3, factor, r, t;       // Complex amplitudes and factor.
  124 : int order = 0, order2 = 0;              // Phase unfolding
  125 : real phase, oldval = 0, oldval2 = 0;    // variables.
  126 :
  127 : cout << "# a = " << a * 1e4 << " um" << endl;
  128 : cout << "# sigma0 = " << sigma0 << ", gamma = " << gamma << " cm^-1" << endl;
  129 : cout << "# sigmagate = " << sigmagate << endl;
  130 : cout << "# n = " << 1.655603e12 * sigma0 / (abs(kcr1) * tau) <<
  131 :     " 1/cm^2, mu = " << abs(kcr1) * tau << " m^2/Vs" << endl;
  132 : cout << "# epsilon = " << dieleps << ", kcr1 = " << kcr1 << " 1/T" << endl;
  133 : cout << "# d = " << d << ", kcr = " << kcr << ", k = " << k << endl;
  134 : cout << "# polx = " << polx << ", polz = " << polz << endl;
  135 : cout << "# k    |t_e|^2 arg(t_e)        |t_m|^2 arg(t_m)" << endl;
  136 : //for (kcr = -1.005; kcr < 1.0; kcr += 0.005) {
  137 : for (k = 0.001; k < 0.4; k += 0.001) {
  138 :         /** Solve both polarizations. */
  139 :         {
  140 :                 matrix<complex> A = dynamicboth(Vmh, Vmh);
  141 :                 complex[int] b = dynamicboth(0, Vmh);
  142 :                 Ex[] = A^-1 * b;
  143 :         }
  144 :
  145 :         /** Decomposition into incident, reflected and transmitted waves. */
  146 :         a1 = int1d(Th, m1) (0*polx * Ex + polz * Ez);
  147 :         a2 = int1d(Th, m2) (0*polx * Ex + polz * Ez);
  148 :         a3 = int1d(Th, m3) (0*polx * Ex + polz * Ez);
  149 :         factor = exp(-1i * k * (y2 - y1));
  150 :         r = exp(1i * k * (y1 + y2)) * (a1 - a2 * factor) / (a2 - a1 * factor);
  151 :         t = 2i * exp(1i * k * (y1 - y3)) *
  152 :             sin(k * (y2 - y1)) * a3 / (a2 - a1 * factor);
  153 :
  154 :         /** Unfold phase. */
  155 :         phase = arg(t);
  156 :         if ((oldval > 0) && (phase < 0) && (abs(oldval - phase) > pi))
  157 :                 order++;
  158 :         if ((oldval < 0) && (phase > 0) && (abs(oldval - phase) > pi))
  159 :                 order--;
  160 :         oldval = phase;
  161 :
  162 :         cout << k << "  " << abs(t)^2 << "      " <<
  163 :             phase + 2 * pi * order << " ";
  164 :
  165 :         /** Decomposition into incident, reflected and transmitted waves. */
  166 :         a1 = int1d(Th, m1) (polx * Ex + 0*polz * Ez);
  167 :         a2 = int1d(Th, m2) (polx * Ex + 0*polz * Ez);
  168 :         a3 = int1d(Th, m3) (polx * Ex + 0*polz * Ez);
  169 :         factor = exp(-1i * k * (y2 - y1));
  170 :         r = exp(1i * k * (y1 + y2)) * (a1 - a2 * factor) / (a2 - a1 * factor);
  171 :         t = 2i * exp(1i * k * (y1 - y3)) *
  172 :             sin(k * (y2 - y1)) * a3 / (a2 - a1 * factor);
  173 :
  174 :         /** Unfold phase. */
  175 :         phase = arg(t);
  176 :         if ((oldval2 > 0) && (phase < 0) && (abs(oldval2 - phase) > pi))
  177 :                 order2++;
  178 :         if ((oldval2 < 0) && (phase > 0) && (abs(oldval2 - phase) > pi))
  179 :                 order2--;
  180 :         oldval2 = phase;
  181 :
  182 :         cout << abs(t)^2 << "   " <<
  183 :             phase + 2 * pi * order2 << endl;
  184 : }
  185 :  sizestack + 1024 =46264  ( 45240 )
 
Labels: 10
          1       2       3       4       5
          6       7       8       9      10
 
Area = 48.25
m1 = -4, m2 = -2, m3 = 91, d = 89.25
# a = 8 um
# sigma0 = 5, gamma = 2.26 cm^-1
# sigmagate = 500
# n = 1.4731e+12 1/cm^2, mu = 5.61947 m^2/Vs
# epsilon = (12,0), kcr1 = -0.0638372 1/T
# d = 89.25, kcr = -0, k = 0.0494607
# polx = (0,1), polz = (1,0)
# k     |t_e|^2 arg(t_e)        |t_m|^2 arg(t_m)
0.001   2.55898e-05     -0.00034607     0.0872193       0.0862378
0.002   3.3811e-05      0.0183934       0.104975        0.207969
0.003   5.64338e-05     0.0925251       0.134672        0.401462
0.004   0.000126494     0.328425        0.162552        0.681006
0.005   0.000266396     1.01465 0.162575        0.991769
0.006   0.000147755     1.78234 0.13998 1.24634
0.007   6.33453e-05     2.06659 0.119653        1.42146
0.008   3.6459e-05      2.15675 0.111335        1.54441
0.009   2.67693e-05     2.18193 0.116538        1.6498
0.01    2.38728e-05     2.1842  0.137744        1.77014
0.011   2.54086e-05     2.18387 0.1801  1.94032
0.012   3.25615e-05     2.19907 0.242471        2.19614
0.013   5.22013e-05     2.2614  0.289384        2.53968
0.014   0.000111654     2.45867 0.274074        2.8906
0.015   0.000259727     3.05665 0.226115        3.16185
0.016   0.000176155     3.88852 0.189545        3.34823
0.017   7.29757e-05     4.23127 0.174659        3.48381
0.018   4.0145e-05      4.34058 0.181371        3.60263
0.019   2.84757e-05     4.37311 0.212841        3.73564
0.02    2.46673e-05     4.37818 0.277531        3.91736
0.021   2.55259e-05     4.37783 0.376206        4.18707
0.022   3.17009e-05     4.38968 0.452827        4.55476
0.023   4.88358e-05     4.44157 0.421507        4.93762
0.024   9.94304e-05     4.6064  0.332809        5.23371
0.025   0.000243278     5.11677 0.265179        5.43431
0.026   0.000208842     5.98531 0.232606        5.57648
0.027   8.48604e-05     6.39666 0.230554        5.69572
0.028   4.45255e-05     6.52828 0.259353        5.82217
0.029   3.04606e-05     6.56894 0.32793 5.98836
0.03    2.56117e-05     6.57704 0.444785        6.23482
0.031   2.57667e-05     6.57682 0.564021        6.59008
0.032   3.10325e-05     6.58571 0.555668        6.9968
0.033   4.60123e-05     6.62858 0.436917        7.33208
0.034   8.91907e-05     6.76636 0.332593        7.55992
0.035   0.000220915     7.19618 0.275625        7.7153
0.036   0.000243494     8.06891 0.258022        7.83729
0.037   9.94505e-05     8.55909 0.27495 7.95724
0.038   4.96982e-05     8.71723 0.332061        8.10611
0.039   3.27379e-05     8.76722 0.441308        8.32275
0.04    2.66987e-05     8.77878 0.581294        8.64721
0.041   2.61131e-05     8.77898 0.621278        9.05804
0.042   3.05191e-05     8.78538 0.504423        9.43125
0.043   4.36221e-05     8.82049 0.373357        9.69267
0.044   8.06017e-05     8.93568 0.294538        9.86686
0.045   0.000196718     9.29495 0.261846        9.99682
0.046   0.000275902     10.1389 0.265704        10.1174
0.047   0.000117369     10.716  0.30707 10.2609
0.048   5.58328e-05     10.9059 0.394321        10.4662
0.049   3.53543e-05     10.9667 0.512239        10.7769
0.05    2.79434e-05     10.9823 0.551094        11.1835
0.051   2.65681e-05     10.9833 0.445044        11.5659
0.052   3.01501e-05     10.9876 0.320766        11.836
0.053   4.16042e-05     11.0161 0.245046        12.0138
0.054   7.34046e-05     11.1124 0.211626        12.1455
0.055   0.000173505     11.4117 0.209604        12.2706
0.056   0.000300317     12.198  0.236231        12.4279
0.057   0.000139357     12.8649 0.288126        12.664
0.058   6.31672e-05     13.0931 0.325664        13.0106
0.059   3.83796e-05     13.1666 0.27871 13.3975
0.06    2.93725e-05     13.1869 0.19132 13.6889
0.061   2.71432e-05     13.1891 0.131399        13.8582
0.062   2.99238e-05     13.1919 0.101946        13.9505
0.063   3.99164e-05     13.2147 0.092982        14.0136
0.064   6.73798e-05     13.295  0.100168        14.0953
0.065   0.000152704     13.5442 0.121088        14.253
0.066   0.000311444     14.2526 0.137233        14.5194
0.067   0.000166145     15.0037 0.120871        14.8023
0.068   7.20102e-05     15.278  0.0939478       14.9797
0.069   4.19018e-05     15.3665 0.0797026       15.0612
0.07    3.10184e-05     15.3923 0.0798329       15.1043
0.071   2.7852e-05      15.396  0.0950907       15.157
0.072   2.98402e-05     15.3977 0.13233 15.2632
0.073   3.85235e-05     15.4157 0.202159        15.4747
0.074   6.23378e-05     15.4825 0.281656        15.827
0.075   0.000134769     15.6901 0.28357 16.2312
0.076   0.000307221     16.3103 0.225853        16.5347
0.077   0.000198186     17.1299 0.181212        16.7218
0.078   8.27547e-05     17.4597 0.163109        16.8436
0.079   4.60286e-05     17.5658 0.16882 16.9433
0.08    3.29183e-05     17.598  0.201355        17.0551
0.081   2.8709e-05      17.6039 0.273728        17.2169
0.082   2.98995e-05     17.6048 0.400183        17.4788
0.083   3.73952e-05     17.6188 0.522507        17.8729
0.084   5.81189e-05     17.6743 0.488673        18.3044
0.085   0.000119627     17.8474 0.364505        18.6255
0.086   0.000289944     18.3787 0.275022        18.8267
0.087   0.000235154     19.2416 0.232369        18.9587
0.088   9.58986e-05     19.6371 0.224889        19.0628
0.089   5.0893e-05      19.7643 0.249919        19.17
0.09    3.51156e-05     19.804  0.317364        19.3121
0.091   2.97304e-05     19.8124 0.446498        19.5323
0.092   3.01032e-05     19.8132 0.615403        19.8778
0.093   3.65065e-05     19.8237 0.652621        20.3166
0.094   5.45911e-05     19.8695 0.50804 20.6949
0.095   0.000106976     20.0141 0.366873        20.9434
0.096   0.000264646     20.4626 0.287897        21.1014
0.097   0.000275179     21.3373 0.256774        21.2152
0.098   0.000112065     21.8091 0.262214        21.3178
0.099   5.6662e-05      21.9615 0.306223        21.4379
0.1     3.76624e-05     22.0101 0.403896        21.6102
0.101   3.0935e-05      22.0216 0.566267        21.8815
0.102   3.04541e-05     22.0225 0.703975        22.2773
0.103   3.58368e-05     22.0302 0.636147        22.7031
0.104   5.16468e-05     22.0678 0.4655  23.0227
0.105   9.64529e-05     22.1887 0.344312        23.2278
0.106   0.000236447     22.5641 0.283711        23.3659
0.107   0.0003141       23.4173 0.26639 23.4767
0.108   0.000132014     23.9743 0.28551 23.5906
0.109   6.35461e-05     24.1571 0.346658        23.7382
0.11    4.06213e-05     24.2159 0.460628        23.9588
0.111   3.23451e-05     24.2312 0.596988        24.2903
0.112   3.0957e-05      24.2327 0.616853        24.7007
0.113   3.53699e-05     24.2381 0.488691        25.0628
0.114   4.91988e-05     24.2687 0.359427        25.3141
0.115   8.77077e-05     24.3698 0.283548        25.4848
0.116   0.000208963     24.6827 0.251279        25.6189
0.117   0.000345559     25.4845 0.250866        25.7523
0.118   0.00015662      26.131  0.276038        25.9175
0.119   7.18134e-05     26.3504 0.315105        26.1425
0.12    4.40694e-05     26.4215 0.334435        26.4281
0.121   3.3987e-05      26.4412 0.304929        26.7191
0.122   3.16188e-05     26.4436 0.254047        26.9522
0.123   3.50934e-05     26.4474 0.218774        27.1232
0.124   4.71769e-05     26.472  0.207823        27.2713
0.125   8.04344e-05     26.5564 0.213671        27.441
0.126   0.000184106     26.817  0.21816 27.6483
0.127   0.00036293      27.5447 0.206929        27.8585
0.128   0.00018678      28.2775 0.189925        28.028
0.129   8.18065e-05     28.541  0.184189        28.1544
0.13    4.81015e-05     28.6264 0.199481        28.2645
0.131   3.58927e-05     28.6514 0.24523 28.3949
0.132   3.2449e-05      28.6553 0.334671        28.589
0.133   3.49986e-05     28.6577 0.458188        28.8916
0.134   4.5525e-05      28.6773 0.512543        29.2871
0.135   7.43767e-05     28.7477 0.432011        29.6504
0.136   0.000162557     28.9647 0.329007        29.9012
0.137   0.000362598     29.6059 0.266325        30.0624
0.138   0.000223156     30.4116 0.242823        30.1771
0.139   9.39636e-05     30.7282 0.25289 30.2791
0.14    5.2836e-05      30.8305 0.301438        30.3982
0.141   3.81008e-05     30.8617 0.406743        30.5712
0.142   3.34599e-05     30.8675 0.58306 30.8484
0.143   3.50801e-05     30.8691 0.72912 31.2561
0.144   4.41979e-05     30.8844 0.646653        31.6872
0.145   6.93253e-05     30.9429 0.465267        32.0001
0.146   0.000144304     31.124  0.342297        32.1945
0.147   0.000346008     31.6757 0.282308        32.3212
0.148   0.000265668     32.5312 0.266141        32.4192
0.149   0.000108844     32.911  0.287489        32.5171
0.15    5.84207e-05     33.0336 0.355279        32.6436
0.151   4.06584e-05     33.072  0.493169        32.8384
0.152   3.46673e-05     33.0802 0.701422        33.154
0.153   3.53357e-05     33.0814 0.805408        33.5915
0.154   4.31601e-05     33.0932 0.648454        34.0048
0.155   6.51116e-05     33.1416 0.453994        34.2832
0.156   0.000129026     33.2928 0.338073        34.4545
0.157   0.000318485     33.76   0.285123        34.5697
0.158   0.000312642     34.6348 0.275232        34.6642
0.159   0.000127152     35.0885 0.304196        34.7653
0.16    6.50424e-05     35.2352 0.383422        34.9026
0.161   4.36228e-05     35.2821 0.535794        35.1186
0.162   3.60906e-05     35.2933 0.736376        35.4619
0.163   3.57661e-05     35.2946 0.777399        35.9043
0.164   4.23837e-05     35.3033 0.594657        36.2883
0.165   6.16003e-05     35.3432 0.418608        36.5398
0.166   0.000116304     35.4697 0.3195  36.6986
0.167   0.000286175     35.8613 0.276549        36.8123
0.168   0.000359853     36.7223 0.272764        36.9146
0.169   0.000149756     37.2593 0.304641        37.0335
0.17    7.29376e-05     37.4351 0.377415        37.1998
0.171   4.70641e-05     37.4919 0.487058        37.4472
0.172   3.77538e-05     37.5068 0.571387        37.7836
0.173   3.6375e-05      37.5085 0.540681        38.1421
0.174   4.18469e-05     37.5148 0.439775        38.4375
0.175   5.86832e-05     37.5474 0.35262 38.6585
0.176   0.000105724     37.6532 0.296822        38.8325
0.177   0.000253784     37.9799 0.26474 38.9794
0.178   0.000400279     38.7959 0.251725        39.1068
0.179   0.000177675     39.422  0.259984        39.2232
0.18    8.2408e-05      39.6328 0.297838        39.346
0.181   5.10691e-05     39.7013 0.381199        39.5053
0.182   3.96864e-05     39.7204 0.52636 39.745
0.183   3.71693e-05     39.723  0.682181        40.1021
0.184   4.15338e-05     39.7275 0.670915        40.5203
0.185   5.62742e-05     39.7538 0.51144 40.8599
0.186   9.69191e-05     39.8422 0.375721        41.0806
0.187   0.000223997     40.1144 0.301782        41.2219
0.188   0.000425801     40.8608 0.274754        41.3245
0.189   0.000211992     41.5747 0.285724        41.4183
0.19    9.38391e-05     41.8277 0.339988        41.5304
0.191   5.57448e-05     41.91   0.45937 41.696
0.192   4.19243e-05     41.9342 0.66626 41.9666
0.193   3.8159e-05      41.9381 0.852517        42.3772
0.194   4.14331e-05     41.9412 0.759226        42.8239
0.195   5.43044e-05     41.9623 0.533603        43.1486
0.196   8.95818e-05     42.0361 0.380959        43.3464
0.197   0.000197911     42.2629 0.305186        43.4713
0.198   0.000430916     42.9246 0.279701        43.5639
0.199   0.000253609     43.7153 0.293803        43.6523
0.2     0.000107725     44.0193 0.353774        43.7627
0.201   6.12249e-05     44.1179 0.484118        43.931
0.202   4.45109e-05     44.148  0.707799        44.2108
0.203   3.93578e-05     44.1537 0.893484        44.6345
0.204   4.15375e-05     44.1559 0.770587        45.0829
0.205   5.27192e-05     44.1725 0.531933        45.3993
0.206   8.34587e-05     44.2339 0.37844 45.5895
0.207   0.000175677     44.4231 0.303722        45.7097
0.208   0.000415842     44.9954 0.279273        45.8
0.209   0.000302717     45.8418 0.294368        45.8877
0.21    0.000124697     46.2066 0.355419        45.9994
0.211   6.76765e-05     46.3246 0.486221        46.1713
0.212   4.74996e-05     46.3617 0.704091        46.4564
0.213   4.07833e-05     46.3697 0.86818 46.8802
0.214   4.18438e-05     46.3714 0.737325        47.3179
0.215   5.14756e-05     46.3842 0.511432        47.6244
0.216   7.83454e-05     46.4352 0.367651        47.811
0.217   0.000156995     46.5932 0.297289        47.9321
0.218   0.000386039     47.0794 0.273502        48.0261
0.219   0.000357877     47.9526 0.285245        48.1182
0.22    0.000145552     48.3887 0.335981        48.2304
0.221   7.53102e-05     48.5299 0.443729        48.3908
0.222   5.09553e-05     48.5752 0.629815        48.6435
0.223   4.24574e-05     48.586  0.82011 49.0265
0.224   4.23525e-05     48.5876 0.774437        49.4672
0.225   5.05395e-05     48.5974 0.560654        49.8091
0.226   7.40782e-05     48.6394 0.398058        50.0224
0.227   0.000141399     48.7716 0.31283 50.1555
0.228   0.000348839     49.18   0.280124        50.2501
0.229   0.000414845     50.047  0.287114        50.3352
0.23    0.000171281     50.5645 0.337419        50.4363
0.231   8.43929e-05     50.7335 0.453206        50.5861
0.232   5.49576e-05     50.7883 0.667501        50.8363
0.233   4.44074e-05     50.8026 0.902668        51.2364
0.234   4.30674e-05     50.8045 0.844283        51.7043
0.235   4.98851e-05     50.8118 0.588456        52.0558
0.236   7.05259e-05     50.8463 0.406963        52.2665
0.237   0.000128408     50.9568 0.315459        52.3947
0.238   0.000310341     51.2979 0.280401        52.4849
0.239   0.000465952     52.1266 0.286144        52.566
0.24    0.000203063     52.7323 0.335431        52.6631
0.241   9.5264e-05      52.9349 0.450522        52.8084
0.242   5.96046e-05     53.0009 0.667383        53.0535
0.243   4.66668e-05     53.0193 0.916403        53.452
0.244   4.39961e-05     53.022  0.866969        53.9268
0.245   4.94927e-05     53.0273 0.60138 54.2854
0.246   6.75838e-05     53.0553 0.411898        54.499
0.247   0.000117582     53.1478 0.316505        54.6275
0.248   0.000274284     53.432  0.279233        54.7168
0.249   0.000501484     54.1961 0.283041        54.7961
0.25    0.000242185     54.8905 0.329746        54.8903
0.251   0.000108358     55.1336 0.440743        55.0309
0.252   6.50176e-05     55.2129 0.653284        55.2686
0.253   4.92761e-05     55.2361 0.910964        55.66
0.254   4.51498e-05     55.24   0.881529        56.1384
0.255   4.93486e-05     55.2438 0.614281        56.5064
0.256   6.51686e-05     55.2663 0.417812        56.726
0.257   0.00010855      55.3436 0.318109        56.857
0.258   0.00024236      55.5805 0.278071        56.9469
0.259   0.000513714     56.2625 0.279323        57.0251
0.26    0.000289812     57.0371 0.322576        57.1163
0.261   0.000124229     57.3289 0.428079        57.2511
0.262   7.13472e-05     57.4239 0.634543        57.4791
0.263   5.22848e-05     57.4529 0.903093        57.8609
0.264   4.65439e-05     57.4585 0.902135        58.3441
0.265   4.94437e-05     57.4612 0.632535        58.7256
0.266   6.32138e-05     57.4791 0.42586 58.9532
0.267   0.000101003     57.5435 0.320315        59.0874
0.268   0.000214974     57.7411 0.276962        59.1776
0.269   0.000501158     58.334  0.27552 59.2546
0.27    0.00034644      59.17   0.315377        59.3429
0.271   0.000143588     59.5202 0.415446        59.4725
0.272   7.8782e-05      59.6338 0.614812        59.6917
0.273   5.57532e-05     59.6695 0.889092        60.0637
0.274   4.81983e-05     59.6773 0.914943        60.5494
0.275   4.97738e-05     59.6793 0.647019        60.943
0.276   6.16669e-05     59.6933 0.432147        61.1786
0.277   9.46901e-05     59.7469 0.321528        61.3162
0.278   0.000191873     59.9119 0.27514 61.4074
0.279   0.000469135     60.4174 0.27102 61.4838
0.28    0.000410907     61.2873 0.307165        61.5701
0.281   0.000167335     61.7064 0.400539        61.6954
0.282   8.75589e-05     61.8423 0.588218        61.906
0.283   5.97548e-05     61.8859 0.85753 62.2644
0.284   5.01379e-05     61.8963 0.913082        62.7451
0.285   5.03387e-05     61.8982 0.660481        63.1495
0.286   6.04865e-05     61.909  0.440938        63.3961
0.287   8.94114e-05     61.9533 0.324986        63.5403
0.288   0.000172543     62.0913 0.274794        63.6346
0.289   0.000426244     62.5169 0.267274        63.7112
0.29    0.000479027     63.3882 0.299122        63.7949
0.291   0.000196592     63.8865 0.385817        63.9138
0.292   9.79775e-05     64.049  0.564886        64.1129
0.293   6.43796e-05     64.1018 0.840994        64.4579
0.294   5.23934e-05     64.1156 0.934599        64.9417
0.295   5.11424e-05     64.1177 0.684416        65.3642
0.296   5.96406e-05     64.1258 0.450875        65.6223
0.297   8.50051e-05     64.1622 0.327116        65.7705
0.298   0.000156416     64.2777 0.273014        65.8654
0.299   0.000380303     64.6336 0.262682        65.9413
0.3     0.000542549     65.4736 0.291114        66.0231
0.301   0.000232708     66.059  0.371888        66.1388
0.302   0.000110419     66.2536 0.539638        66.3321
0.303   6.97381e-05     66.3172 0.801926        66.667
0.304   5.50025e-05     66.3349 0.906553        67.1423
0.305   5.2193e-05      66.3377 0.677094        67.567
0.306   5.91052e-05     66.3437 0.449177        67.8307
0.307   8.13424e-05     66.3734 0.32584 67.9839
0.308   0.000142965     66.4701 0.270683        68.0831
0.309   0.000336434     66.7668 0.257815        68.1623
0.31    0.000590124     67.5476 0.280985        68.2446
0.311   0.000277197     68.2221 0.351033        68.355
0.312   0.000125368     68.4556 0.499302        68.5315
0.313   7.59667e-05     68.5319 0.751407        68.8357
0.314   5.80111e-05     68.5543 0.922   69.2946
0.315   5.3503e-05      68.5582 0.735261        69.7478
0.316   5.88628e-05     68.5625 0.486116        70.0427
0.317   7.83203e-05     68.5865 0.343065        70.2119
0.318   0.00013173      68.6674 0.277044        70.3161
0.319   0.000297156     68.9146 0.257928        70.3939
0.32    0.000611481     69.6165 0.276695        70.4712
0.321   0.000331505     70.3741 0.342679        70.5743
0.322   0.000143448     70.6542 0.487369        70.742
0.323   8.32348e-05     70.7457 0.744094        71.0378
0.324   6.14751e-05     70.7736 0.938772        71.4988
0.325   5.50894e-05     70.779  0.754521        71.9654
0.326   5.89019e-05     70.7822 0.492578        72.2687
0.327   7.58567e-05     70.8014 0.342886        72.4403
0.328   0.000122334     70.8689 0.273852        72.5447
0.329   0.000263242     71.0751 0.252476        72.6219
0.33    0.000602881     71.6887 0.267933        72.6985
0.331   0.000396466     72.5128 0.32689 72.7997
0.332   0.000165451     72.849  0.454843        72.9607
0.333   9.17535e-05     72.9583 0.680911        73.2366
0.334   6.54622e-05     72.9927 0.884148        73.6662
0.335   5.69743e-05     73.0002 0.766219        74.1306
0.336   5.92162e-05     73.0026 0.518191        74.4567
0.337   7.38863e-05     73.0177 0.359726        74.6479
0.338   0.000114464     73.0739 0.2824  74.7637
0.339   0.000234528     73.2461 0.254761        74.8455
0.34    0.000569063     73.7714 0.264423        74.9205
0.341   0.000471261     74.6361 0.316612        75.0134
0.342   0.000192387     75.0388 0.43754 75.1586
0.343   0.000101788     75.1695 0.671023        75.4142
0.344   7.0055e-05      75.2114 0.931813        75.8413
0.345   5.91856e-05     75.2215 0.837613        76.3371
0.346   5.98046e-05     75.2237 0.552509        76.6874
0.347   7.23577e-05     75.2354 0.37148 76.8855
0.348   0.000107871     75.2819 0.284962        77.0009
0.349   0.000210454     75.426  0.252892        77.0799
0.35    0.000519873     75.8693 0.259161        77.1509
0.351   0.000551848     76.7431 0.307018        77.2384
0.352   0.000225518     77.2227 0.420939        77.3755
0.353   0.000113673     77.379  0.646652        77.6185
0.354   7.53545e-05     77.4298 0.923069        78.0346
0.355   6.17576e-05     77.443  0.859708        78.5386
0.356   6.06707e-05     77.4453 0.568694        78.9039
0.357   7.12307e-05     77.4542 0.377763        79.1099
0.358   0.000102353     77.4926 0.285939        79.2286
0.359   0.000190348     77.6132 0.250518        79.3084
0.36    0.00046516      77.9843 0.253351        79.3783
0.361   0.000629523     78.8342 0.295864        79.4621
0.362   0.000266377     79.3993 0.399956        79.5907
0.363   0.000127833     79.5863 0.611498        79.8171
0.364   8.14844e-05     79.6476 0.901668        80.2132
0.365   6.47326e-05     79.6645 0.892182        80.7235
0.366   6.18228e-05     79.6674 0.599017        81.1126
0.367   7.04749e-05     79.674  0.391886        81.3335
0.368   9.7751e-05      79.7055 0.290819        81.4584
0.369   0.000173566     79.8064 0.250166        81.5396
0.37    0.000411826     80.116  0.248907        81.6077
0.371   0.000691328     80.9125 0.286506        81.687
0.372   0.000316713     81.5669 0.382795        81.8072
0.373   0.000144808     81.7911 0.583773        82.0196
0.374   8.85973e-05     81.8646 0.884306        82.3996
0.375   6.81619e-05     81.8861 0.920252        82.9151
0.376   6.3274e-05      81.8899 0.624962        83.3249
0.377   7.00677e-05     81.8948 0.402981        83.5581
0.378   9.39344e-05     81.9203 0.293906        83.688
0.379   0.000159544     82.0048 0.248852        83.7703
0.38    0.00036351      82.2628 0.244005        83.8373
0.381   0.000724192     82.984  0.276927        83.9129
0.382   0.000378278     83.7237 0.365142        84.0259
0.383   0.00016529      83.9926 0.553061        84.2248
0.384   9.68819e-05     84.0807 0.855046        84.5862
0.385   7.21078e-05     84.1074 0.939232        85.1017
0.386   6.50431e-05     84.1127 0.651012        85.5323
0.387   6.99938e-05     84.1164 0.414929        85.7798
0.388   9.08009e-05     84.1368 0.297497        85.9159
0.389   0.000147807     84.2074 0.247853        86.0002
0.39    0.000321515     84.4226 0.239376        86.0665
0.391   0.000721508     85.0568 0.267671        86.139
0.392   0.000452281     85.8677 0.347861        86.2453
0.393   0.000190161     86.1904 0.521792        86.4312
0.394   0.000106574     86.2956 0.819062        86.7725
0.395   7.6646e-05      86.3286 0.952014        87.2832
0.396   6.71541e-05     86.3358 0.679462        87.7348
0.397   7.02441e-05     86.3386 0.429103        87.9989
0.398   8.82684e-05     86.3548 0.302344        88.1426
0.399   0.000137969     86.4137 0.247634        88.2297
 try getConsole D:\Solid_State_Specroscopy_Group\FreeFEM_plasmon_crystal\FreeFEM_plasmon_crystal\stripes\magnetodynamic_screened.edp
